nohup: ignoring input
Regenerating dataset.
	Done.
Loading existence torch dataset.
	choice channels ['0', '1', '2', '3', '4', '5', '6', '7', '8', '9', '10', '11', '12', '13', '14', '15', '16', '17', '18', '19', '20', '21', '22', '23', '24', '25', '26', '27', '28', '29', '30', '31', '32', '33', '34', '35', '36', '37', '38', '39', '40', '41', '42', '43', '44', '45', '46', '47', '48', '49', '50', '51', '52', '53', '54', '55', '56', '57', '58', '59', '60', '61', '62', '63', '64', '65', '66', '67', '68', '69', '70', '71', '72', '73', '74', '75', '76', '77', '78', '79', '80', '81', '82', '83', '84', '85', '86', '87', '88', '89', '90', '91', '92', '93', '94', '95', '96', '97', '98', '99', '100', '101', '102', '103', '104', '105', '106', '107', '108', '109', '110', '111', '112', '113', '114', '115', '116', '117', '118', '119', '120', '121', '122', '123', '124', '125', '126', '127', '128', '129', '130', '131', '132', '133', '134', '135', '136', '137', '138', '139', '140', '141', '142', '143', '144', '145', '146', '147', '148', '149', '150', '151', '152', '153', '154', '155', '156', '157', '158', '159', '160', '161', '162', '163', '164', '165', '166', '167', '168', '169', '170', '171', '172', '173', '174', '175', '176', '177', '178', '179', '180', '181', '182', '183', '184', '185', '186', '187', '188', '189', '190', '191', '192', '193', '194', '195', '196', '197', '198', '199', '200', '201', '202', '203', '204', '205', '206', '207', '208', '209', '210', '211', '212', '213', '214', '215', '216', '217', '218', '219', '220', '221', '222', '223', '224', '225', '226', '227', '228', '229', '230', '231', '232', '233', '234', '235', '236', '237', '238', '239', '240', '241', '242', '243', '244', '245', '246', '247', '248', '249', '250', '251', '252', '253', '254', '255', '256', '257', '258', '259', '260', '261', '262', '263', '264', '265', '266', '267', '268', '269', '270', '271', '272', '273', '274', '275', '276', '277', '278', '279', '280', '281', '282', '283', '284', '285', '286', '287', '288', '289', '290', '291', '292', '293', '294', '295', '296', '297', '298', '299', '300', '301', '302', '303', '304', '305', '306', '307', '308', '309', '310', '311', '312', '313', '314', '315', '316', '317', '318', '319', '320', '321', '322', '323', '324', '325', '326', '327', '328', '329', '330', '331', '332', '333', '334', '335', '336', '337', '338', '339', '340', '341', '342', '343', '344', '345', '346', '347', '348', '349', '350', '351', '352', '353', '354', '355', '356', '357', '358', '359', '360', '361', '362', '363', '364', '365', '366', '367', '368', '369', '370', '371', '372', '373', '374', '375', '376', '377', '378', '379', '380', '381', '382', '383', '384', '385', '386', '387', '388', '389', '390', '391', '392', '393', '394', '395', '396', '397', '398', '399', '400', '401', '402', '403', '404', '405', '406', '407', '408', '409', '410', '411', '412', '413', '414', '415', '416', '417', '418', '419', '420', '421', '422', '423', '424', '425', '426', '427', '428', '429', '430', '431', '432', '433', '434', '435', '436', '437', '438', '439', '440', '441', '442', '443', '444', '445', '446', '447', '448', '449', '450', '451', '452', '453', '454', '455', '456', '457', '458', '459', '460', '461', '462', '463', '464', '465', '466', '467', '468', '469', '470', '471', '472', '473', '474', '475', '476', '477', '478', '479', '480', '481', '482', '483', '484', '485', '486', '487', '488', '489', '490', '491', '492', '493', '494', '495', '496', '497', '498', '499', '500', '501', '502', '503', '504', '505', '506', '507', '508', '509', '510', '511', '512', '513', '514', '515', '516', '517', '518', '519', '520', '521', '522', '523', '524', '525', '526', '527', '528', '529', '530', '531', '532', '533', '534', '535', '536', '537', '538', '539', '540', '541', '542', '543', '544', '545', '546', '547', '548', '549', '550', '551', '552', '553', '554', '555', '556', '557', '558', '559', '560', '561', '562', '563', '564', '565', '566', '567', '568', '569', '570', '571', '572', '573', '574', '575', '576', '577', '578', '579', '580', '581', '582', '583', '584', '585', '586', '587', '588', '589', '590', '591', '592', '593', '594', '595', '596', '597', '598', '599', '600', '601', '602', '603', '604', '605', '606', '607', '608', '609', '610', '611', '612', '613', '614', '615', '616', '617', '618', '619', '620', '621', '622', '623', '624', '625', '626', '627', '628', '629', '630', '631', '632', '633', '634', '635', '636', '637', '638', '639', '640', '641', '642', '643', '644', '645', '646', '647', '648', '649', '650', '651', '652', '653', '654', '655', '656', '657', '658', '659', '660', '661', '662', '663', '664', '665', '666', '667', '668', '669', '670', '671', '672', '673', '674', '675', '676', '677', '678', '679', '680', '681', '682', '683', '684', '685', '686', '687', '688', '689', '690', '691', '692', '693', '694', '695', '696', '697', '698', '699', '700', '701', '702', '703', '704', '705', '706', '707', '708', '709', '710', '711', '712', '713', '714', '715', '716', '717', '718', '719', '720', '721', '722', '723', '724', '725', '726', '727', '728', '729', '730', '731', '732', '733', '734', '735', '736', '737', '738', '739', '740', '741', '742', '743', '744', '745', '746', '747', '748', '749', '750', '751', '752', '753', '754', '755', '756', '757', '758', '759', '760', '761', '762', '763', '764', '765', '766', '767', '768', '769', '770', '771', '772', '773', '774', '775', '776', '777', '778', '779', '780', '781', '782', '783', '784', '785', '786', '787', '788', '789', '790', '791', '792', '793', '794', '795', '796', '797', '798', '799', '800', '801', '802', '803', '804', '805', '806', '807', '808', '809', '810', '811', '812', '813', '814', '815', '816', '817', '818', '819', '820', '821', '822', '823', '824', '825', '826', '827', '828', '829', '830', '831', '832', '833', '834', '835', '836', '837', '838', '839', '840', '841', '842', '843', '844', '845', '846', '847', '848', '849', '850', '851', '852', '853', '854', '855', '856', '857', '858', '859', '860', 'OT']
	train: 12144
	vali : 1392
	test : 3072
dca-asffn

Experiment Start at <2024-10-12_12:41:16>
	PID: <1850219>
	Notes: <None>

Envs Setting:
    loss: "l1";      dataset_prob: "[0.7, 0.1, 0.2]";      data_scale: "True";  
    date_scale: "True";      c_out: "862";      regen_dataset: "True";  
    check_dataloader: "False";      muti_process: "False";      seed: "42";      device: "cuda:1";  
    dtype: "torch.float32";      adjust_lr: "False";      save_best_model: "True";  
    load_best_model: "False";      inp_len: "96";      pred_len: "192";      epochs: "42";  
    batch_size: "32";      optimizer: "amam";      learning_rate: "0.0001";  
    weight_decay: "0";      dropout: "0.3";      c_in: "862";  
Model Setting:
    name: "vtitg-asffn";      adp_dim: "10";      layers: "2";      order: "2";      dilation: "1";  
    kernel_size: "3";      dropout: "0.5";      share: "False";      use_update: "False";  
    use_guide: "True";      use_mav: "False";      c_date: "5";      n_nodes: "1";  
    c_in: "862";      c_out: "862";      device: "cuda:1";      inp_len: "96";  
Dataset Setting:
    name: "traffic";      channels: "862";      n_nodes: "1";      lens: "17544";  
    time_window: "60mins";  
    channel_info: "['0', '1', '2', '3', '4', '5', '6', '7', '8', '9', '10', '11', '12', '13', '14', '15', '16', '17', '18', '19', '20', '21', '22', '23', '24', '25', '26', '27', '28', '29', '30', '31', '32', '33', '34', '35', '36', '37', '38', '39', '40', '41', '42', '43', '44', '45', '46', '47', '48', '49', '50', '51', '52', '53', '54', '55', '56', '57', '58', '59', '60', '61', '62', '63', '64', '65', '66', '67', '68', '69', '70', '71', '72', '73', '74', '75', '76', '77', '78', '79', '80', '81', '82', '83', '84', '85', '86', '87', '88', '89', '90', '91', '92', '93', '94', '95', '96', '97', '98', '99', '100', '101', '102', '103', '104', '105', '106', '107', '108', '109', '110', '111', '112', '113', '114', '115', '116', '117', '118', '119', '120', '121', '122', '123', '124', '125', '126', '127', '128', '129', '130', '131', '132', '133', '134', '135', '136', '137', '138', '139', '140', '141', '142', '143', '144', '145', '146', '147', '148', '149', '150', '151', '152', '153', '154', '155', '156', '157', '158', '159', '160', '161', '162', '163', '164', '165', '166', '167', '168', '169', '170', '171', '172', '173', '174', '175', '176', '177', '178', '179', '180', '181', '182', '183', '184', '185', '186', '187', '188', '189', '190', '191', '192', '193', '194', '195', '196', '197', '198', '199', '200', '201', '202', '203', '204', '205', '206', '207', '208', '209', '210', '211', '212', '213', '214', '215', '216', '217', '218', '219', '220', '221', '222', '223', '224', '225', '226', '227', '228', '229', '230', '231', '232', '233', '234', '235', '236', '237', '238', '239', '240', '241', '242', '243', '244', '245', '246', '247', '248', '249', '250', '251', '252', '253', '254', '255', '256', '257', '258', '259', '260', '261', '262', '263', '264', '265', '266', '267', '268', '269', '270', '271', '272', '273', '274', '275', '276', '277', '278', '279', '280', '281', '282', '283', '284', '285', '286', '287', '288', '289', '290', '291', '292', '293', '294', '295', '296', '297', '298', '299', '300', '301', '302', '303', '304', '305', '306', '307', '308', '309', '310', '311', '312', '313', '314', '315', '316', '317', '318', '319', '320', '321', '322', '323', '324', '325', '326', '327', '328', '329', '330', '331', '332', '333', '334', '335', '336', '337', '338', '339', '340', '341', '342', '343', '344', '345', '346', '347', '348', '349', '350', '351', '352', '353', '354', '355', '356', '357', '358', '359', '360', '361', '362', '363', '364', '365', '366', '367', '368', '369', '370', '371', '372', '373', '374', '375', '376', '377', '378', '379', '380', '381', '382', '383', '384', '385', '386', '387', '388', '389', '390', '391', '392', '393', '394', '395', '396', '397', '398', '399', '400', '401', '402', '403', '404', '405', '406', '407', '408', '409', '410', '411', '412', '413', '414', '415', '416', '417', '418', '419', '420', '421', '422', '423', '424', '425', '426', '427', '428', '429', '430', '431', '432', '433', '434', '435', '436', '437', '438', '439', '440', '441', '442', '443', '444', '445', '446', '447', '448', '449', '450', '451', '452', '453', '454', '455', '456', '457', '458', '459', '460', '461', '462', '463', '464', '465', '466', '467', '468', '469', '470', '471', '472', '473', '474', '475', '476', '477', '478', '479', '480', '481', '482', '483', '484', '485', '486', '487', '488', '489', '490', '491', '492', '493', '494', '495', '496', '497', '498', '499', '500', '501', '502', '503', '504', '505', '506', '507', '508', '509', '510', '511', '512', '513', '514', '515', '516', '517', '518', '519', '520', '521', '522', '523', '524', '525', '526', '527', '528', '529', '530', '531', '532', '533', '534', '535', '536', '537', '538', '539', '540', '541', '542', '543', '544', '545', '546', '547', '548', '549', '550', '551', '552', '553', '554', '555', '556', '557', '558', '559', '560', '561', '562', '563', '564', '565', '566', '567', '568', '569', '570', '571', '572', '573', '574', '575', '576', '577', '578', '579', '580', '581', '582', '583', '584', '585', '586', '587', '588', '589', '590', '591', '592', '593', '594', '595', '596', '597', '598', '599', '600', '601', '602', '603', '604', '605', '606', '607', '608', '609', '610', '611', '612', '613', '614', '615', '616', '617', '618', '619', '620', '621', '622', '623', '624', '625', '626', '627', '628', '629', '630', '631', '632', '633', '634', '635', '636', '637', '638', '639', '640', '641', '642', '643', '644', '645', '646', '647', '648', '649', '650', '651', '652', '653', '654', '655', '656', '657', '658', '659', '660', '661', '662', '663', '664', '665', '666', '667', '668', '669', '670', '671', '672', '673', '674', '675', '676', '677', '678', '679', '680', '681', '682', '683', '684', '685', '686', '687', '688', '689', '690', '691', '692', '693', '694', '695', '696', '697', '698', '699', '700', '701', '702', '703', '704', '705', '706', '707', '708', '709', '710', '711', '712', '713', '714', '715', '716', '717', '718', '719', '720', '721', '722', '723', '724', '725', '726', '727', '728', '729', '730', '731', '732', '733', '734', '735', '736', '737', '738', '739', '740', '741', '742', '743', '744', '745', '746', '747', '748', '749', '750', '751', '752', '753', '754', '755', '756', '757', '758', '759', '760', '761', '762', '763', '764', '765', '766', '767', '768', '769', '770', '771', '772', '773', '774', '775', '776', '777', '778', '779', '780', '781', '782', '783', '784', '785', '786', '787', '788', '789', '790', '791', '792', '793', '794', '795', '796', '797', '798', '799', '800', '801', '802', '803', '804', '805', '806', '807', '808', '809', '810', '811', '812', '813', '814', '815', '816', '817', '818', '819', '820', '821', '822', '823', '824', '825', '826', '827', '828', '829', '830', '831', '832', '833', '834', '835', '836', '837', '838', '839', '840', '841', '842', '843', '844', '845', '846', '847', '848', '849', '850', '851', '852', '853', '854', '855', '856', '857', '858', '859', '860', 'OT']";  
    choise_channels: "[0, 1, 2, 3, 4, 5, 6, 7, 8, 9, 10, 11, 12, 13, 14, 15, 16, 17, 18, 19, 20, 21, 22, 23, 24, 25, 26, 27, 28, 29, 30, 31, 32, 33, 34, 35, 36, 37, 38, 39, 40, 41, 42, 43, 44, 45, 46, 47, 48, 49, 50, 51, 52, 53, 54, 55, 56, 57, 58, 59, 60, 61, 62, 63, 64, 65, 66, 67, 68, 69, 70, 71, 72, 73, 74, 75, 76, 77, 78, 79, 80, 81, 82, 83, 84, 85, 86, 87, 88, 89, 90, 91, 92, 93, 94, 95, 96, 97, 98, 99, 100, 101, 102, 103, 104, 105, 106, 107, 108, 109, 110, 111, 112, 113, 114, 115, 116, 117, 118, 119, 120, 121, 122, 123, 124, 125, 126, 127, 128, 129, 130, 131, 132, 133, 134, 135, 136, 137, 138, 139, 140, 141, 142, 143, 144, 145, 146, 147, 148, 149, 150, 151, 152, 153, 154, 155, 156, 157, 158, 159, 160, 161, 162, 163, 164, 165, 166, 167, 168, 169, 170, 171, 172, 173, 174, 175, 176, 177, 178, 179, 180, 181, 182, 183, 184, 185, 186, 187, 188, 189, 190, 191, 192, 193, 194, 195, 196, 197, 198, 199, 200, 201, 202, 203, 204, 205, 206, 207, 208, 209, 210, 211, 212, 213, 214, 215, 216, 217, 218, 219, 220, 221, 222, 223, 224, 225, 226, 227, 228, 229, 230, 231, 232, 233, 234, 235, 236, 237, 238, 239, 240, 241, 242, 243, 244, 245, 246, 247, 248, 249, 250, 251, 252, 253, 254, 255, 256, 257, 258, 259, 260, 261, 262, 263, 264, 265, 266, 267, 268, 269, 270, 271, 272, 273, 274, 275, 276, 277, 278, 279, 280, 281, 282, 283, 284, 285, 286, 287, 288, 289, 290, 291, 292, 293, 294, 295, 296, 297, 298, 299, 300, 301, 302, 303, 304, 305, 306, 307, 308, 309, 310, 311, 312, 313, 314, 315, 316, 317, 318, 319, 320, 321, 322, 323, 324, 325, 326, 327, 328, 329, 330, 331, 332, 333, 334, 335, 336, 337, 338, 339, 340, 341, 342, 343, 344, 345, 346, 347, 348, 349, 350, 351, 352, 353, 354, 355, 356, 357, 358, 359, 360, 361, 362, 363, 364, 365, 366, 367, 368, 369, 370, 371, 372, 373, 374, 375, 376, 377, 378, 379, 380, 381, 382, 383, 384, 385, 386, 387, 388, 389, 390, 391, 392, 393, 394, 395, 396, 397, 398, 399, 400, 401, 402, 403, 404, 405, 406, 407, 408, 409, 410, 411, 412, 413, 414, 415, 416, 417, 418, 419, 420, 421, 422, 423, 424, 425, 426, 427, 428, 429, 430, 431, 432, 433, 434, 435, 436, 437, 438, 439, 440, 441, 442, 443, 444, 445, 446, 447, 448, 449, 450, 451, 452, 453, 454, 455, 456, 457, 458, 459, 460, 461, 462, 463, 464, 465, 466, 467, 468, 469, 470, 471, 472, 473, 474, 475, 476, 477, 478, 479, 480, 481, 482, 483, 484, 485, 486, 487, 488, 489, 490, 491, 492, 493, 494, 495, 496, 497, 498, 499, 500, 501, 502, 503, 504, 505, 506, 507, 508, 509, 510, 511, 512, 513, 514, 515, 516, 517, 518, 519, 520, 521, 522, 523, 524, 525, 526, 527, 528, 529, 530, 531, 532, 533, 534, 535, 536, 537, 538, 539, 540, 541, 542, 543, 544, 545, 546, 547, 548, 549, 550, 551, 552, 553, 554, 555, 556, 557, 558, 559, 560, 561, 562, 563, 564, 565, 566, 567, 568, 569, 570, 571, 572, 573, 574, 575, 576, 577, 578, 579, 580, 581, 582, 583, 584, 585, 586, 587, 588, 589, 590, 591, 592, 593, 594, 595, 596, 597, 598, 599, 600, 601, 602, 603, 604, 605, 606, 607, 608, 609, 610, 611, 612, 613, 614, 615, 616, 617, 618, 619, 620, 621, 622, 623, 624, 625, 626, 627, 628, 629, 630, 631, 632, 633, 634, 635, 636, 637, 638, 639, 640, 641, 642, 643, 644, 645, 646, 647, 648, 649, 650, 651, 652, 653, 654, 655, 656, 657, 658, 659, 660, 661, 662, 663, 664, 665, 666, 667, 668, 669, 670, 671, 672, 673, 674, 675, 676, 677, 678, 679, 680, 681, 682, 683, 684, 685, 686, 687, 688, 689, 690, 691, 692, 693, 694, 695, 696, 697, 698, 699, 700, 701, 702, 703, 704, 705, 706, 707, 708, 709, 710, 711, 712, 713, 714, 715, 716, 717, 718, 719, 720, 721, 722, 723, 724, 725, 726, 727, 728, 729, 730, 731, 732, 733, 734, 735, 736, 737, 738, 739, 740, 741, 742, 743, 744, 745, 746, 747, 748, 749, 750, 751, 752, 753, 754, 755, 756, 757, 758, 759, 760, 761, 762, 763, 764, 765, 766, 767, 768, 769, 770, 771, 772, 773, 774, 775, 776, 777, 778, 779, 780, 781, 782, 783, 784, 785, 786, 787, 788, 789, 790, 791, 792, 793, 794, 795, 796, 797, 798, 799, 800, 801, 802, 803, 804, 805, 806, 807, 808, 809, 810, 811, 812, 813, 814, 815, 816, 817, 818, 819, 820, 821, 822, 823, 824, 825, 826, 827, 828, 829, 830, 831, 832, 833, 834, 835, 836, 837, 838, 839, 840, 841, 842, 843, 844, 845, 846, 847, 848, 849, 850, 851, 852, 853, 854, 855, 856, 857, 858, 859, 860, 861]";  
    nodes_info: "['None']";      choise_nodes: "[-1]";      folder_path: "./dataset/traffic";  
    file_name: "traffic.csv";      adj_path: "None";      period_type: "week";      c_date: "5";  
    raw_path: "./raw_files/traffic/traffic.csv";      data_channels: "862";  
    dataset_type: "['train', 'test', 'vali']";      scale: "True";      inp_len: "96";  
    pred_len: "192";      dtype: "torch.float32";      num_nodes: "1";      n_channels: "862";  
    data_scale: "True";      date_scale: "True";      dataset_prob: "[0.7, 0.1, 0.2]";  

Epoch: 001
State: <train>
	iter    Loss        MAE         MAPE        RMSE        Speed (/iter)   Time Cost   
	0000    0.7368      0.7368      144.2911%   1.0013      0.8318 s        0.83 s      
	0100    0.5290      0.5290      233.6736%   0.8450      0.0463 s        5.46 s      
	0200    0.3946      0.3946      267.6106%   0.7318      0.0463 s        10.09 s     
	0300    0.3697      0.3697      261.7009%   0.6904      0.0463 s        14.72 s     
State: <vali>
	iter    Loss        MAE         MAPE        RMSE        Speed (/iter)   Time Cost   
	0000    0.3567      0.3567      240.3048%   0.7803      0.0152 s        0.02 s      
State: <test>
	iter    Loss        MAE         MAPE        RMSE        Speed (/iter)   Time Cost   
	0000    0.3670      0.3670      226.4835%   0.8258      0.0149 s        0.01 s      
Info Report: <Epoch 001> 
	State   Avg. Loss   Avg. MAE    Avg. MAPE   Avg. RMSE   Time Cost   
	train   0.4158      0.4158      254.8405%   0.7382      18.34 s     
	vali    0.3595      0.3595      246.9779%   0.7862      0.64 s      
	test    0.4046      0.4046      264.2225%   0.8806      1.42 s      
<Latest 5>	1           
    Loss	0.4046      

Epoch: 002
State: <train>
	iter    Loss        MAE         MAPE        RMSE        Speed (/iter)   Time Cost   
	0000    0.3492      0.3492      252.4533%   0.6558      0.0466 s        0.05 s      
	0100    0.3467      0.3467      252.5379%   0.6547      0.0463 s        4.68 s      
	0200    0.3370      0.3370      248.2651%   0.6399      0.0466 s        9.34 s      
	0300    0.3298      0.3298      244.2891%   0.6296      0.0464 s        13.98 s     
State: <vali>
	iter    Loss        MAE         MAPE        RMSE        Speed (/iter)   Time Cost   
	0000    0.3197      0.3197      213.7137%   0.7345      0.0152 s        0.02 s      
State: <test>
	iter    Loss        MAE         MAPE        RMSE        Speed (/iter)   Time Cost   
	0000    0.3258      0.3258      205.2896%   0.7661      0.0150 s        0.01 s      
Info Report: <Epoch 002> 
	State   Avg. Loss   Avg. MAE    Avg. MAPE   Avg. RMSE   Time Cost   
	train   0.3348      0.3348      246.4928%   0.6366      17.60 s     
	vali    0.3225      0.3225      223.2402%   0.7359      0.64 s      
	test    0.3679      0.3679      243.5221%   0.8281      1.42 s      
<Latest 5>	1           2           
    Loss	0.4046      0.3679      

Epoch: 003
State: <train>
	iter    Loss        MAE         MAPE        RMSE        Speed (/iter)   Time Cost   
	0000    0.3259      0.3259      226.5340%   0.6264      0.0465 s        0.05 s      
	0100    0.3173      0.3173      235.7834%   0.6108      0.0463 s        4.68 s      
	0200    0.3130      0.3130      232.1213%   0.6037      0.0463 s        9.31 s      
	0300    0.3070      0.3070      229.9947%   0.5951      0.0464 s        13.95 s     
State: <vali>
	iter    Loss        MAE         MAPE        RMSE        Speed (/iter)   Time Cost   
	0000    0.3025      0.3025      221.2351%   0.7151      0.0295 s        0.03 s      
State: <test>
	iter    Loss        MAE         MAPE        RMSE        Speed (/iter)   Time Cost   
	0000    0.2984      0.2984      201.1937%   0.7261      0.0253 s        0.03 s      
Info Report: <Epoch 003> 
	State   Avg. Loss   Avg. MAE    Avg. MAPE   Avg. RMSE   Time Cost   
	train   0.3110      0.3110      231.8730%   0.6010      18.04 s     
	vali    0.3012      0.3012      210.8305%   0.7057      1.14 s      
	test    0.3461      0.3461      232.2093%   0.7946      4.21 s      
<Latest 5>	1           2           3           
    Loss	0.4046      0.3679      0.3461      

Epoch: 004
State: <train>
	iter    Loss        MAE         MAPE        RMSE        Speed (/iter)   Time Cost   
	0000    0.3008      0.3008      231.3586%   0.5869      0.1423 s        0.14 s      
	0100    0.3009      0.3009      225.3628%   0.5874      0.1344 s        13.58 s     
	0200    0.2974      0.2974      223.1731%   0.5829      0.1339 s        26.97 s     
	0300    0.2945      0.2945      222.8856%   0.5778      0.1348 s        40.44 s     
State: <vali>
	iter    Loss        MAE         MAPE        RMSE        Speed (/iter)   Time Cost   
	0000    0.2837      0.2837      200.3257%   0.6678      0.0567 s        0.06 s      
State: <test>
	iter    Loss        MAE         MAPE        RMSE        Speed (/iter)   Time Cost   
	0000    0.2868      0.2868      209.7454%   0.7053      0.0443 s        0.04 s      
Info Report: <Epoch 004> 
	State   Avg. Loss   Avg. MAE    Avg. MAPE   Avg. RMSE   Time Cost   
	train   0.2965      0.2965      223.1857%   0.5812      50.93 s     
	vali    0.2874      0.2874      205.0392%   0.6855      2.22 s      
	test    0.3324      0.3324      226.4140%   0.7723      5.00 s      
<Latest 5>	1           2           3           4           
    Loss	0.4046      0.3679      0.3461      0.3324      

Epoch: 005
State: <train>
	iter    Loss        MAE         MAPE        RMSE        Speed (/iter)   Time Cost   
	0000    0.2902      0.2902      214.7491%   0.5795      0.1446 s        0.14 s      
	0100    0.2888      0.2888      218.2271%   0.5704      0.1350 s        13.64 s     
	0200    0.2882      0.2882      218.5510%   0.5711      0.1228 s        25.92 s     
	0300    0.2848      0.2848      216.8902%   0.5658      0.1343 s        39.35 s     
State: <vali>
	iter    Loss        MAE         MAPE        RMSE        Speed (/iter)   Time Cost   
	0000    0.2763      0.2763      196.3701%   0.6655      0.0394 s        0.04 s      
State: <test>
	iter    Loss        MAE         MAPE        RMSE        Speed (/iter)   Time Cost   
	0000    0.2772      0.2772      221.5005%   0.6901      0.0497 s        0.05 s      
Info Report: <Epoch 005> 
	State   Avg. Loss   Avg. MAE    Avg. MAPE   Avg. RMSE   Time Cost   
	train   0.2865      0.2865      217.4913%   0.5681      49.88 s     
	vali    0.2777      0.2777      201.1820%   0.6715      2.20 s      
	test    0.3223      0.3223      222.3676%   0.7562      5.00 s      
<Latest 5>	1           2           3           4           5           
    Loss	0.4046      0.3679      0.3461      0.3324      0.3223      

Epoch: 006
State: <train>
	iter    Loss        MAE         MAPE        RMSE        Speed (/iter)   Time Cost   
	0000    0.2781      0.2781      210.5875%   0.5618      0.1343 s        0.13 s      
	0100    0.2804      0.2804      212.7015%   0.5606      0.1355 s        13.68 s     
	0200    0.2799      0.2799      214.3082%   0.5598      0.1347 s        27.16 s     
	0300    0.2785      0.2785      212.7561%   0.5582      0.1346 s        40.61 s     
State: <vali>
	iter    Loss        MAE         MAPE        RMSE        Speed (/iter)   Time Cost   
	0000    0.2732      0.2732      198.6714%   0.6629      0.0421 s        0.04 s      
State: <test>
	iter    Loss        MAE         MAPE        RMSE        Speed (/iter)   Time Cost   
	0000    0.2730      0.2730      222.9502%   0.6830      0.0517 s        0.05 s      
Info Report: <Epoch 006> 
	State   Avg. Loss   Avg. MAE    Avg. MAPE   Avg. RMSE   Time Cost   
	train   0.2792      0.2792      213.0124%   0.5586      50.06 s     
	vali    0.2728      0.2728      199.1077%   0.6650      2.09 s      
	test    0.3171      0.3171      219.6231%   0.7477      5.01 s      
<Latest 5>	2           3           4           5           6           
    Loss	0.3679      0.3461      0.3324      0.3223      0.3171      

Epoch: 007
State: <train>
	iter    Loss        MAE         MAPE        RMSE        Speed (/iter)   Time Cost   
	0000    0.2662      0.2662      202.6518%   0.5378      0.1473 s        0.15 s      
	0100    0.2740      0.2740      209.2802%   0.5521      0.1347 s        13.62 s     
	0200    0.2751      0.2751      209.8879%   0.5534      0.1350 s        27.12 s     
	0300    0.2725      0.2725      208.4035%   0.5512      0.1345 s        40.57 s     
State: <vali>
	iter    Loss        MAE         MAPE        RMSE        Speed (/iter)   Time Cost   
	0000    0.2675      0.2675      195.2238%   0.6468      0.0370 s        0.04 s      
State: <test>
	iter    Loss        MAE         MAPE        RMSE        Speed (/iter)   Time Cost   
	0000    0.2694      0.2694      222.1862%   0.6779      0.0554 s        0.06 s      
Info Report: <Epoch 007> 
	State   Avg. Loss   Avg. MAE    Avg. MAPE   Avg. RMSE   Time Cost   
	train   0.2735      0.2735      209.3179%   0.5517      51.07 s     
	vali    0.2680      0.2680      195.2528%   0.6594      2.21 s      
	test    0.3118      0.3118      214.5060%   0.7402      5.00 s      
<Latest 5>	3           4           5           6           7           
    Loss	0.3461      0.3324      0.3223      0.3171      0.3118      

Epoch: 008
State: <train>
	iter    Loss        MAE         MAPE        RMSE        Speed (/iter)   Time Cost   
	0000    0.2706      0.2706      207.1504%   0.5470      0.1369 s        0.14 s      
	0100    0.2699      0.2699      206.6440%   0.5476      0.1306 s        13.19 s     
	0200    0.2692      0.2692      206.9501%   0.5464      0.1256 s        25.75 s     
	0300    0.2684      0.2684      206.2575%   0.5451      0.1345 s        39.20 s     
State: <vali>
	iter    Loss        MAE         MAPE        RMSE        Speed (/iter)   Time Cost   
	0000    0.2676      0.2676      200.2558%   0.6535      0.0550 s        0.06 s      
State: <test>
	iter    Loss        MAE         MAPE        RMSE        Speed (/iter)   Time Cost   
	0000    0.2631      0.2631      221.9639%   0.6713      0.0530 s        0.05 s      
Info Report: <Epoch 008> 
	State   Avg. Loss   Avg. MAE    Avg. MAPE   Avg. RMSE   Time Cost   
	train   0.2689      0.2689      206.4135%   0.5461      49.68 s     
	vali    0.2640      0.2640      193.8046%   0.6548      2.23 s      
	test    0.3074      0.3074      213.1213%   0.7343      4.98 s      
<Latest 5>	4           5           6           7           8           
    Loss	0.3324      0.3223      0.3171      0.3118      0.3074      

Epoch: 009
State: <train>
	iter    Loss        MAE         MAPE        RMSE        Speed (/iter)   Time Cost   
	0000    0.2619      0.2619      189.5146%   0.5430      0.1297 s        0.13 s      
	0100    0.2651      0.2651      204.4367%   0.5417      0.1442 s        14.55 s     
	0200    0.2655      0.2655      203.5925%   0.5416      0.1475 s        29.30 s     
	0300    0.2652      0.2652      203.7515%   0.5411      0.1446 s        43.76 s     
State: <vali>
	iter    Loss        MAE         MAPE        RMSE        Speed (/iter)   Time Cost   
	0000    0.2608      0.2608      177.3038%   0.6448      0.0580 s        0.06 s      
State: <test>
	iter    Loss        MAE         MAPE        RMSE        Speed (/iter)   Time Cost   
	0000    0.2607      0.2607      222.8133%   0.6677      0.0689 s        0.07 s      
Info Report: <Epoch 009> 
	State   Avg. Loss   Avg. MAE    Avg. MAPE   Avg. RMSE   Time Cost   
	train   0.2650      0.2650      203.8153%   0.5415      54.33 s     
	vali    0.2610      0.2610      192.2499%   0.6503      2.56 s      
	test    0.3044      0.3044      210.9075%   0.7295      6.08 s      
<Latest 5>	5           6           7           8           9           
    Loss	0.3223      0.3171      0.3118      0.3074      0.3044      

Epoch: 010
State: <train>
	iter    Loss        MAE         MAPE        RMSE        Speed (/iter)   Time Cost   
	0000    0.2613      0.2613      206.2019%   0.5327      0.1722 s        0.17 s      
	0100    0.2624      0.2624      202.3859%   0.5386      0.1630 s        16.47 s     
	0200    0.2619      0.2619      202.3977%   0.5379      0.1665 s        33.11 s     
	0300    0.2615      0.2615      201.3850%   0.5369      0.1665 s        49.76 s     
State: <vali>
	iter    Loss        MAE         MAPE        RMSE        Speed (/iter)   Time Cost   
	0000    0.2638      0.2638      178.7833%   0.6540      0.0612 s        0.06 s      
State: <test>
	iter    Loss        MAE         MAPE        RMSE        Speed (/iter)   Time Cost   
	0000    0.2595      0.2595      222.5046%   0.6658      0.0511 s        0.05 s      
Info Report: <Epoch 010> 
	State   Avg. Loss   Avg. MAE    Avg. MAPE   Avg. RMSE   Time Cost   
	train   0.2616      0.2616      201.8025%   0.5373      62.25 s     
	vali    0.2594      0.2594      190.9525%   0.6484      2.61 s      
	test    0.3025      0.3025      210.4183%   0.7263      5.67 s      
<Latest 5>	6           7           8           9           10          
    Loss	0.3171      0.3118      0.3074      0.3044      0.3025      

Epoch: 011
State: <train>
	iter    Loss        MAE         MAPE        RMSE        Speed (/iter)   Time Cost   
	0000    0.2670      0.2670      218.0761%   0.5393      0.1433 s        0.14 s      
	0100    0.2597      0.2597      200.4692%   0.5354      0.1517 s        15.32 s     
	0200    0.2587      0.2587      200.0897%   0.5334      0.1647 s        31.78 s     
	0300    0.2583      0.2583      199.1762%   0.5324      0.1663 s        48.42 s     
State: <vali>
	iter    Loss        MAE         MAPE        RMSE        Speed (/iter)   Time Cost   
	0000    0.2594      0.2594      202.8571%   0.6698      0.0626 s        0.06 s      
State: <test>
	iter    Loss        MAE         MAPE        RMSE        Speed (/iter)   Time Cost   
	0000    0.2559      0.2559      222.2643%   0.6616      0.0676 s        0.07 s      
Info Report: <Epoch 011> 
	State   Avg. Loss   Avg. MAE    Avg. MAPE   Avg. RMSE   Time Cost   
	train   0.2585      0.2585      199.5366%   0.5336      61.42 s     
	vali    0.2559      0.2559      189.3110%   0.6441      2.67 s      
	test    0.2994      0.2994      208.6517%   0.7213      5.82 s      
<Latest 5>	7           8           9           10          11          
    Loss	0.3118      0.3074      0.3044      0.3025      0.2994      

Epoch: 012
State: <train>
	iter    Loss        MAE         MAPE        RMSE        Speed (/iter)   Time Cost   
	0000    0.2648      0.2648      213.9335%   0.5393      0.1641 s        0.16 s      
	0100    0.2561      0.2561      197.0543%   0.5312      0.1544 s        15.60 s     
	0200    0.2560      0.2560      197.9578%   0.5313      0.1654 s        32.14 s     
	0300    0.2553      0.2553      198.0291%   0.5295      0.1569 s        47.83 s     
State: <vali>
	iter    Loss        MAE         MAPE        RMSE        Speed (/iter)   Time Cost   
	0000    0.2490      0.2490      169.6807%   0.6122      0.0552 s        0.06 s      
State: <test>
	iter    Loss        MAE         MAPE        RMSE        Speed (/iter)   Time Cost   
	0000    0.2538      0.2538      218.9789%   0.6595      0.0599 s        0.06 s      
Info Report: <Epoch 012> 
	State   Avg. Loss   Avg. MAE    Avg. MAPE   Avg. RMSE   Time Cost   
	train   0.2557      0.2557      197.6815%   0.5303      60.65 s     
	vali    0.2549      0.2549      188.3417%   0.6432      2.82 s      
	test    0.2977      0.2977      206.8145%   0.7196      6.26 s      
<Latest 5>	8           9           10          11          12          
    Loss	0.3074      0.3044      0.3025      0.2994      0.2977      

Epoch: 013
State: <train>
	iter    Loss        MAE         MAPE        RMSE        Speed (/iter)   Time Cost   
	0000    0.2591      0.2591      190.2575%   0.5429      0.1763 s        0.18 s      
	0100    0.2534      0.2534      195.8168%   0.5275      0.1526 s        15.44 s     
	0200    0.2533      0.2533      195.9625%   0.5272      0.1619 s        31.62 s     
	0300    0.2533      0.2533      196.7448%   0.5277      0.1664 s        48.26 s     
State: <vali>
	iter    Loss        MAE         MAPE        RMSE        Speed (/iter)   Time Cost   
	0000    0.2564      0.2564      192.3961%   0.6544      0.0642 s        0.06 s      
State: <test>
	iter    Loss        MAE         MAPE        RMSE        Speed (/iter)   Time Cost   
	0000    0.2511      0.2511      219.1298%   0.6571      0.0689 s        0.07 s      
Info Report: <Epoch 013> 
	State   Avg. Loss   Avg. MAE    Avg. MAPE   Avg. RMSE   Time Cost   
	train   0.2532      0.2532      195.8933%   0.5276      61.23 s     
	vali    0.2524      0.2524      187.5926%   0.6402      2.80 s      
	test    0.2955      0.2955      206.0560%   0.7163      6.28 s      
<Latest 5>	9           10          11          12          13          
    Loss	0.3044      0.3025      0.2994      0.2977      0.2955      

Epoch: 014
State: <train>
	iter    Loss        MAE         MAPE        RMSE        Speed (/iter)   Time Cost   
	0000    0.2573      0.2573      197.7275%   0.5290      0.1456 s        0.15 s      
	0100    0.2511      0.2511      194.5725%   0.5248      0.1491 s        15.05 s     
	0200    0.2511      0.2511      194.9637%   0.5254      0.1529 s        30.34 s     
	0300    0.2510      0.2510      194.4972%   0.5258      0.1663 s        46.98 s     
State: <vali>
	iter    Loss        MAE         MAPE        RMSE        Speed (/iter)   Time Cost   
	0000    0.2508      0.2508      198.4481%   0.6418      0.0559 s        0.06 s      
State: <test>
	iter    Loss        MAE         MAPE        RMSE        Speed (/iter)   Time Cost   
	0000    0.2465      0.2465      217.4885%   0.6515      0.0711 s        0.07 s      
Info Report: <Epoch 014> 
	State   Avg. Loss   Avg. MAE    Avg. MAPE   Avg. RMSE   Time Cost   
	train   0.2510      0.2510      194.4308%   0.5250      60.04 s     
	vali    0.2508      0.2508      187.5092%   0.6383      2.80 s      
	test    0.2937      0.2937      205.0644%   0.7139      6.28 s      
<Latest 5>	10          11          12          13          14          
    Loss	0.3025      0.2994      0.2977      0.2955      0.2937      

Epoch: 015
State: <train>
	iter    Loss        MAE         MAPE        RMSE        Speed (/iter)   Time Cost   
	0000    0.2448      0.2448      179.3118%   0.5180      0.1759 s        0.18 s      
	0100    0.2490      0.2490      193.1446%   0.5218      0.1659 s        16.76 s     
	0200    0.2494      0.2494      194.3159%   0.5237      0.1517 s        31.94 s     
	0300    0.2493      0.2493      191.9553%   0.5231      0.1507 s        47.00 s     
State: <vali>
	iter    Loss        MAE         MAPE        RMSE        Speed (/iter)   Time Cost   
	0000    0.2507      0.2507      182.6222%   0.6439      0.0716 s        0.07 s      
State: <test>
	iter    Loss        MAE         MAPE        RMSE        Speed (/iter)   Time Cost   
	0000    0.2483      0.2483      216.5035%   0.6538      0.0577 s        0.06 s      
Info Report: <Epoch 015> 
	State   Avg. Loss   Avg. MAE    Avg. MAPE   Avg. RMSE   Time Cost   
	train   0.2490      0.2490      192.9072%   0.5228      60.02 s     
	vali    0.2499      0.2499      185.7458%   0.6374      2.81 s      
	test    0.2929      0.2929      203.2108%   0.7132      6.37 s      
<Latest 5>	11          12          13          14          15          
    Loss	0.2994      0.2977      0.2955      0.2937      0.2929      

Epoch: 016
State: <train>
	iter    Loss        MAE         MAPE        RMSE        Speed (/iter)   Time Cost   
	0000    0.2507      0.2507      201.2844%   0.5220      0.1716 s        0.17 s      
	0100    0.2471      0.2471      190.5523%   0.5206      0.1664 s        16.81 s     
	0200    0.2471      0.2471      191.5348%   0.5200      0.1602 s        32.83 s     
	0300    0.2474      0.2474      192.4206%   0.5213      0.1531 s        48.14 s     
State: <vali>
	iter    Loss        MAE         MAPE        RMSE        Speed (/iter)   Time Cost   
	0000    0.2509      0.2509      197.9724%   0.6568      0.0519 s        0.05 s      
State: <test>
	iter    Loss        MAE         MAPE        RMSE        Speed (/iter)   Time Cost   
	0000    0.2474      0.2474      214.9866%   0.6542      0.0560 s        0.06 s      
Info Report: <Epoch 016> 
	State   Avg. Loss   Avg. MAE    Avg. MAPE   Avg. RMSE   Time Cost   
	train   0.2472      0.2472      191.6632%   0.5207      61.19 s     
	vali    0.2491      0.2491      185.9733%   0.6372      2.69 s      
	test    0.2920      0.2920      202.5057%   0.7125      5.61 s      
<Latest 5>	12          13          14          15          16          
    Loss	0.2977      0.2955      0.2937      0.2929      0.2920      

Epoch: 017
State: <train>
	iter    Loss        MAE         MAPE        RMSE        Speed (/iter)   Time Cost   
	0000    0.2525      0.2525      211.2981%   0.5299      0.1546 s        0.15 s      
	0100    0.2453      0.2453      190.9630%   0.5178      0.1632 s        16.47 s     
	0200    0.2467      0.2467      191.1012%   0.5198      0.1655 s        33.02 s     
	0300    0.2452      0.2452      189.6717%   0.5189      0.1530 s        48.32 s     
State: <vali>
	iter    Loss        MAE         MAPE        RMSE        Speed (/iter)   Time Cost   
	0000    0.2438      0.2438      191.4394%   0.6223      0.0704 s        0.07 s      
State: <test>
	iter    Loss        MAE         MAPE        RMSE        Speed (/iter)   Time Cost   
	0000    0.2433      0.2433      214.9869%   0.6499      0.0620 s        0.06 s      
Info Report: <Epoch 017> 
	State   Avg. Loss   Avg. MAE    Avg. MAPE   Avg. RMSE   Time Cost   
	train   0.2457      0.2457      190.4981%   0.5191      60.85 s     
	vali    0.2471      0.2471      185.4026%   0.6345      2.80 s      
	test    0.2902      0.2902      202.5636%   0.7097      6.28 s      
<Latest 5>	13          14          15          16          17          
    Loss	0.2955      0.2937      0.2929      0.2920      0.2902      

Epoch: 018
State: <train>
	iter    Loss        MAE         MAPE        RMSE        Speed (/iter)   Time Cost   
	0000    0.2459      0.2459      195.1648%   0.5167      0.1545 s        0.15 s      
	0100    0.2444      0.2444      188.7537%   0.5183      0.1665 s        16.80 s     
	0200    0.2443      0.2443      189.6509%   0.5170      0.1583 s        32.63 s     
	0300    0.2445      0.2445      190.3677%   0.5171      0.1572 s        48.36 s     
State: <vali>
	iter    Loss        MAE         MAPE        RMSE        Speed (/iter)   Time Cost   
	0000    0.2497      0.2497      200.1019%   0.6227      0.0470 s        0.05 s      
State: <test>
	iter    Loss        MAE         MAPE        RMSE        Speed (/iter)   Time Cost   
	0000    0.2458      0.2458      215.2101%   0.6538      0.0636 s        0.06 s      
Info Report: <Epoch 018> 
	State   Avg. Loss   Avg. MAE    Avg. MAPE   Avg. RMSE   Time Cost   
	train   0.2443      0.2443      189.3158%   0.5173      60.29 s     
	vali    0.2471      0.2471      184.8453%   0.6348      2.61 s      
	test    0.2901      0.2901      201.8038%   0.7101      6.29 s      
<Latest 5>	14          15          16          17          18          
    Loss	0.2937      0.2929      0.2920      0.2902      0.2901      

Epoch: 019
State: <train>
	iter    Loss        MAE         MAPE        RMSE        Speed (/iter)   Time Cost   
	0000    0.2432      0.2432      180.1989%   0.5194      0.1819 s        0.18 s      
	0100    0.2429      0.2429      188.0299%   0.5160      0.1665 s        16.83 s     
	0200    0.2437      0.2437      189.2860%   0.5167      0.1667 s        33.50 s     
	0300    0.2426      0.2426      187.7944%   0.5152      0.1639 s        49.90 s     
State: <vali>
	iter    Loss        MAE         MAPE        RMSE        Speed (/iter)   Time Cost   
	0000    0.2513      0.2513      188.4842%   0.6447      0.0400 s        0.04 s      
State: <test>
	iter    Loss        MAE         MAPE        RMSE        Speed (/iter)   Time Cost   
	0000    0.2439      0.2439      214.9671%   0.6516      0.0559 s        0.06 s      
Info Report: <Epoch 019> 
	State   Avg. Loss   Avg. MAE    Avg. MAPE   Avg. RMSE   Time Cost   
	train   0.2429      0.2429      188.1689%   0.5158      61.49 s     
	vali    0.2462      0.2462      184.4776%   0.6338      2.27 s      
	test    0.2891      0.2891      200.6931%   0.7090      5.51 s      
<Latest 5>	15          16          17          18          19          
    Loss	0.2929      0.2920      0.2902      0.2901      0.2891      

Epoch: 020
State: <train>
	iter    Loss        MAE         MAPE        RMSE        Speed (/iter)   Time Cost   
	0000    0.2399      0.2399      176.8168%   0.5153      0.1550 s        0.15 s      
	0100    0.2418      0.2418      187.4877%   0.5145      0.1651 s        16.66 s     
	0200    0.2417      0.2417      186.8092%   0.5145      0.1674 s        33.41 s     
	0300    0.2414      0.2414      188.2811%   0.5138      0.1658 s        49.99 s     
State: <vali>
	iter    Loss        MAE         MAPE        RMSE        Speed (/iter)   Time Cost   
	0000    0.2482      0.2482      201.8169%   0.6492      0.0679 s        0.07 s      
State: <test>
	iter    Loss        MAE         MAPE        RMSE        Speed (/iter)   Time Cost   
	0000    0.2415      0.2415      213.4663%   0.6501      0.0455 s        0.05 s      
Info Report: <Epoch 020> 
	State   Avg. Loss   Avg. MAE    Avg. MAPE   Avg. RMSE   Time Cost   
	train   0.2417      0.2417      187.6129%   0.5144      62.51 s     
	vali    0.2456      0.2456      183.8069%   0.6331      2.65 s      
	test    0.2886      0.2886      200.3552%   0.7084      5.75 s      
<Latest 5>	16          17          18          19          20          
    Loss	0.2920      0.2902      0.2901      0.2891      0.2886      

Epoch: 021
State: <train>
	iter    Loss        MAE         MAPE        RMSE        Speed (/iter)   Time Cost   
	0000    0.2397      0.2397      190.0662%   0.5025      0.1567 s        0.16 s      
	0100    0.2406      0.2406      187.1669%   0.5119      0.1584 s        16.00 s     
	0200    0.2407      0.2407      186.7502%   0.5128      0.1551 s        31.51 s     
	0300    0.2409      0.2409      185.2632%   0.5145      0.1666 s        48.17 s     
State: <vali>
	iter    Loss        MAE         MAPE        RMSE        Speed (/iter)   Time Cost   
	0000    0.2401      0.2401      167.9227%   0.6183      0.0692 s        0.07 s      
State: <test>
	iter    Loss        MAE         MAPE        RMSE        Speed (/iter)   Time Cost   
	0000    0.2405      0.2405      212.3759%   0.6485      0.0578 s        0.06 s      
Info Report: <Epoch 021> 
	State   Avg. Loss   Avg. MAE    Avg. MAPE   Avg. RMSE   Time Cost   
	train   0.2406      0.2406      186.5467%   0.5130      60.88 s     
	vali    0.2443      0.2443      183.8206%   0.6317      2.70 s      
	test    0.2875      0.2875      199.8309%   0.7069      6.05 s      
<Latest 5>	17          18          19          20          21          
    Loss	0.2902      0.2901      0.2891      0.2886      0.2875      

Epoch: 022
State: <train>
	iter    Loss        MAE         MAPE        RMSE        Speed (/iter)   Time Cost   
	0000    0.2319      0.2319      180.3955%   0.4947      0.1702 s        0.17 s      
	0100    0.2398      0.2398      185.5643%   0.5131      0.1571 s        15.88 s     
	0200    0.2393      0.2393      185.6510%   0.5107      0.1637 s        32.25 s     
	0300    0.2390      0.2390      185.7237%   0.5112      0.1661 s        48.86 s     
State: <vali>
	iter    Loss        MAE         MAPE        RMSE        Speed (/iter)   Time Cost   
	0000    0.2384      0.2384      179.4150%   0.6394      0.0641 s        0.06 s      
State: <test>
	iter    Loss        MAE         MAPE        RMSE        Speed (/iter)   Time Cost   
	0000    0.2401      0.2401      212.8996%   0.6493      0.0548 s        0.05 s      
Info Report: <Epoch 022> 
	State   Avg. Loss   Avg. MAE    Avg. MAPE   Avg. RMSE   Time Cost   
	train   0.2395      0.2395      185.7655%   0.5117      60.55 s     
	vali    0.2432      0.2432      184.1395%   0.6302      2.70 s      
	test    0.2863      0.2863      199.9088%   0.7053      6.05 s      
<Latest 5>	18          19          20          21          22          
    Loss	0.2901      0.2891      0.2886      0.2875      0.2863      

Epoch: 023
State: <train>
	iter    Loss        MAE         MAPE        RMSE        Speed (/iter)   Time Cost   
	0000    0.2470      0.2470      194.7311%   0.5275      0.1607 s        0.16 s      
	0100    0.2379      0.2379      184.2639%   0.5097      0.1615 s        16.31 s     
	0200    0.2387      0.2387      185.5236%   0.5111      0.1574 s        32.05 s     
	0300    0.2384      0.2384      184.6703%   0.5105      0.1667 s        48.71 s     
State: <vali>
	iter    Loss        MAE         MAPE        RMSE        Speed (/iter)   Time Cost   
	0000    0.2413      0.2413      167.1143%   0.6226      0.0550 s        0.05 s      
State: <test>
	iter    Loss        MAE         MAPE        RMSE        Speed (/iter)   Time Cost   
	0000    0.2406      0.2406      212.2845%   0.6500      0.0632 s        0.06 s      
Info Report: <Epoch 023> 
	State   Avg. Loss   Avg. MAE    Avg. MAPE   Avg. RMSE   Time Cost   
	train   0.2384      0.2384      184.9514%   0.5105      61.71 s     
	vali    0.2428      0.2428      182.9719%   0.6303      2.77 s      
	test    0.2862      0.2862      198.7198%   0.7056      6.06 s      
<Latest 5>	19          20          21          22          23          
    Loss	0.2891      0.2886      0.2875      0.2863      0.2862      

Epoch: 024
State: <train>
	iter    Loss        MAE         MAPE        RMSE        Speed (/iter)   Time Cost   
	0000    0.2435      0.2435      193.3215%   0.5174      0.1634 s        0.16 s      
	0100    0.2388      0.2388      185.1153%   0.5105      0.1562 s        15.78 s     
	0200    0.2365      0.2365      182.9847%   0.5083      0.1530 s        31.09 s     
	0300    0.2373      0.2373      184.2195%   0.5093      0.1624 s        47.33 s     
State: <vali>
	iter    Loss        MAE         MAPE        RMSE        Speed (/iter)   Time Cost   
	0000    0.2453      0.2453      197.1784%   0.6480      0.0693 s        0.07 s      
State: <test>
	iter    Loss        MAE         MAPE        RMSE        Speed (/iter)   Time Cost   
	0000    0.2392      0.2392      212.5585%   0.6484      0.0541 s        0.05 s      
Info Report: <Epoch 024> 
	State   Avg. Loss   Avg. MAE    Avg. MAPE   Avg. RMSE   Time Cost   
	train   0.2375      0.2375      184.1247%   0.5093      60.32 s     
	vali    0.2416      0.2416      182.3628%   0.6288      2.82 s      
	test    0.2849      0.2849      198.2171%   0.7042      6.19 s      
<Latest 5>	20          21          22          23          24          
    Loss	0.2886      0.2875      0.2863      0.2862      0.2849      

Epoch: 025
State: <train>
	iter    Loss        MAE         MAPE        RMSE        Speed (/iter)   Time Cost   
	0000    0.2391      0.2391      176.6628%   0.5151      0.1698 s        0.17 s      
	0100    0.2369      0.2369      182.6598%   0.5086      0.1615 s        16.32 s     
	0200    0.2365      0.2365      183.5783%   0.5077      0.1640 s        32.72 s     
	0300    0.2361      0.2361      183.4242%   0.5079      0.1492 s        47.64 s     
State: <vali>
	iter    Loss        MAE         MAPE        RMSE        Speed (/iter)   Time Cost   
	0000    0.2405      0.2405      184.7464%   0.6192      0.0659 s        0.07 s      
State: <test>
	iter    Loss        MAE         MAPE        RMSE        Speed (/iter)   Time Cost   
	0000    0.2380      0.2380      214.3609%   0.6474      0.0663 s        0.07 s      
Info Report: <Epoch 025> 
	State   Avg. Loss   Avg. MAE    Avg. MAPE   Avg. RMSE   Time Cost   
	train   0.2365      0.2365      183.3879%   0.5081      60.15 s     
	vali    0.2418      0.2418      183.4016%   0.6291      2.80 s      
	test    0.2852      0.2852      198.8963%   0.7045      6.17 s      
<Latest 5>	21          22          23          24          25          
    Loss	0.2875      0.2863      0.2862      0.2849      0.2852      

Epoch: 026
State: <train>
	iter    Loss        MAE         MAPE        RMSE        Speed (/iter)   Time Cost   
	0000    0.2290      0.2290      174.3954%   0.4948      0.1695 s        0.17 s      
	0100    0.2358      0.2358      183.1093%   0.5074      0.1622 s        16.39 s     
	0200    0.2362      0.2362      183.0290%   0.5074      0.1642 s        32.80 s     
	0300    0.2356      0.2356      183.0461%   0.5077      0.1593 s        48.73 s     
State: <vali>
	iter    Loss        MAE         MAPE        RMSE        Speed (/iter)   Time Cost   
	0000    0.2417      0.2417      192.8609%   0.6526      0.0587 s        0.06 s      
State: <test>
	iter    Loss        MAE         MAPE        RMSE        Speed (/iter)   Time Cost   
	0000    0.2382      0.2382      213.7933%   0.6486      0.0691 s        0.07 s      
Info Report: <Epoch 026> 
	State   Avg. Loss   Avg. MAE    Avg. MAPE   Avg. RMSE   Time Cost   
	train   0.2356      0.2356      182.7877%   0.5070      61.17 s     
	vali    0.2412      0.2412      182.2636%   0.6285      2.81 s      
	test    0.2845      0.2845      197.1974%   0.7039      6.25 s      
<Latest 5>	22          23          24          25          26          
    Loss	0.2863      0.2862      0.2849      0.2852      0.2845      

Epoch: 027
State: <train>
	iter    Loss        MAE         MAPE        RMSE        Speed (/iter)   Time Cost   
	0000    0.2389      0.2389      182.4259%   0.5106      0.1709 s        0.17 s      
	0100    0.2342      0.2342      182.1592%   0.5053      0.1517 s        15.34 s     
	0200    0.2354      0.2354      182.5302%   0.5067      0.1622 s        31.56 s     
	0300    0.2345      0.2345      181.6984%   0.5053      0.1659 s        48.15 s     
State: <vali>
	iter    Loss        MAE         MAPE        RMSE        Speed (/iter)   Time Cost   
	0000    0.2317      0.2317      170.5728%   0.6137      0.0625 s        0.06 s      
State: <test>
	iter    Loss        MAE         MAPE        RMSE        Speed (/iter)   Time Cost   
	0000    0.2388      0.2388      213.1805%   0.6492      0.0655 s        0.07 s      
Info Report: <Epoch 027> 
	State   Avg. Loss   Avg. MAE    Avg. MAPE   Avg. RMSE   Time Cost   
	train   0.2347      0.2347      181.9679%   0.5059      60.27 s     
	vali    0.2404      0.2404      182.1488%   0.6276      2.58 s      
	test    0.2838      0.2838      197.1362%   0.7031      6.21 s      
<Latest 5>	23          24          25          26          27          
    Loss	0.2862      0.2849      0.2852      0.2845      0.2838      

Epoch: 028
State: <train>
	iter    Loss        MAE         MAPE        RMSE        Speed (/iter)   Time Cost   
	0000    0.2272      0.2272      187.2218%   0.4899      0.1640 s        0.16 s      
	0100    0.2337      0.2337      181.1317%   0.5047      0.1654 s        16.71 s     
	0200    0.2342      0.2342      180.9694%   0.5053      0.1606 s        32.76 s     
	0300    0.2341      0.2341      181.1143%   0.5056      0.1536 s        48.12 s     
State: <vali>
	iter    Loss        MAE         MAPE        RMSE        Speed (/iter)   Time Cost   
	0000    0.2373      0.2373      175.6067%   0.6099      0.0611 s        0.06 s      
State: <test>
	iter    Loss        MAE         MAPE        RMSE        Speed (/iter)   Time Cost   
	0000    0.2363      0.2363      212.1351%   0.6461      0.0635 s        0.06 s      
Info Report: <Epoch 028> 
	State   Avg. Loss   Avg. MAE    Avg. MAPE   Avg. RMSE   Time Cost   
	train   0.2340      0.2340      181.2656%   0.5050      60.87 s     
	vali    0.2399      0.2399      182.3472%   0.6267      2.59 s      
	test    0.2829      0.2829      197.4838%   0.7015      5.83 s      
<Latest 5>	24          25          26          27          28          
    Loss	0.2849      0.2852      0.2845      0.2838      0.2829      

Epoch: 029
State: <train>
	iter    Loss        MAE         MAPE        RMSE        Speed (/iter)   Time Cost   
	0000    0.2284      0.2284      173.9152%   0.4968      0.1537 s        0.15 s      
	0100    0.2328      0.2328      181.3101%   0.5039      0.1644 s        16.59 s     
	0200    0.2334      0.2334      179.8592%   0.5045      0.1627 s        32.86 s     
	0300    0.2335      0.2335      181.1439%   0.5040      0.1638 s        49.24 s     
State: <vali>
	iter    Loss        MAE         MAPE        RMSE        Speed (/iter)   Time Cost   
	0000    0.2345      0.2345      190.8882%   0.6085      0.0540 s        0.05 s      
State: <test>
	iter    Loss        MAE         MAPE        RMSE        Speed (/iter)   Time Cost   
	0000    0.2359      0.2359      213.7508%   0.6461      0.0681 s        0.07 s      
Info Report: <Epoch 029> 
	State   Avg. Loss   Avg. MAE    Avg. MAPE   Avg. RMSE   Time Cost   
	train   0.2331      0.2331      180.7619%   0.5040      62.30 s     
	vali    0.2399      0.2399      183.0232%   0.6263      2.81 s      
	test    0.2832      0.2832      197.9538%   0.7021      5.49 s      
<Latest 5>	25          26          27          28          29          
    Loss	0.2852      0.2845      0.2838      0.2829      0.2832      

Epoch: 030
State: <train>
	iter    Loss        MAE         MAPE        RMSE        Speed (/iter)   Time Cost   
	0000    0.2269      0.2269      178.3168%   0.4926      0.1408 s        0.14 s      
	0100    0.2316      0.2316      179.0570%   0.5026      0.1511 s        15.25 s     
	0200    0.2326      0.2326      179.9977%   0.5028      0.1642 s        31.67 s     
	0300    0.2334      0.2334      181.7843%   0.5048      0.1616 s        47.83 s     
State: <vali>
	iter    Loss        MAE         MAPE        RMSE        Speed (/iter)   Time Cost   
	0000    0.2398      0.2398      199.0282%   0.6286      0.0627 s        0.06 s      
State: <test>
	iter    Loss        MAE         MAPE        RMSE        Speed (/iter)   Time Cost   
	0000    0.2362      0.2362      212.6770%   0.6469      0.0725 s        0.07 s      
Info Report: <Epoch 030> 
	State   Avg. Loss   Avg. MAE    Avg. MAPE   Avg. RMSE   Time Cost   
	train   0.2324      0.2324      180.1517%   0.5032      60.83 s     
	vali    0.2395      0.2395      182.6535%   0.6261      2.79 s      
	test    0.2830      0.2830      197.6830%   0.7016      6.31 s      
<Latest 5>	26          27          28          29          30          
    Loss	0.2845      0.2838      0.2829      0.2832      0.2830      

Epoch: 031
State: <train>
	iter    Loss        MAE         MAPE        RMSE        Speed (/iter)   Time Cost   
	0000    0.2374      0.2374      184.4968%   0.5095      0.1749 s        0.17 s      
	0100    0.2319      0.2319      179.5145%   0.5022      0.1574 s        15.92 s     
	0200    0.2312      0.2312      179.2511%   0.5016      0.1573 s        31.64 s     
	0300    0.2325      0.2325      180.3721%   0.5035      0.1537 s        47.02 s     
State: <vali>
	iter    Loss        MAE         MAPE        RMSE        Speed (/iter)   Time Cost   
	0000    0.2417      0.2417      203.9429%   0.6516      0.0557 s        0.06 s      
State: <test>
	iter    Loss        MAE         MAPE        RMSE        Speed (/iter)   Time Cost   
	0000    0.2355      0.2355      210.8490%   0.6463      0.0698 s        0.07 s      
Info Report: <Epoch 031> 
	State   Avg. Loss   Avg. MAE    Avg. MAPE   Avg. RMSE   Time Cost   
	train   0.2318      0.2318      179.6301%   0.5024      59.89 s     
	vali    0.2379      0.2379      181.2274%   0.6248      2.80 s      
	test    0.2816      0.2816      196.0701%   0.7004      6.30 s      
<Latest 5>	27          28          29          30          31          
    Loss	0.2838      0.2829      0.2832      0.2830      0.2816      

Epoch: 032
State: <train>
	iter    Loss        MAE         MAPE        RMSE        Speed (/iter)   Time Cost   
	0000    0.2301      0.2301      183.8730%   0.4950      0.1815 s        0.18 s      
	0100    0.2307      0.2307      177.8455%   0.5010      0.1640 s        16.58 s     
	0200    0.2313      0.2313      179.0877%   0.5019      0.1563 s        32.22 s     
	0300    0.2298      0.2298      178.0324%   0.4999      0.1632 s        48.53 s     
State: <vali>
	iter    Loss        MAE         MAPE        RMSE        Speed (/iter)   Time Cost   
	0000    0.2412      0.2412      173.7337%   0.6226      0.0535 s        0.05 s      
State: <test>
	iter    Loss        MAE         MAPE        RMSE        Speed (/iter)   Time Cost   
	0000    0.2357      0.2357      211.6302%   0.6471      0.0587 s        0.06 s      
Info Report: <Epoch 032> 
	State   Avg. Loss   Avg. MAE    Avg. MAPE   Avg. RMSE   Time Cost   
	train   0.2310      0.2310      178.8846%   0.5016      61.08 s     
	vali    0.2384      0.2384      181.4320%   0.6256      2.49 s      
	test    0.2816      0.2816      195.5549%   0.7005      5.56 s      
<Latest 5>	28          29          30          31          32          
    Loss	0.2829      0.2832      0.2830      0.2816      0.2816      

Epoch: 033
State: <train>
	iter    Loss        MAE         MAPE        RMSE        Speed (/iter)   Time Cost   
	0000    0.2239      0.2239      170.2853%   0.4941      0.1450 s        0.15 s      
	0100    0.2309      0.2309      179.2912%   0.5010      0.1666 s        16.80 s     
	0200    0.2303      0.2303      178.3656%   0.5001      0.1591 s        32.71 s     
	0300    0.2306      0.2306      178.5505%   0.5010      0.1598 s        48.70 s     
State: <vali>
	iter    Loss        MAE         MAPE        RMSE        Speed (/iter)   Time Cost   
	0000    0.2450      0.2450      186.4510%   0.6449      0.0677 s        0.07 s      
State: <test>
	iter    Loss        MAE         MAPE        RMSE        Speed (/iter)   Time Cost   
	0000    0.2354      0.2354      211.6854%   0.6466      0.0553 s        0.06 s      
Info Report: <Epoch 033> 
	State   Avg. Loss   Avg. MAE    Avg. MAPE   Avg. RMSE   Time Cost   
	train   0.2304      0.2304      178.4201%   0.5008      61.27 s     
	vali    0.2379      0.2379      180.9467%   0.6248      2.77 s      
	test    0.2818      0.2818      196.2301%   0.7007      6.30 s      
<Latest 5>	29          30          31          32          33          
    Loss	0.2832      0.2830      0.2816      0.2816      0.2818      

Epoch: 034
State: <train>
	iter    Loss        MAE         MAPE        RMSE        Speed (/iter)   Time Cost   
	0000    0.2298      0.2298      173.6245%   0.5039      0.1576 s        0.16 s      
	0100    0.2303      0.2303      178.1197%   0.5008      0.1679 s        16.94 s     
	0200    0.2294      0.2294      177.2767%   0.4990      0.1545 s        32.39 s     
	0300    0.2304      0.2304      178.3976%   0.5006      0.1557 s        47.97 s     
State: <vali>
	iter    Loss        MAE         MAPE        RMSE        Speed (/iter)   Time Cost   
	0000    0.2412      0.2412      188.7478%   0.6297      0.0665 s        0.07 s      
State: <test>
	iter    Loss        MAE         MAPE        RMSE        Speed (/iter)   Time Cost   
	0000    0.2363      0.2363      211.2586%   0.6480      0.0688 s        0.07 s      
Info Report: <Epoch 034> 
	State   Avg. Loss   Avg. MAE    Avg. MAPE   Avg. RMSE   Time Cost   
	train   0.2299      0.2299      177.9800%   0.5002      60.46 s     
	vali    0.2378      0.2378      181.1201%   0.6246      2.72 s      
	test    0.2814      0.2814      196.1207%   0.6999      6.19 s      
<Latest 5>	30          31          32          33          34          
    Loss	0.2830      0.2816      0.2816      0.2818      0.2814      

Epoch: 035
State: <train>
	iter    Loss        MAE         MAPE        RMSE        Speed (/iter)   Time Cost   
	0000    0.2276      0.2276      166.8070%   0.5001      0.1574 s        0.16 s      
	0100    0.2292      0.2292      177.6487%   0.4995      0.1670 s        16.86 s     
	0200    0.2289      0.2289      177.2509%   0.4988      0.1671 s        33.56 s     
	0300    0.2294      0.2294      177.7378%   0.4993      0.1614 s        49.71 s     
State: <vali>
	iter    Loss        MAE         MAPE        RMSE        Speed (/iter)   Time Cost   
	0000    0.2382      0.2382      200.4305%   0.6324      0.0570 s        0.06 s      
State: <test>
	iter    Loss        MAE         MAPE        RMSE        Speed (/iter)   Time Cost   
	0000    0.2336      0.2336      212.3132%   0.6453      0.0653 s        0.07 s      
Info Report: <Epoch 035> 
	State   Avg. Loss   Avg. MAE    Avg. MAPE   Avg. RMSE   Time Cost   
	train   0.2293      0.2293      177.5922%   0.4995      60.87 s     
	vali    0.2374      0.2374      181.5921%   0.6242      2.40 s      
	test    0.2810      0.2810      196.7925%   0.6995      6.08 s      
<Latest 5>	31          32          33          34          35          
    Loss	0.2816      0.2816      0.2818      0.2814      0.2810      

Epoch: 036
State: <train>
	iter    Loss        MAE         MAPE        RMSE        Speed (/iter)   Time Cost   
	0000    0.2220      0.2220      172.2607%   0.5007      0.1450 s        0.15 s      
	0100    0.2285      0.2285      176.6228%   0.4990      0.1657 s        16.72 s     
	0200    0.2287      0.2287      176.7542%   0.4987      0.1670 s        33.42 s     
	0300    0.2286      0.2286      177.7728%   0.4976      0.1668 s        50.10 s     
State: <vali>
	iter    Loss        MAE         MAPE        RMSE        Speed (/iter)   Time Cost   
	0000    0.2414      0.2414      190.9339%   0.6270      0.0621 s        0.06 s      
State: <test>
	iter    Loss        MAE         MAPE        RMSE        Speed (/iter)   Time Cost   
	0000    0.2324      0.2324      211.2384%   0.6437      0.0546 s        0.05 s      
Info Report: <Epoch 036> 
	State   Avg. Loss   Avg. MAE    Avg. MAPE   Avg. RMSE   Time Cost   
	train   0.2288      0.2288      176.9023%   0.4989      62.21 s     
	vali    0.2371      0.2371      181.1384%   0.6236      2.49 s      
	test    0.2805      0.2805      195.9394%   0.6989      5.82 s      
<Latest 5>	32          33          34          35          36          
    Loss	0.2816      0.2818      0.2814      0.2810      0.2805      

Epoch: 037
State: <train>
	iter    Loss        MAE         MAPE        RMSE        Speed (/iter)   Time Cost   
	0000    0.2250      0.2250      175.7418%   0.4930      0.1515 s        0.15 s      
	0100    0.2286      0.2286      177.2779%   0.4978      0.1614 s        16.29 s     
	0200    0.2277      0.2277      175.4782%   0.4981      0.1591 s        32.20 s     
	0300    0.2285      0.2285      177.0419%   0.4991      0.1672 s        48.93 s     
State: <vali>
	iter    Loss        MAE         MAPE        RMSE        Speed (/iter)   Time Cost   
	0000    0.2303      0.2303      159.3545%   0.6088      0.0503 s        0.05 s      
State: <test>
	iter    Loss        MAE         MAPE        RMSE        Speed (/iter)   Time Cost   
	0000    0.2333      0.2333      209.6727%   0.6449      0.0611 s        0.06 s      
Info Report: <Epoch 037> 
	State   Avg. Loss   Avg. MAE    Avg. MAPE   Avg. RMSE   Time Cost   
	train   0.2282      0.2282      176.6095%   0.4983      61.74 s     
	vali    0.2365      0.2365      180.1306%   0.6236      2.54 s      
	test    0.2800      0.2800      194.5899%   0.6987      5.54 s      
<Latest 5>	33          34          35          36          37          
    Loss	0.2818      0.2814      0.2810      0.2805      0.2800      

Epoch: 038
State: <train>
	iter    Loss        MAE         MAPE        RMSE        Speed (/iter)   Time Cost   
	0000    0.2227      0.2227      175.0345%   0.4853      0.1611 s        0.16 s      
	0100    0.2271      0.2271      175.7597%   0.4965      0.1590 s        16.07 s     
	0200    0.2284      0.2284      176.4400%   0.4980      0.1671 s        32.77 s     
	0300    0.2280      0.2280      176.3752%   0.4988      0.1627 s        49.04 s     
State: <vali>
	iter    Loss        MAE         MAPE        RMSE        Speed (/iter)   Time Cost   
	0000    0.2385      0.2385      188.9924%   0.6314      0.0665 s        0.07 s      
State: <test>
	iter    Loss        MAE         MAPE        RMSE        Speed (/iter)   Time Cost   
	0000    0.2328      0.2328      210.0286%   0.6447      0.0528 s        0.05 s      
Info Report: <Epoch 038> 
	State   Avg. Loss   Avg. MAE    Avg. MAPE   Avg. RMSE   Time Cost   
	train   0.2278      0.2278      176.2119%   0.4977      61.23 s     
	vali    0.2365      0.2365      180.7692%   0.6231      2.81 s      
	test    0.2800      0.2800      195.5143%   0.6986      5.96 s      
<Latest 5>	34          35          36          37          38          
    Loss	0.2814      0.2810      0.2805      0.2800      0.2800      

Epoch: 039
State: <train>
	iter    Loss        MAE         MAPE        RMSE        Speed (/iter)   Time Cost   
	0000    0.2293      0.2293      167.8919%   0.5075      0.1448 s        0.14 s      
	0100    0.2265      0.2265      174.7040%   0.4970      0.1513 s        15.27 s     
	0200    0.2277      0.2277      176.2332%   0.4970      0.1667 s        31.94 s     
	0300    0.2279      0.2279      177.2413%   0.4971      0.1662 s        48.56 s     
State: <vali>
	iter    Loss        MAE         MAPE        RMSE        Speed (/iter)   Time Cost   
	0000    0.2354      0.2354      178.8634%   0.6283      0.0618 s        0.06 s      
State: <test>
	iter    Loss        MAE         MAPE        RMSE        Speed (/iter)   Time Cost   
	0000    0.2338      0.2338      210.1729%   0.6461      0.0520 s        0.05 s      
Info Report: <Epoch 039> 
	State   Avg. Loss   Avg. MAE    Avg. MAPE   Avg. RMSE   Time Cost   
	train   0.2273      0.2273      176.0189%   0.4972      61.61 s     
	vali    0.2367      0.2367      179.9245%   0.6235      2.80 s      
	test    0.2805      0.2805      194.9603%   0.6991      6.30 s      
<Latest 5>	35          36          37          38          39          
    Loss	0.2810      0.2805      0.2800      0.2800      0.2805      

Epoch: 040
State: <train>
	iter    Loss        MAE         MAPE        RMSE        Speed (/iter)   Time Cost   
	0000    0.2276      0.2276      179.1457%   0.4926      0.1635 s        0.16 s      
	0100    0.2261      0.2261      174.4989%   0.4958      0.1436 s        14.52 s     
	0200    0.2276      0.2276      176.0000%   0.4980      0.1580 s        30.32 s     
	0300    0.2270      0.2270      176.4851%   0.4962      0.1666 s        46.98 s     
State: <vali>
	iter    Loss        MAE         MAPE        RMSE        Speed (/iter)   Time Cost   
	0000    0.2367      0.2367      184.1560%   0.6257      0.0542 s        0.05 s      
State: <test>
	iter    Loss        MAE         MAPE        RMSE        Speed (/iter)   Time Cost   
	0000    0.2335      0.2335      209.1416%   0.6462      0.0721 s        0.07 s      
Info Report: <Epoch 040> 
	State   Avg. Loss   Avg. MAE    Avg. MAPE   Avg. RMSE   Time Cost   
	train   0.2268      0.2268      175.5362%   0.4967      60.00 s     
	vali    0.2357      0.2357      180.0429%   0.6223      2.79 s      
	test    0.2795      0.2795      194.4562%   0.6983      6.31 s      
<Latest 5>	36          37          38          39          40          
    Loss	0.2805      0.2800      0.2800      0.2805      0.2795      

Epoch: 041
State: <train>
	iter    Loss        MAE         MAPE        RMSE        Speed (/iter)   Time Cost   
	0000    0.2233      0.2233      179.2653%   0.4866      0.1753 s        0.18 s      
	0100    0.2260      0.2260      174.5847%   0.4953      0.1625 s        16.42 s     
	0200    0.2269      0.2269      175.6562%   0.4970      0.1518 s        31.60 s     
	0300    0.2259      0.2259      174.6326%   0.4954      0.1555 s        47.15 s     
State: <vali>
	iter    Loss        MAE         MAPE        RMSE        Speed (/iter)   Time Cost   
	0000    0.2352      0.2352      173.3198%   0.6198      0.0634 s        0.06 s      
State: <test>
	iter    Loss        MAE         MAPE        RMSE        Speed (/iter)   Time Cost   
	0000    0.2331      0.2331      208.7183%   0.6462      0.0683 s        0.07 s      
Info Report: <Epoch 041> 
	State   Avg. Loss   Avg. MAE    Avg. MAPE   Avg. RMSE   Time Cost   
	train   0.2264      0.2264      174.9835%   0.4962      60.12 s     
	vali    0.2365      0.2365      180.1155%   0.6236      2.80 s      
	test    0.2798      0.2798      194.2888%   0.6987      6.34 s      
<Latest 5>	37          38          39          40          41          
    Loss	0.2800      0.2800      0.2805      0.2795      0.2798      

Epoch: 042
State: <train>
	iter    Loss        MAE         MAPE        RMSE        Speed (/iter)   Time Cost   
	0000    0.2317      0.2317      194.4265%   0.4879      0.1615 s        0.16 s      
	0100    0.2254      0.2254      174.0775%   0.4945      0.1659 s        16.75 s     
	0200    0.2270      0.2270      175.6876%   0.4969      0.1544 s        32.20 s     
	0300    0.2252      0.2252      174.7753%   0.4942      0.1598 s        48.17 s     
State: <vali>
	iter    Loss        MAE         MAPE        RMSE        Speed (/iter)   Time Cost   
	0000    0.2383      0.2383      171.1377%   0.6465      0.0641 s        0.06 s      
State: <test>
	iter    Loss        MAE         MAPE        RMSE        Speed (/iter)   Time Cost   
	0000    0.2324      0.2324      208.9128%   0.6452      0.0694 s        0.07 s      
Info Report: <Epoch 042> 
	State   Avg. Loss   Avg. MAE    Avg. MAPE   Avg. RMSE   Time Cost   
	train   0.2260      0.2260      174.8142%   0.4956      61.22 s     
	vali    0.2356      0.2356      179.7859%   0.6220      2.80 s      
	test    0.2793      0.2793      194.6653%   0.6978      6.18 s      
<Latest 5>	38          39          40          41          42          
    Loss	0.2800      0.2805      0.2795      0.2798      0.2793      

<Final Report>
	Idx     Avg. MAE    Avg. MAPE   Avg. RMSE   Avg. MSE    
	42      0.27926     194.6653%   70.12027%   0.49169     
	Notes: None
	Training finished!

Script finished. Total runtime: 2719.692818 seconds
