nohup: ignoring input
Regenerating dataset.
	Done.
Loading existence torch dataset.
	choice channels ['0', '1', '2', '3', '4', '5', '6', '7', '8', '9', '10', '11', '12', '13', '14', '15', '16', '17', '18', '19', '20', '21', '22', '23', '24', '25', '26', '27', '28', '29', '30', '31', '32', '33', '34', '35', '36', '37', '38', '39', '40', '41', '42', '43', '44', '45', '46', '47', '48', '49', '50', '51', '52', '53', '54', '55', '56', '57', '58', '59', '60', '61', '62', '63', '64', '65', '66', '67', '68', '69', '70', '71', '72', '73', '74', '75', '76', '77', '78', '79', '80', '81', '82', '83', '84', '85', '86', '87', '88', '89', '90', '91', '92', '93', '94', '95', '96', '97', '98', '99', '100', '101', '102', '103', '104', '105', '106', '107', '108', '109', '110', '111', '112', '113', '114', '115', '116', '117', '118', '119', '120', '121', '122', '123', '124', '125', '126', '127', '128', '129', '130', '131', '132', '133', '134', '135', '136', '137', '138', '139', '140', '141', '142', '143', '144', '145', '146', '147', '148', '149', '150', '151', '152', '153', '154', '155', '156', '157', '158', '159', '160', '161', '162', '163', '164', '165', '166', '167', '168', '169', '170', '171', '172', '173', '174', '175', '176', '177', '178', '179', '180', '181', '182', '183', '184', '185', '186', '187', '188', '189', '190', '191', '192', '193', '194', '195', '196', '197', '198', '199', '200', '201', '202', '203', '204', '205', '206', '207', '208', '209', '210', '211', '212', '213', '214', '215', '216', '217', '218', '219', '220', '221', '222', '223', '224', '225', '226', '227', '228', '229', '230', '231', '232', '233', '234', '235', '236', '237', '238', '239', '240', '241', '242', '243', '244', '245', '246', '247', '248', '249', '250', '251', '252', '253', '254', '255', '256', '257', '258', '259', '260', '261', '262', '263', '264', '265', '266', '267', '268', '269', '270', '271', '272', '273', '274', '275', '276', '277', '278', '279', '280', '281', '282', '283', '284', '285', '286', '287', '288', '289', '290', '291', '292', '293', '294', '295', '296', '297', '298', '299', '300', '301', '302', '303', '304', '305', '306', '307', '308', '309', '310', '311', '312', '313', '314', '315', '316', '317', '318', '319', '320', '321', '322', '323', '324', '325', '326', '327', '328', '329', '330', '331', '332', '333', '334', '335', '336', '337', '338', '339', '340', '341', '342', '343', '344', '345', '346', '347', '348', '349', '350', '351', '352', '353', '354', '355', '356', '357', '358', '359', '360', '361', '362', '363', '364', '365', '366', '367', '368', '369', '370', '371', '372', '373', '374', '375', '376', '377', '378', '379', '380', '381', '382', '383', '384', '385', '386', '387', '388', '389', '390', '391', '392', '393', '394', '395', '396', '397', '398', '399', '400', '401', '402', '403', '404', '405', '406', '407', '408', '409', '410', '411', '412', '413', '414', '415', '416', '417', '418', '419', '420', '421', '422', '423', '424', '425', '426', '427', '428', '429', '430', '431', '432', '433', '434', '435', '436', '437', '438', '439', '440', '441', '442', '443', '444', '445', '446', '447', '448', '449', '450', '451', '452', '453', '454', '455', '456', '457', '458', '459', '460', '461', '462', '463', '464', '465', '466', '467', '468', '469', '470', '471', '472', '473', '474', '475', '476', '477', '478', '479', '480', '481', '482', '483', '484', '485', '486', '487', '488', '489', '490', '491', '492', '493', '494', '495', '496', '497', '498', '499', '500', '501', '502', '503', '504', '505', '506', '507', '508', '509', '510', '511', '512', '513', '514', '515', '516', '517', '518', '519', '520', '521', '522', '523', '524', '525', '526', '527', '528', '529', '530', '531', '532', '533', '534', '535', '536', '537', '538', '539', '540', '541', '542', '543', '544', '545', '546', '547', '548', '549', '550', '551', '552', '553', '554', '555', '556', '557', '558', '559', '560', '561', '562', '563', '564', '565', '566', '567', '568', '569', '570', '571', '572', '573', '574', '575', '576', '577', '578', '579', '580', '581', '582', '583', '584', '585', '586', '587', '588', '589', '590', '591', '592', '593', '594', '595', '596', '597', '598', '599', '600', '601', '602', '603', '604', '605', '606', '607', '608', '609', '610', '611', '612', '613', '614', '615', '616', '617', '618', '619', '620', '621', '622', '623', '624', '625', '626', '627', '628', '629', '630', '631', '632', '633', '634', '635', '636', '637', '638', '639', '640', '641', '642', '643', '644', '645', '646', '647', '648', '649', '650', '651', '652', '653', '654', '655', '656', '657', '658', '659', '660', '661', '662', '663', '664', '665', '666', '667', '668', '669', '670', '671', '672', '673', '674', '675', '676', '677', '678', '679', '680', '681', '682', '683', '684', '685', '686', '687', '688', '689', '690', '691', '692', '693', '694', '695', '696', '697', '698', '699', '700', '701', '702', '703', '704', '705', '706', '707', '708', '709', '710', '711', '712', '713', '714', '715', '716', '717', '718', '719', '720', '721', '722', '723', '724', '725', '726', '727', '728', '729', '730', '731', '732', '733', '734', '735', '736', '737', '738', '739', '740', '741', '742', '743', '744', '745', '746', '747', '748', '749', '750', '751', '752', '753', '754', '755', '756', '757', '758', '759', '760', '761', '762', '763', '764', '765', '766', '767', '768', '769', '770', '771', '772', '773', '774', '775', '776', '777', '778', '779', '780', '781', '782', '783', '784', '785', '786', '787', '788', '789', '790', '791', '792', '793', '794', '795', '796', '797', '798', '799', '800', '801', '802', '803', '804', '805', '806', '807', '808', '809', '810', '811', '812', '813', '814', '815', '816', '817', '818', '819', '820', '821', '822', '823', '824', '825', '826', '827', '828', '829', '830', '831', '832', '833', '834', '835', '836', '837', '838', '839', '840', '841', '842', '843', '844', '845', '846', '847', '848', '849', '850', '851', '852', '853', '854', '855', '856', '857', '858', '859', '860', 'OT']
	train: 12240
	vali : 1488
	test : 3168
dca-asffn

Experiment Start at <2024-10-10_14:56:03>
	PID: <3843164>
	Notes: <None>

Envs Setting:
    loss: "l1";      dataset_prob: "[0.7, 0.1, 0.2]";      data_scale: "True";  
    date_scale: "True";      c_out: "862";      regen_dataset: "True";  
    check_dataloader: "False";      muti_process: "False";      seed: "42";      device: "cuda:0";  
    dtype: "torch.float32";      adjust_lr: "False";      save_best_model: "True";  
    load_best_model: "False";      inp_len: "96";      pred_len: "96";      epochs: "42";  
    batch_size: "32";      optimizer: "amam";      learning_rate: "0.0001";  
    weight_decay: "0";      dropout: "0.3";      c_in: "862";  
Model Setting:
    name: "vtitg-asffn";      adp_dim: "10";      layers: "4";      order: "2";      dilation: "1";  
    kernel_size: "3";      dropout: "0.5";      share: "False";      use_update: "False";  
    use_guide: "True";      use_mav: "False";      c_date: "5";      n_nodes: "1";  
    c_in: "862";      c_out: "862";      device: "cuda:0";      inp_len: "96";  
Dataset Setting:
    name: "traffic";      channels: "862";      n_nodes: "1";      lens: "17544";  
    time_window: "60mins";  
    channel_info: "['0', '1', '2', '3', '4', '5', '6', '7', '8', '9', '10', '11', '12', '13', '14', '15', '16', '17', '18', '19', '20', '21', '22', '23', '24', '25', '26', '27', '28', '29', '30', '31', '32', '33', '34', '35', '36', '37', '38', '39', '40', '41', '42', '43', '44', '45', '46', '47', '48', '49', '50', '51', '52', '53', '54', '55', '56', '57', '58', '59', '60', '61', '62', '63', '64', '65', '66', '67', '68', '69', '70', '71', '72', '73', '74', '75', '76', '77', '78', '79', '80', '81', '82', '83', '84', '85', '86', '87', '88', '89', '90', '91', '92', '93', '94', '95', '96', '97', '98', '99', '100', '101', '102', '103', '104', '105', '106', '107', '108', '109', '110', '111', '112', '113', '114', '115', '116', '117', '118', '119', '120', '121', '122', '123', '124', '125', '126', '127', '128', '129', '130', '131', '132', '133', '134', '135', '136', '137', '138', '139', '140', '141', '142', '143', '144', '145', '146', '147', '148', '149', '150', '151', '152', '153', '154', '155', '156', '157', '158', '159', '160', '161', '162', '163', '164', '165', '166', '167', '168', '169', '170', '171', '172', '173', '174', '175', '176', '177', '178', '179', '180', '181', '182', '183', '184', '185', '186', '187', '188', '189', '190', '191', '192', '193', '194', '195', '196', '197', '198', '199', '200', '201', '202', '203', '204', '205', '206', '207', '208', '209', '210', '211', '212', '213', '214', '215', '216', '217', '218', '219', '220', '221', '222', '223', '224', '225', '226', '227', '228', '229', '230', '231', '232', '233', '234', '235', '236', '237', '238', '239', '240', '241', '242', '243', '244', '245', '246', '247', '248', '249', '250', '251', '252', '253', '254', '255', '256', '257', '258', '259', '260', '261', '262', '263', '264', '265', '266', '267', '268', '269', '270', '271', '272', '273', '274', '275', '276', '277', '278', '279', '280', '281', '282', '283', '284', '285', '286', '287', '288', '289', '290', '291', '292', '293', '294', '295', '296', '297', '298', '299', '300', '301', '302', '303', '304', '305', '306', '307', '308', '309', '310', '311', '312', '313', '314', '315', '316', '317', '318', '319', '320', '321', '322', '323', '324', '325', '326', '327', '328', '329', '330', '331', '332', '333', '334', '335', '336', '337', '338', '339', '340', '341', '342', '343', '344', '345', '346', '347', '348', '349', '350', '351', '352', '353', '354', '355', '356', '357', '358', '359', '360', '361', '362', '363', '364', '365', '366', '367', '368', '369', '370', '371', '372', '373', '374', '375', '376', '377', '378', '379', '380', '381', '382', '383', '384', '385', '386', '387', '388', '389', '390', '391', '392', '393', '394', '395', '396', '397', '398', '399', '400', '401', '402', '403', '404', '405', '406', '407', '408', '409', '410', '411', '412', '413', '414', '415', '416', '417', '418', '419', '420', '421', '422', '423', '424', '425', '426', '427', '428', '429', '430', '431', '432', '433', '434', '435', '436', '437', '438', '439', '440', '441', '442', '443', '444', '445', '446', '447', '448', '449', '450', '451', '452', '453', '454', '455', '456', '457', '458', '459', '460', '461', '462', '463', '464', '465', '466', '467', '468', '469', '470', '471', '472', '473', '474', '475', '476', '477', '478', '479', '480', '481', '482', '483', '484', '485', '486', '487', '488', '489', '490', '491', '492', '493', '494', '495', '496', '497', '498', '499', '500', '501', '502', '503', '504', '505', '506', '507', '508', '509', '510', '511', '512', '513', '514', '515', '516', '517', '518', '519', '520', '521', '522', '523', '524', '525', '526', '527', '528', '529', '530', '531', '532', '533', '534', '535', '536', '537', '538', '539', '540', '541', '542', '543', '544', '545', '546', '547', '548', '549', '550', '551', '552', '553', '554', '555', '556', '557', '558', '559', '560', '561', '562', '563', '564', '565', '566', '567', '568', '569', '570', '571', '572', '573', '574', '575', '576', '577', '578', '579', '580', '581', '582', '583', '584', '585', '586', '587', '588', '589', '590', '591', '592', '593', '594', '595', '596', '597', '598', '599', '600', '601', '602', '603', '604', '605', '606', '607', '608', '609', '610', '611', '612', '613', '614', '615', '616', '617', '618', '619', '620', '621', '622', '623', '624', '625', '626', '627', '628', '629', '630', '631', '632', '633', '634', '635', '636', '637', '638', '639', '640', '641', '642', '643', '644', '645', '646', '647', '648', '649', '650', '651', '652', '653', '654', '655', '656', '657', '658', '659', '660', '661', '662', '663', '664', '665', '666', '667', '668', '669', '670', '671', '672', '673', '674', '675', '676', '677', '678', '679', '680', '681', '682', '683', '684', '685', '686', '687', '688', '689', '690', '691', '692', '693', '694', '695', '696', '697', '698', '699', '700', '701', '702', '703', '704', '705', '706', '707', '708', '709', '710', '711', '712', '713', '714', '715', '716', '717', '718', '719', '720', '721', '722', '723', '724', '725', '726', '727', '728', '729', '730', '731', '732', '733', '734', '735', '736', '737', '738', '739', '740', '741', '742', '743', '744', '745', '746', '747', '748', '749', '750', '751', '752', '753', '754', '755', '756', '757', '758', '759', '760', '761', '762', '763', '764', '765', '766', '767', '768', '769', '770', '771', '772', '773', '774', '775', '776', '777', '778', '779', '780', '781', '782', '783', '784', '785', '786', '787', '788', '789', '790', '791', '792', '793', '794', '795', '796', '797', '798', '799', '800', '801', '802', '803', '804', '805', '806', '807', '808', '809', '810', '811', '812', '813', '814', '815', '816', '817', '818', '819', '820', '821', '822', '823', '824', '825', '826', '827', '828', '829', '830', '831', '832', '833', '834', '835', '836', '837', '838', '839', '840', '841', '842', '843', '844', '845', '846', '847', '848', '849', '850', '851', '852', '853', '854', '855', '856', '857', '858', '859', '860', 'OT']";  
    choise_channels: "[0, 1, 2, 3, 4, 5, 6, 7, 8, 9, 10, 11, 12, 13, 14, 15, 16, 17, 18, 19, 20, 21, 22, 23, 24, 25, 26, 27, 28, 29, 30, 31, 32, 33, 34, 35, 36, 37, 38, 39, 40, 41, 42, 43, 44, 45, 46, 47, 48, 49, 50, 51, 52, 53, 54, 55, 56, 57, 58, 59, 60, 61, 62, 63, 64, 65, 66, 67, 68, 69, 70, 71, 72, 73, 74, 75, 76, 77, 78, 79, 80, 81, 82, 83, 84, 85, 86, 87, 88, 89, 90, 91, 92, 93, 94, 95, 96, 97, 98, 99, 100, 101, 102, 103, 104, 105, 106, 107, 108, 109, 110, 111, 112, 113, 114, 115, 116, 117, 118, 119, 120, 121, 122, 123, 124, 125, 126, 127, 128, 129, 130, 131, 132, 133, 134, 135, 136, 137, 138, 139, 140, 141, 142, 143, 144, 145, 146, 147, 148, 149, 150, 151, 152, 153, 154, 155, 156, 157, 158, 159, 160, 161, 162, 163, 164, 165, 166, 167, 168, 169, 170, 171, 172, 173, 174, 175, 176, 177, 178, 179, 180, 181, 182, 183, 184, 185, 186, 187, 188, 189, 190, 191, 192, 193, 194, 195, 196, 197, 198, 199, 200, 201, 202, 203, 204, 205, 206, 207, 208, 209, 210, 211, 212, 213, 214, 215, 216, 217, 218, 219, 220, 221, 222, 223, 224, 225, 226, 227, 228, 229, 230, 231, 232, 233, 234, 235, 236, 237, 238, 239, 240, 241, 242, 243, 244, 245, 246, 247, 248, 249, 250, 251, 252, 253, 254, 255, 256, 257, 258, 259, 260, 261, 262, 263, 264, 265, 266, 267, 268, 269, 270, 271, 272, 273, 274, 275, 276, 277, 278, 279, 280, 281, 282, 283, 284, 285, 286, 287, 288, 289, 290, 291, 292, 293, 294, 295, 296, 297, 298, 299, 300, 301, 302, 303, 304, 305, 306, 307, 308, 309, 310, 311, 312, 313, 314, 315, 316, 317, 318, 319, 320, 321, 322, 323, 324, 325, 326, 327, 328, 329, 330, 331, 332, 333, 334, 335, 336, 337, 338, 339, 340, 341, 342, 343, 344, 345, 346, 347, 348, 349, 350, 351, 352, 353, 354, 355, 356, 357, 358, 359, 360, 361, 362, 363, 364, 365, 366, 367, 368, 369, 370, 371, 372, 373, 374, 375, 376, 377, 378, 379, 380, 381, 382, 383, 384, 385, 386, 387, 388, 389, 390, 391, 392, 393, 394, 395, 396, 397, 398, 399, 400, 401, 402, 403, 404, 405, 406, 407, 408, 409, 410, 411, 412, 413, 414, 415, 416, 417, 418, 419, 420, 421, 422, 423, 424, 425, 426, 427, 428, 429, 430, 431, 432, 433, 434, 435, 436, 437, 438, 439, 440, 441, 442, 443, 444, 445, 446, 447, 448, 449, 450, 451, 452, 453, 454, 455, 456, 457, 458, 459, 460, 461, 462, 463, 464, 465, 466, 467, 468, 469, 470, 471, 472, 473, 474, 475, 476, 477, 478, 479, 480, 481, 482, 483, 484, 485, 486, 487, 488, 489, 490, 491, 492, 493, 494, 495, 496, 497, 498, 499, 500, 501, 502, 503, 504, 505, 506, 507, 508, 509, 510, 511, 512, 513, 514, 515, 516, 517, 518, 519, 520, 521, 522, 523, 524, 525, 526, 527, 528, 529, 530, 531, 532, 533, 534, 535, 536, 537, 538, 539, 540, 541, 542, 543, 544, 545, 546, 547, 548, 549, 550, 551, 552, 553, 554, 555, 556, 557, 558, 559, 560, 561, 562, 563, 564, 565, 566, 567, 568, 569, 570, 571, 572, 573, 574, 575, 576, 577, 578, 579, 580, 581, 582, 583, 584, 585, 586, 587, 588, 589, 590, 591, 592, 593, 594, 595, 596, 597, 598, 599, 600, 601, 602, 603, 604, 605, 606, 607, 608, 609, 610, 611, 612, 613, 614, 615, 616, 617, 618, 619, 620, 621, 622, 623, 624, 625, 626, 627, 628, 629, 630, 631, 632, 633, 634, 635, 636, 637, 638, 639, 640, 641, 642, 643, 644, 645, 646, 647, 648, 649, 650, 651, 652, 653, 654, 655, 656, 657, 658, 659, 660, 661, 662, 663, 664, 665, 666, 667, 668, 669, 670, 671, 672, 673, 674, 675, 676, 677, 678, 679, 680, 681, 682, 683, 684, 685, 686, 687, 688, 689, 690, 691, 692, 693, 694, 695, 696, 697, 698, 699, 700, 701, 702, 703, 704, 705, 706, 707, 708, 709, 710, 711, 712, 713, 714, 715, 716, 717, 718, 719, 720, 721, 722, 723, 724, 725, 726, 727, 728, 729, 730, 731, 732, 733, 734, 735, 736, 737, 738, 739, 740, 741, 742, 743, 744, 745, 746, 747, 748, 749, 750, 751, 752, 753, 754, 755, 756, 757, 758, 759, 760, 761, 762, 763, 764, 765, 766, 767, 768, 769, 770, 771, 772, 773, 774, 775, 776, 777, 778, 779, 780, 781, 782, 783, 784, 785, 786, 787, 788, 789, 790, 791, 792, 793, 794, 795, 796, 797, 798, 799, 800, 801, 802, 803, 804, 805, 806, 807, 808, 809, 810, 811, 812, 813, 814, 815, 816, 817, 818, 819, 820, 821, 822, 823, 824, 825, 826, 827, 828, 829, 830, 831, 832, 833, 834, 835, 836, 837, 838, 839, 840, 841, 842, 843, 844, 845, 846, 847, 848, 849, 850, 851, 852, 853, 854, 855, 856, 857, 858, 859, 860, 861]";  
    nodes_info: "['None']";      choise_nodes: "[-1]";      folder_path: "./dataset/traffic";  
    file_name: "traffic.csv";      adj_path: "None";      period_type: "week";      c_date: "5";  
    raw_path: "./raw_files/traffic/traffic.csv";      data_channels: "862";  
    dataset_type: "['train', 'test', 'vali']";      scale: "True";      inp_len: "96";  
    pred_len: "96";      dtype: "torch.float32";      num_nodes: "1";      n_channels: "862";  
    data_scale: "True";      date_scale: "True";      dataset_prob: "[0.7, 0.1, 0.2]";  

Epoch: 001
State: <train>
	iter    Loss        MAE         MAPE        RMSE        Speed (/iter)   Time Cost   
	0000    0.7437      0.7437      161.7669%   1.0104      0.4410 s        0.44 s      
	0100    0.5833      0.5833      203.7638%   0.8817      0.0331 s        3.75 s      
	0200    0.4169      0.4169      272.5011%   0.7570      0.0331 s        7.06 s      
	0300    0.3900      0.3900      258.8715%   0.7255      0.0331 s        10.37 s     
State: <vali>
	iter    Loss        MAE         MAPE        RMSE        Speed (/iter)   Time Cost   
	0000    0.3824      0.3824      234.5542%   0.8049      0.0100 s        0.01 s      
State: <test>
	iter    Loss        MAE         MAPE        RMSE        Speed (/iter)   Time Cost   
	0000    0.3954      0.3954      176.7249%   0.8462      0.0112 s        0.01 s      
Info Report: <Epoch 001> 
	State   Avg. Loss   Avg. MAE    Avg. MAPE   Avg. RMSE   Time Cost   
	train   0.4434      0.4434      246.4078%   0.7687      13.06 s     
	vali    0.3795      0.3795      244.2172%   0.8051      0.45 s      
	test    0.4242      0.4242      264.3848%   0.8940      0.97 s      
<Latest 5>	1           
    Loss	0.4242      

Epoch: 002
State: <train>
	iter    Loss        MAE         MAPE        RMSE        Speed (/iter)   Time Cost   
	0000    0.3670      0.3670      235.8166%   0.7019      0.0333 s        0.03 s      
	0100    0.3522      0.3522      245.5426%   0.6686      0.0331 s        3.34 s      
	0200    0.3383      0.3383      242.5667%   0.6479      0.0331 s        6.65 s      
	0300    0.3258      0.3258      239.1031%   0.6277      0.0331 s        9.97 s      
State: <vali>
	iter    Loss        MAE         MAPE        RMSE        Speed (/iter)   Time Cost   
	0000    0.3144      0.3144      244.3682%   0.7114      0.0100 s        0.01 s      
State: <test>
	iter    Loss        MAE         MAPE        RMSE        Speed (/iter)   Time Cost   
	0000    0.2975      0.2975      148.0649%   0.7107      0.0099 s        0.01 s      
Info Report: <Epoch 002> 
	State   Avg. Loss   Avg. MAE    Avg. MAPE   Avg. RMSE   Time Cost   
	train   0.3340      0.3340      240.2769%   0.6408      12.65 s     
	vali    0.3166      0.3166      222.5018%   0.7195      0.45 s      
	test    0.3616      0.3616      245.1671%   0.8045      0.97 s      
<Latest 5>	1           2           
    Loss	0.4242      0.3616      

Epoch: 003
State: <train>
	iter    Loss        MAE         MAPE        RMSE        Speed (/iter)   Time Cost   
	0000    0.3086      0.3086      226.4769%   0.6027      0.0334 s        0.03 s      
	0100    0.3091      0.3091      229.0149%   0.6025      0.0331 s        3.34 s      
	0200    0.3030      0.3030      225.3267%   0.5927      0.0331 s        6.66 s      
	0300    0.2971      0.2971      222.9463%   0.5828      0.0331 s        9.96 s      
State: <vali>
	iter    Loss        MAE         MAPE        RMSE        Speed (/iter)   Time Cost   
	0000    0.2874      0.2874      201.1244%   0.6681      0.0100 s        0.01 s      
State: <test>
	iter    Loss        MAE         MAPE        RMSE        Speed (/iter)   Time Cost   
	0000    0.2757      0.2757      142.0717%   0.6774      0.0099 s        0.01 s      
Info Report: <Epoch 003> 
	State   Avg. Loss   Avg. MAE    Avg. MAPE   Avg. RMSE   Time Cost   
	train   0.3008      0.3008      224.6593%   0.5892      12.65 s     
	vali    0.2887      0.2887      208.4958%   0.6832      0.45 s      
	test    0.3319      0.3319      230.3391%   0.7629      0.96 s      
<Latest 5>	1           2           3           
    Loss	0.4242      0.3616      0.3319      

Epoch: 004
State: <train>
	iter    Loss        MAE         MAPE        RMSE        Speed (/iter)   Time Cost   
	0000    0.2809      0.2809      217.4378%   0.5513      0.0334 s        0.03 s      
	0100    0.2883      0.2883      216.7859%   0.5711      0.0332 s        3.35 s      
	0200    0.2855      0.2855      215.1908%   0.5667      0.0332 s        6.66 s      
	0300    0.2823      0.2823      214.0341%   0.5610      0.0331 s        9.98 s      
State: <vali>
	iter    Loss        MAE         MAPE        RMSE        Speed (/iter)   Time Cost   
	0000    0.2722      0.2722      176.1638%   0.6555      0.0100 s        0.01 s      
State: <test>
	iter    Loss        MAE         MAPE        RMSE        Speed (/iter)   Time Cost   
	0000    0.2709      0.2709      138.7593%   0.6693      0.0098 s        0.01 s      
Info Report: <Epoch 004> 
	State   Avg. Loss   Avg. MAE    Avg. MAPE   Avg. RMSE   Time Cost   
	train   0.2841      0.2841      214.8711%   0.5646      12.66 s     
	vali    0.2759      0.2759      202.0526%   0.6677      0.45 s      
	test    0.3186      0.3186      222.1263%   0.7453      0.97 s      
<Latest 5>	1           2           3           4           
    Loss	0.4242      0.3616      0.3319      0.3186      

Epoch: 005
State: <train>
	iter    Loss        MAE         MAPE        RMSE        Speed (/iter)   Time Cost   
	0000    0.2838      0.2838      218.4060%   0.5746      0.0334 s        0.03 s      
	0100    0.2765      0.2765      209.6160%   0.5537      0.0334 s        3.37 s      
	0200    0.2738      0.2738      208.5384%   0.5508      0.0332 s        6.69 s      
	0300    0.2722      0.2722      208.5884%   0.5472      0.0331 s        10.00 s     
State: <vali>
	iter    Loss        MAE         MAPE        RMSE        Speed (/iter)   Time Cost   
	0000    0.2683      0.2683      201.4369%   0.6657      0.0100 s        0.01 s      
State: <test>
	iter    Loss        MAE         MAPE        RMSE        Speed (/iter)   Time Cost   
	0000    0.2611      0.2611      137.4275%   0.6550      0.0099 s        0.01 s      
Info Report: <Epoch 005> 
	State   Avg. Loss   Avg. MAE    Avg. MAPE   Avg. RMSE   Time Cost   
	train   0.2736      0.2736      208.1273%   0.5497      12.69 s     
	vali    0.2665      0.2665      198.3508%   0.6549      0.45 s      
	test    0.3086      0.3086      217.6232%   0.7305      0.96 s      
<Latest 5>	1           2           3           4           5           
    Loss	0.4242      0.3616      0.3319      0.3186      0.3086      

Epoch: 006
State: <train>
	iter    Loss        MAE         MAPE        RMSE        Speed (/iter)   Time Cost   
	0000    0.2673      0.2673      200.6782%   0.5367      0.0333 s        0.03 s      
	0100    0.2678      0.2678      204.9862%   0.5410      0.0331 s        3.35 s      
	0200    0.2658      0.2658      202.3871%   0.5392      0.0331 s        6.66 s      
	0300    0.2666      0.2666      203.0649%   0.5405      0.0331 s        9.97 s      
State: <vali>
	iter    Loss        MAE         MAPE        RMSE        Speed (/iter)   Time Cost   
	0000    0.2583      0.2583      216.6185%   0.6540      0.0101 s        0.01 s      
State: <test>
	iter    Loss        MAE         MAPE        RMSE        Speed (/iter)   Time Cost   
	0000    0.2567      0.2567      134.9405%   0.6485      0.0099 s        0.01 s      
Info Report: <Epoch 006> 
	State   Avg. Loss   Avg. MAE    Avg. MAPE   Avg. RMSE   Time Cost   
	train   0.2662      0.2662      203.1464%   0.5397      12.66 s     
	vali    0.2594      0.2594      192.3610%   0.6474      0.45 s      
	test    0.3014      0.3014      210.3878%   0.7225      0.96 s      
<Latest 5>	2           3           4           5           6           
    Loss	0.3616      0.3319      0.3186      0.3086      0.3014      

Epoch: 007
State: <train>
	iter    Loss        MAE         MAPE        RMSE        Speed (/iter)   Time Cost   
	0000    0.2625      0.2625      207.5294%   0.5304      0.0334 s        0.03 s      
	0100    0.2621      0.2621      200.7340%   0.5336      0.0331 s        3.35 s      
	0200    0.2609      0.2609      199.7694%   0.5335      0.0331 s        6.66 s      
	0300    0.2596      0.2596      198.2820%   0.5308      0.0333 s        9.99 s      
State: <vali>
	iter    Loss        MAE         MAPE        RMSE        Speed (/iter)   Time Cost   
	0000    0.2560      0.2560      176.9838%   0.6568      0.0100 s        0.01 s      
State: <test>
	iter    Loss        MAE         MAPE        RMSE        Speed (/iter)   Time Cost   
	0000    0.2546      0.2546      133.9607%   0.6449      0.0099 s        0.01 s      
Info Report: <Epoch 007> 
	State   Avg. Loss   Avg. MAE    Avg. MAPE   Avg. RMSE   Time Cost   
	train   0.2606      0.2606      199.3400%   0.5323      12.68 s     
	vali    0.2556      0.2556      191.0906%   0.6426      0.45 s      
	test    0.2964      0.2964      207.7177%   0.7161      0.96 s      
<Latest 5>	3           4           5           6           7           
    Loss	0.3319      0.3186      0.3086      0.3014      0.2964      

Epoch: 008
State: <train>
	iter    Loss        MAE         MAPE        RMSE        Speed (/iter)   Time Cost   
	0000    0.2665      0.2665      208.8960%   0.5358      0.0334 s        0.03 s      
	0100    0.2576      0.2576      198.0586%   0.5286      0.0332 s        3.35 s      
	0200    0.2566      0.2566      195.3840%   0.5268      0.0331 s        6.67 s      
	0300    0.2563      0.2563      196.6845%   0.5262      0.0332 s        9.98 s      
State: <vali>
	iter    Loss        MAE         MAPE        RMSE        Speed (/iter)   Time Cost   
	0000    0.2558      0.2558      195.8025%   0.6606      0.0100 s        0.01 s      
State: <test>
	iter    Loss        MAE         MAPE        RMSE        Speed (/iter)   Time Cost   
	0000    0.2531      0.2531      134.3001%   0.6427      0.0099 s        0.01 s      
Info Report: <Epoch 008> 
	State   Avg. Loss   Avg. MAE    Avg. MAPE   Avg. RMSE   Time Cost   
	train   0.2562      0.2562      196.4973%   0.5268      12.67 s     
	vali    0.2513      0.2513      188.5898%   0.6377      0.45 s      
	test    0.2930      0.2930      206.0631%   0.7114      0.97 s      
<Latest 5>	4           5           6           7           8           
    Loss	0.3186      0.3086      0.3014      0.2964      0.2930      

Epoch: 009
State: <train>
	iter    Loss        MAE         MAPE        RMSE        Speed (/iter)   Time Cost   
	0000    0.2446      0.2446      195.3890%   0.5002      0.0334 s        0.03 s      
	0100    0.2533      0.2533      193.8338%   0.5232      0.0332 s        3.35 s      
	0200    0.2535      0.2535      195.1024%   0.5225      0.0332 s        6.67 s      
	0300    0.2517      0.2517      193.7831%   0.5205      0.0332 s        9.99 s      
State: <vali>
	iter    Loss        MAE         MAPE        RMSE        Speed (/iter)   Time Cost   
	0000    0.2488      0.2488      188.3472%   0.6244      0.0100 s        0.01 s      
State: <test>
	iter    Loss        MAE         MAPE        RMSE        Speed (/iter)   Time Cost   
	0000    0.2509      0.2509      131.8689%   0.6400      0.0099 s        0.01 s      
Info Report: <Epoch 009> 
	State   Avg. Loss   Avg. MAE    Avg. MAPE   Avg. RMSE   Time Cost   
	train   0.2529      0.2529      194.2091%   0.5226      12.68 s     
	vali    0.2504      0.2504      188.0289%   0.6369      0.45 s      
	test    0.2902      0.2902      203.2267%   0.7085      0.97 s      
<Latest 5>	5           6           7           8           9           
    Loss	0.3086      0.3014      0.2964      0.2930      0.2902      

Epoch: 010
State: <train>
	iter    Loss        MAE         MAPE        RMSE        Speed (/iter)   Time Cost   
	0000    0.2465      0.2465      197.3266%   0.5193      0.0334 s        0.03 s      
	0100    0.2500      0.2500      191.3648%   0.5205      0.0332 s        3.35 s      
	0200    0.2497      0.2497      192.4685%   0.5181      0.0332 s        6.67 s      
	0300    0.2508      0.2508      192.5433%   0.5200      0.0332 s        9.99 s      
State: <vali>
	iter    Loss        MAE         MAPE        RMSE        Speed (/iter)   Time Cost   
	0000    0.2536      0.2536      198.2857%   0.6433      0.0101 s        0.01 s      
State: <test>
	iter    Loss        MAE         MAPE        RMSE        Speed (/iter)   Time Cost   
	0000    0.2493      0.2493      132.4706%   0.6384      0.0099 s        0.01 s      
Info Report: <Epoch 010> 
	State   Avg. Loss   Avg. MAE    Avg. MAPE   Avg. RMSE   Time Cost   
	train   0.2499      0.2499      192.1167%   0.5189      12.68 s     
	vali    0.2483      0.2483      185.7440%   0.6351      0.45 s      
	test    0.2892      0.2892      201.9671%   0.7080      0.97 s      
<Latest 5>	6           7           8           9           10          
    Loss	0.3014      0.2964      0.2930      0.2902      0.2892      

Epoch: 011
State: <train>
	iter    Loss        MAE         MAPE        RMSE        Speed (/iter)   Time Cost   
	0000    0.2531      0.2531      197.0065%   0.5153      0.0335 s        0.03 s      
	0100    0.2482      0.2482      190.4893%   0.5171      0.0332 s        3.35 s      
	0200    0.2482      0.2482      190.6566%   0.5173      0.0332 s        6.67 s      
	0300    0.2470      0.2470      190.6890%   0.5146      0.0332 s        9.99 s      
State: <vali>
	iter    Loss        MAE         MAPE        RMSE        Speed (/iter)   Time Cost   
	0000    0.2509      0.2509      213.0951%   0.6481      0.0100 s        0.01 s      
State: <test>
	iter    Loss        MAE         MAPE        RMSE        Speed (/iter)   Time Cost   
	0000    0.2469      0.2469      129.8946%   0.6340      0.0099 s        0.01 s      
Info Report: <Epoch 011> 
	State   Avg. Loss   Avg. MAE    Avg. MAPE   Avg. RMSE   Time Cost   
	train   0.2475      0.2475      190.0888%   0.5160      12.68 s     
	vali    0.2457      0.2457      185.9798%   0.6306      0.45 s      
	test    0.2856      0.2856      201.3615%   0.7019      0.97 s      
<Latest 5>	7           8           9           10          11          
    Loss	0.2964      0.2930      0.2902      0.2892      0.2856      

Epoch: 012
State: <train>
	iter    Loss        MAE         MAPE        RMSE        Speed (/iter)   Time Cost   
	0000    0.2424      0.2424      191.3037%   0.4937      0.0335 s        0.03 s      
	0100    0.2451      0.2451      187.8450%   0.5137      0.0332 s        3.35 s      
	0200    0.2462      0.2462      189.3122%   0.5148      0.0332 s        6.67 s      
	0300    0.2450      0.2450      189.0640%   0.5125      0.0332 s        9.99 s      
State: <vali>
	iter    Loss        MAE         MAPE        RMSE        Speed (/iter)   Time Cost   
	0000    0.2452      0.2452      187.1381%   0.6461      0.0101 s        0.01 s      
State: <test>
	iter    Loss        MAE         MAPE        RMSE        Speed (/iter)   Time Cost   
	0000    0.2448      0.2448      130.1981%   0.6314      0.0098 s        0.01 s      
Info Report: <Epoch 012> 
	State   Avg. Loss   Avg. MAE    Avg. MAPE   Avg. RMSE   Time Cost   
	train   0.2454      0.2454      188.7709%   0.5135      12.68 s     
	vali    0.2434      0.2434      184.8141%   0.6283      0.45 s      
	test    0.2841      0.2841      201.2093%   0.7003      0.97 s      
<Latest 5>	8           9           10          11          12          
    Loss	0.2930      0.2902      0.2892      0.2856      0.2841      

Epoch: 013
State: <train>
	iter    Loss        MAE         MAPE        RMSE        Speed (/iter)   Time Cost   
	0000    0.2461      0.2461      191.9094%   0.5177      0.0334 s        0.03 s      
	0100    0.2436      0.2436      186.5639%   0.5113      0.0332 s        3.35 s      
	0200    0.2443      0.2443      187.6903%   0.5124      0.0332 s        6.67 s      
	0300    0.2428      0.2428      186.2172%   0.5110      0.0332 s        9.99 s      
State: <vali>
	iter    Loss        MAE         MAPE        RMSE        Speed (/iter)   Time Cost   
	0000    0.2438      0.2438      177.6471%   0.6350      0.0100 s        0.01 s      
State: <test>
	iter    Loss        MAE         MAPE        RMSE        Speed (/iter)   Time Cost   
	0000    0.2469      0.2469      129.6765%   0.6342      0.0099 s        0.01 s      
Info Report: <Epoch 013> 
	State   Avg. Loss   Avg. MAE    Avg. MAPE   Avg. RMSE   Time Cost   
	train   0.2434      0.2434      187.1943%   0.5111      12.68 s     
	vali    0.2433      0.2433      182.9802%   0.6289      0.45 s      
	test    0.2833      0.2833      197.9863%   0.6999      0.97 s      
<Latest 5>	9           10          11          12          13          
    Loss	0.2902      0.2892      0.2856      0.2841      0.2833      

Epoch: 014
State: <train>
	iter    Loss        MAE         MAPE        RMSE        Speed (/iter)   Time Cost   
	0000    0.2392      0.2392      181.3608%   0.5119      0.0335 s        0.03 s      
	0100    0.2428      0.2428      187.2035%   0.5098      0.0332 s        3.36 s      
	0200    0.2416      0.2416      186.3324%   0.5092      0.0337 s        6.73 s      
	0300    0.2412      0.2412      184.4624%   0.5088      0.0332 s        10.05 s     
State: <vali>
	iter    Loss        MAE         MAPE        RMSE        Speed (/iter)   Time Cost   
	0000    0.2419      0.2419      186.7589%   0.6384      0.0101 s        0.01 s      
State: <test>
	iter    Loss        MAE         MAPE        RMSE        Speed (/iter)   Time Cost   
	0000    0.2454      0.2454      129.8999%   0.6325      0.0099 s        0.01 s      
Info Report: <Epoch 014> 
	State   Avg. Loss   Avg. MAE    Avg. MAPE   Avg. RMSE   Time Cost   
	train   0.2417      0.2417      186.0232%   0.5091      12.74 s     
	vali    0.2422      0.2422      183.5236%   0.6277      0.45 s      
	test    0.2823      0.2823      197.8817%   0.6990      0.97 s      
<Latest 5>	10          11          12          13          14          
    Loss	0.2892      0.2856      0.2841      0.2833      0.2823      

Epoch: 015
State: <train>
	iter    Loss        MAE         MAPE        RMSE        Speed (/iter)   Time Cost   
	0000    0.2307      0.2307      167.8422%   0.5037      0.0334 s        0.03 s      
	0100    0.2397      0.2397      185.5183%   0.5069      0.0332 s        3.35 s      
	0200    0.2400      0.2400      183.3419%   0.5074      0.0332 s        6.67 s      
	0300    0.2412      0.2412      185.3664%   0.5082      0.0332 s        10.00 s     
State: <vali>
	iter    Loss        MAE         MAPE        RMSE        Speed (/iter)   Time Cost   
	0000    0.2404      0.2404      176.5304%   0.6368      0.0101 s        0.01 s      
State: <test>
	iter    Loss        MAE         MAPE        RMSE        Speed (/iter)   Time Cost   
	0000    0.2436      0.2436      128.6746%   0.6290      0.0099 s        0.01 s      
Info Report: <Epoch 015> 
	State   Avg. Loss   Avg. MAE    Avg. MAPE   Avg. RMSE   Time Cost   
	train   0.2402      0.2402      184.6565%   0.5073      12.69 s     
	vali    0.2416      0.2416      182.4636%   0.6270      0.45 s      
	test    0.2809      0.2809      196.4855%   0.6970      0.97 s      
<Latest 5>	11          12          13          14          15          
    Loss	0.2856      0.2841      0.2833      0.2823      0.2809      

Epoch: 016
State: <train>
	iter    Loss        MAE         MAPE        RMSE        Speed (/iter)   Time Cost   
	0000    0.2418      0.2418      188.5786%   0.5078      0.0335 s        0.03 s      
	0100    0.2394      0.2394      183.3785%   0.5061      0.0332 s        3.36 s      
	0200    0.2391      0.2391      184.1209%   0.5057      0.0332 s        6.68 s      
	0300    0.2381      0.2381      184.1078%   0.5049      0.0332 s        10.00 s     
State: <vali>
	iter    Loss        MAE         MAPE        RMSE        Speed (/iter)   Time Cost   
	0000    0.2442      0.2442      172.6183%   0.6377      0.0101 s        0.01 s      
State: <test>
	iter    Loss        MAE         MAPE        RMSE        Speed (/iter)   Time Cost   
	0000    0.2420      0.2420      126.9045%   0.6280      0.0100 s        0.01 s      
Info Report: <Epoch 016> 
	State   Avg. Loss   Avg. MAE    Avg. MAPE   Avg. RMSE   Time Cost   
	train   0.2388      0.2388      183.4423%   0.5056      12.70 s     
	vali    0.2407      0.2407      181.0307%   0.6258      0.45 s      
	test    0.2800      0.2800      195.1185%   0.6962      0.97 s      
<Latest 5>	12          13          14          15          16          
    Loss	0.2841      0.2833      0.2823      0.2809      0.2800      

Epoch: 017
State: <train>
	iter    Loss        MAE         MAPE        RMSE        Speed (/iter)   Time Cost   
	0000    0.2311      0.2311      179.8272%   0.4935      0.0336 s        0.03 s      
	0100    0.2381      0.2381      183.5130%   0.5056      0.0332 s        3.35 s      
	0200    0.2379      0.2379      184.2839%   0.5039      0.0332 s        6.68 s      
	0300    0.2367      0.2367      181.9317%   0.5035      0.0332 s        10.00 s     
State: <vali>
	iter    Loss        MAE         MAPE        RMSE        Speed (/iter)   Time Cost   
	0000    0.2347      0.2347      165.0072%   0.6250      0.0101 s        0.01 s      
State: <test>
	iter    Loss        MAE         MAPE        RMSE        Speed (/iter)   Time Cost   
	0000    0.2396      0.2396      127.1584%   0.6250      0.0099 s        0.01 s      
Info Report: <Epoch 017> 
	State   Avg. Loss   Avg. MAE    Avg. MAPE   Avg. RMSE   Time Cost   
	train   0.2375      0.2375      182.6596%   0.5041      12.69 s     
	vali    0.2394      0.2394      181.5476%   0.6243      0.45 s      
	test    0.2784      0.2784      194.7838%   0.6945      0.97 s      
<Latest 5>	13          14          15          16          17          
    Loss	0.2833      0.2823      0.2809      0.2800      0.2784      

Epoch: 018
State: <train>
	iter    Loss        MAE         MAPE        RMSE        Speed (/iter)   Time Cost   
	0000    0.2324      0.2324      180.7074%   0.4938      0.0335 s        0.03 s      
	0100    0.2362      0.2362      181.1267%   0.5025      0.0332 s        3.36 s      
	0200    0.2365      0.2365      181.6045%   0.5024      0.0332 s        6.68 s      
	0300    0.2363      0.2363      182.1132%   0.5033      0.0332 s        10.00 s     
State: <vali>
	iter    Loss        MAE         MAPE        RMSE        Speed (/iter)   Time Cost   
	0000    0.2319      0.2319      180.3040%   0.6066      0.0101 s        0.01 s      
State: <test>
	iter    Loss        MAE         MAPE        RMSE        Speed (/iter)   Time Cost   
	0000    0.2404      0.2404      127.4265%   0.6257      0.0099 s        0.01 s      
Info Report: <Epoch 018> 
	State   Avg. Loss   Avg. MAE    Avg. MAPE   Avg. RMSE   Time Cost   
	train   0.2363      0.2363      181.5111%   0.5027      12.69 s     
	vali    0.2385      0.2385      181.0391%   0.6238      0.45 s      
	test    0.2784      0.2784      194.7838%   0.6945      0.97 s      
<Latest 5>	14          15          16          17          18          
    Loss	0.2823      0.2809      0.2800      0.2784      0.2784      

Epoch: 019
State: <train>
	iter    Loss        MAE         MAPE        RMSE        Speed (/iter)   Time Cost   
	0000    0.2269      0.2269      172.6573%   0.4806      0.0335 s        0.03 s      
	0100    0.2349      0.2349      180.6066%   0.5001      0.0332 s        3.35 s      
	0200    0.2346      0.2346      181.1599%   0.4994      0.0333 s        6.68 s      
	0300    0.2352      0.2352      179.6504%   0.5036      0.0332 s        10.00 s     
State: <vali>
	iter    Loss        MAE         MAPE        RMSE        Speed (/iter)   Time Cost   
	0000    0.2406      0.2406      171.7618%   0.6107      0.0101 s        0.01 s      
State: <test>
	iter    Loss        MAE         MAPE        RMSE        Speed (/iter)   Time Cost   
	0000    0.2413      0.2413      125.3413%   0.6263      0.0100 s        0.01 s      
Info Report: <Epoch 019> 
	State   Avg. Loss   Avg. MAE    Avg. MAPE   Avg. RMSE   Time Cost   
	train   0.2351      0.2351      180.5787%   0.5013      12.70 s     
	vali    0.2378      0.2378      179.9683%   0.6223      0.45 s      
	test    0.2773      0.2773      193.5551%   0.6924      0.97 s      
<Latest 5>	15          16          17          18          19          
    Loss	0.2809      0.2800      0.2784      0.2784      0.2773      

Epoch: 020
State: <train>
	iter    Loss        MAE         MAPE        RMSE        Speed (/iter)   Time Cost   
	0000    0.2312      0.2312      185.8765%   0.4866      0.0335 s        0.03 s      
	0100    0.2337      0.2337      179.5163%   0.4987      0.0332 s        3.36 s      
	0200    0.2346      0.2346      179.4483%   0.5010      0.0332 s        6.68 s      
	0300    0.2336      0.2336      180.5369%   0.4994      0.0332 s        10.00 s     
State: <vali>
	iter    Loss        MAE         MAPE        RMSE        Speed (/iter)   Time Cost   
	0000    0.2397      0.2397      179.8403%   0.6289      0.0101 s        0.01 s      
State: <test>
	iter    Loss        MAE         MAPE        RMSE        Speed (/iter)   Time Cost   
	0000    0.2373      0.2373      127.0764%   0.6207      0.0099 s        0.01 s      
Info Report: <Epoch 020> 
	State   Avg. Loss   Avg. MAE    Avg. MAPE   Avg. RMSE   Time Cost   
	train   0.2341      0.2341      179.8396%   0.5002      12.70 s     
	vali    0.2379      0.2379      182.1092%   0.6226      0.45 s      
	test    0.2770      0.2770      195.6829%   0.6916      0.97 s      
<Latest 5>	16          17          18          19          20          
    Loss	0.2800      0.2784      0.2784      0.2773      0.2770      

Epoch: 021
State: <train>
	iter    Loss        MAE         MAPE        RMSE        Speed (/iter)   Time Cost   
	0000    0.2295      0.2295      181.7721%   0.4967      0.0335 s        0.03 s      
	0100    0.2328      0.2328      179.6528%   0.4982      0.0332 s        3.35 s      
	0200    0.2332      0.2332      177.6347%   0.5002      0.0332 s        6.68 s      
	0300    0.2338      0.2338      179.1790%   0.4994      0.0332 s        10.00 s     
State: <vali>
	iter    Loss        MAE         MAPE        RMSE        Speed (/iter)   Time Cost   
	0000    0.2318      0.2318      173.4500%   0.6094      0.0101 s        0.01 s      
State: <test>
	iter    Loss        MAE         MAPE        RMSE        Speed (/iter)   Time Cost   
	0000    0.2397      0.2397      125.3351%   0.6241      0.0099 s        0.01 s      
Info Report: <Epoch 021> 
	State   Avg. Loss   Avg. MAE    Avg. MAPE   Avg. RMSE   Time Cost   
	train   0.2331      0.2331      179.1600%   0.4990      12.70 s     
	vali    0.2373      0.2373      178.2692%   0.6221      0.45 s      
	test    0.2761      0.2761      190.7013%   0.6918      0.97 s      
<Latest 5>	17          18          19          20          21          
    Loss	0.2784      0.2784      0.2773      0.2770      0.2761      

Epoch: 022
State: <train>
	iter    Loss        MAE         MAPE        RMSE        Speed (/iter)   Time Cost   
	0000    0.2371      0.2371      169.5349%   0.5234      0.0336 s        0.03 s      
	0100    0.2329      0.2329      179.1796%   0.4981      0.0332 s        3.36 s      
	0200    0.2316      0.2316      177.3243%   0.4979      0.0332 s        6.68 s      
	0300    0.2321      0.2321      178.5467%   0.4980      0.0333 s        10.01 s     
State: <vali>
	iter    Loss        MAE         MAPE        RMSE        Speed (/iter)   Time Cost   
	0000    0.2267      0.2267      146.1487%   0.6192      0.0101 s        0.01 s      
State: <test>
	iter    Loss        MAE         MAPE        RMSE        Speed (/iter)   Time Cost   
	0000    0.2372      0.2372      125.9763%   0.6205      0.0099 s        0.01 s      
Info Report: <Epoch 022> 
	State   Avg. Loss   Avg. MAE    Avg. MAPE   Avg. RMSE   Time Cost   
	train   0.2322      0.2322      178.1329%   0.4980      12.70 s     
	vali    0.2357      0.2357      179.7462%   0.6203      0.45 s      
	test    0.2750      0.2750      193.5726%   0.6895      0.97 s      
<Latest 5>	18          19          20          21          22          
    Loss	0.2784      0.2773      0.2770      0.2761      0.2750      

Epoch: 023
State: <train>
	iter    Loss        MAE         MAPE        RMSE        Speed (/iter)   Time Cost   
	0000    0.2266      0.2266      173.0388%   0.4836      0.0335 s        0.03 s      
	0100    0.2316      0.2316      176.0426%   0.4981      0.0332 s        3.36 s      
	0200    0.2315      0.2315      178.3934%   0.4963      0.0333 s        6.68 s      
	0300    0.2320      0.2320      178.3654%   0.4979      0.0332 s        10.01 s     
State: <vali>
	iter    Loss        MAE         MAPE        RMSE        Speed (/iter)   Time Cost   
	0000    0.2369      0.2369      188.0690%   0.6280      0.0101 s        0.01 s      
State: <test>
	iter    Loss        MAE         MAPE        RMSE        Speed (/iter)   Time Cost   
	0000    0.2368      0.2368      125.5778%   0.6198      0.0099 s        0.01 s      
Info Report: <Epoch 023> 
	State   Avg. Loss   Avg. MAE    Avg. MAPE   Avg. RMSE   Time Cost   
	train   0.2313      0.2313      177.5671%   0.4969      12.70 s     
	vali    0.2358      0.2358      180.1707%   0.6198      0.45 s      
	test    0.2752      0.2752      193.6655%   0.6899      0.97 s      
<Latest 5>	19          20          21          22          23          
    Loss	0.2773      0.2770      0.2761      0.2750      0.2752      

Epoch: 024
State: <train>
	iter    Loss        MAE         MAPE        RMSE        Speed (/iter)   Time Cost   
	0000    0.2418      0.2418      167.4870%   0.5221      0.0335 s        0.03 s      
	0100    0.2302      0.2302      177.5801%   0.4944      0.0333 s        3.36 s      
	0200    0.2311      0.2311      176.7973%   0.4962      0.0332 s        6.69 s      
	0300    0.2305      0.2305      176.2878%   0.4967      0.0332 s        10.01 s     
State: <vali>
	iter    Loss        MAE         MAPE        RMSE        Speed (/iter)   Time Cost   
	0000    0.2423      0.2423      179.8402%   0.6255      0.0101 s        0.01 s      
State: <test>
	iter    Loss        MAE         MAPE        RMSE        Speed (/iter)   Time Cost   
	0000    0.2394      0.2394      126.7225%   0.6225      0.0099 s        0.01 s      
Info Report: <Epoch 024> 
	State   Avg. Loss   Avg. MAE    Avg. MAPE   Avg. RMSE   Time Cost   
	train   0.2306      0.2306      176.9406%   0.4961      12.71 s     
	vali    0.2353      0.2353      178.1638%   0.6195      0.45 s      
	test    0.2744      0.2744      191.5558%   0.6891      0.97 s      
<Latest 5>	20          21          22          23          24          
    Loss	0.2770      0.2761      0.2750      0.2752      0.2744      

Epoch: 025
State: <train>
	iter    Loss        MAE         MAPE        RMSE        Speed (/iter)   Time Cost   
	0000    0.2272      0.2272      180.3422%   0.4938      0.0335 s        0.03 s      
	0100    0.2308      0.2308      176.5121%   0.4963      0.0332 s        3.36 s      
	0200    0.2296      0.2296      176.0264%   0.4955      0.0332 s        6.68 s      
	0300    0.2295      0.2295      175.2316%   0.4947      0.0332 s        10.00 s     
State: <vali>
	iter    Loss        MAE         MAPE        RMSE        Speed (/iter)   Time Cost   
	0000    0.2333      0.2333      185.7916%   0.5996      0.0101 s        0.01 s      
State: <test>
	iter    Loss        MAE         MAPE        RMSE        Speed (/iter)   Time Cost   
	0000    0.2369      0.2369      122.9868%   0.6201      0.0099 s        0.01 s      
Info Report: <Epoch 025> 
	State   Avg. Loss   Avg. MAE    Avg. MAPE   Avg. RMSE   Time Cost   
	train   0.2297      0.2297      176.1763%   0.4950      12.70 s     
	vali    0.2344      0.2344      178.1152%   0.6191      0.45 s      
	test    0.2741      0.2741      192.3362%   0.6887      0.97 s      
<Latest 5>	21          22          23          24          25          
    Loss	0.2761      0.2750      0.2752      0.2744      0.2741      

Epoch: 026
State: <train>
	iter    Loss        MAE         MAPE        RMSE        Speed (/iter)   Time Cost   
	0000    0.2410      0.2410      172.0700%   0.5205      0.0335 s        0.03 s      
	0100    0.2295      0.2295      176.2543%   0.4946      0.0332 s        3.36 s      
	0200    0.2281      0.2281      175.1655%   0.4923      0.0333 s        6.68 s      
	0300    0.2290      0.2290      175.7575%   0.4942      0.0333 s        10.01 s     
State: <vali>
	iter    Loss        MAE         MAPE        RMSE        Speed (/iter)   Time Cost   
	0000    0.2425      0.2425      185.2493%   0.6364      0.0101 s        0.01 s      
State: <test>
	iter    Loss        MAE         MAPE        RMSE        Speed (/iter)   Time Cost   
	0000    0.2352      0.2352      124.0389%   0.6177      0.0099 s        0.01 s      
Info Report: <Epoch 026> 
	State   Avg. Loss   Avg. MAE    Avg. MAPE   Avg. RMSE   Time Cost   
	train   0.2291      0.2291      175.6376%   0.4943      12.71 s     
	vali    0.2342      0.2342      178.2353%   0.6185      0.45 s      
	test    0.2732      0.2732      191.0463%   0.6875      0.97 s      
<Latest 5>	22          23          24          25          26          
    Loss	0.2750      0.2752      0.2744      0.2741      0.2732      

Epoch: 027
State: <train>
	iter    Loss        MAE         MAPE        RMSE        Speed (/iter)   Time Cost   
	0000    0.2314      0.2314      171.2654%   0.4950      0.0336 s        0.03 s      
	0100    0.2289      0.2289      176.1404%   0.4934      0.0332 s        3.36 s      
	0200    0.2279      0.2279      174.0201%   0.4935      0.0332 s        6.68 s      
	0300    0.2286      0.2286      175.5462%   0.4939      0.0333 s        10.01 s     
State: <vali>
	iter    Loss        MAE         MAPE        RMSE        Speed (/iter)   Time Cost   
	0000    0.2289      0.2289      193.7777%   0.6011      0.0101 s        0.01 s      
State: <test>
	iter    Loss        MAE         MAPE        RMSE        Speed (/iter)   Time Cost   
	0000    0.2349      0.2349      124.4683%   0.6174      0.0100 s        0.01 s      
Info Report: <Epoch 027> 
	State   Avg. Loss   Avg. MAE    Avg. MAPE   Avg. RMSE   Time Cost   
	train   0.2283      0.2283      174.9906%   0.4934      12.71 s     
	vali    0.2334      0.2334      177.6707%   0.6176      0.45 s      
	test    0.2723      0.2723      190.8639%   0.6865      0.97 s      
<Latest 5>	23          24          25          26          27          
    Loss	0.2752      0.2744      0.2741      0.2732      0.2723      

Epoch: 028
State: <train>
	iter    Loss        MAE         MAPE        RMSE        Speed (/iter)   Time Cost   
	0000    0.2181      0.2181      178.4184%   0.4776      0.0336 s        0.03 s      
	0100    0.2285      0.2285      174.0577%   0.4948      0.0333 s        3.36 s      
	0200    0.2271      0.2271      175.0140%   0.4914      0.0333 s        6.69 s      
	0300    0.2277      0.2277      174.6254%   0.4924      0.0333 s        10.01 s     
State: <vali>
	iter    Loss        MAE         MAPE        RMSE        Speed (/iter)   Time Cost   
	0000    0.2273      0.2273      161.9660%   0.5741      0.0101 s        0.01 s      
State: <test>
	iter    Loss        MAE         MAPE        RMSE        Speed (/iter)   Time Cost   
	0000    0.2350      0.2350      124.8394%   0.6183      0.0099 s        0.01 s      
Info Report: <Epoch 028> 
	State   Avg. Loss   Avg. MAE    Avg. MAPE   Avg. RMSE   Time Cost   
	train   0.2277      0.2277      174.3949%   0.4926      12.71 s     
	vali    0.2325      0.2325      176.8062%   0.6166      0.45 s      
	test    0.2718      0.2718      190.4922%   0.6861      0.97 s      
<Latest 5>	24          25          26          27          28          
    Loss	0.2744      0.2741      0.2732      0.2723      0.2718      

Epoch: 029
State: <train>
	iter    Loss        MAE         MAPE        RMSE        Speed (/iter)   Time Cost   
	0000    0.2340      0.2340      180.9408%   0.5076      0.0335 s        0.03 s      
	0100    0.2258      0.2258      173.6471%   0.4903      0.0333 s        3.36 s      
	0200    0.2274      0.2274      173.5706%   0.4924      0.0332 s        6.69 s      
	0300    0.2274      0.2274      174.5684%   0.4917      0.0332 s        10.01 s     
State: <vali>
	iter    Loss        MAE         MAPE        RMSE        Speed (/iter)   Time Cost   
	0000    0.2300      0.2300      183.6938%   0.6088      0.0102 s        0.01 s      
State: <test>
	iter    Loss        MAE         MAPE        RMSE        Speed (/iter)   Time Cost   
	0000    0.2334      0.2334      122.8142%   0.6157      0.0099 s        0.01 s      
Info Report: <Epoch 029> 
	State   Avg. Loss   Avg. MAE    Avg. MAPE   Avg. RMSE   Time Cost   
	train   0.2271      0.2271      173.9713%   0.4919      12.71 s     
	vali    0.2323      0.2323      176.2275%   0.6169      0.45 s      
	test    0.2717      0.2717      189.8878%   0.6860      0.97 s      
<Latest 5>	25          26          27          28          29          
    Loss	0.2741      0.2732      0.2723      0.2718      0.2717      

Epoch: 030
State: <train>
	iter    Loss        MAE         MAPE        RMSE        Speed (/iter)   Time Cost   
	0000    0.2228      0.2228      181.9000%   0.4827      0.0335 s        0.03 s      
	0100    0.2262      0.2262      173.0747%   0.4910      0.0332 s        3.36 s      
	0200    0.2262      0.2262      174.2977%   0.4916      0.0332 s        6.68 s      
	0300    0.2266      0.2266      172.8513%   0.4903      0.0332 s        10.01 s     
State: <vali>
	iter    Loss        MAE         MAPE        RMSE        Speed (/iter)   Time Cost   
	0000    0.2293      0.2293      181.7785%   0.6162      0.0101 s        0.01 s      
State: <test>
	iter    Loss        MAE         MAPE        RMSE        Speed (/iter)   Time Cost   
	0000    0.2351      0.2351      123.8086%   0.6170      0.0099 s        0.01 s      
Info Report: <Epoch 030> 
	State   Avg. Loss   Avg. MAE    Avg. MAPE   Avg. RMSE   Time Cost   
	train   0.2265      0.2265      173.5457%   0.4912      12.70 s     
	vali    0.2330      0.2330      177.4209%   0.6175      0.45 s      
	test    0.2723      0.2723      190.4637%   0.6867      0.97 s      
<Latest 5>	26          27          28          29          30          
    Loss	0.2732      0.2723      0.2718      0.2717      0.2723      

Epoch: 031
State: <train>
	iter    Loss        MAE         MAPE        RMSE        Speed (/iter)   Time Cost   
	0000    0.2215      0.2215      172.9895%   0.4786      0.0335 s        0.03 s      
	0100    0.2250      0.2250      172.4997%   0.4893      0.0332 s        3.36 s      
	0200    0.2258      0.2258      172.7566%   0.4909      0.0332 s        6.68 s      
	0300    0.2269      0.2269      173.4564%   0.4923      0.0333 s        10.01 s     
State: <vali>
	iter    Loss        MAE         MAPE        RMSE        Speed (/iter)   Time Cost   
	0000    0.2387      0.2387      188.5303%   0.6326      0.0101 s        0.01 s      
State: <test>
	iter    Loss        MAE         MAPE        RMSE        Speed (/iter)   Time Cost   
	0000    0.2338      0.2338      123.1587%   0.6164      0.0099 s        0.01 s      
Info Report: <Epoch 031> 
	State   Avg. Loss   Avg. MAE    Avg. MAPE   Avg. RMSE   Time Cost   
	train   0.2258      0.2258      172.8795%   0.4904      12.71 s     
	vali    0.2323      0.2323      177.0554%   0.6170      0.45 s      
	test    0.2716      0.2716      190.5182%   0.6859      0.97 s      
<Latest 5>	27          28          29          30          31          
    Loss	0.2723      0.2718      0.2717      0.2723      0.2716      

Epoch: 032
State: <train>
	iter    Loss        MAE         MAPE        RMSE        Speed (/iter)   Time Cost   
	0000    0.2355      0.2355      181.9960%   0.5026      0.0335 s        0.03 s      
	0100    0.2258      0.2258      172.6213%   0.4900      0.0332 s        3.36 s      
	0200    0.2257      0.2257      172.4505%   0.4901      0.0332 s        6.68 s      
	0300    0.2249      0.2249      172.0473%   0.4901      0.0333 s        10.01 s     
State: <vali>
	iter    Loss        MAE         MAPE        RMSE        Speed (/iter)   Time Cost   
	0000    0.2328      0.2328      178.4373%   0.6097      0.0101 s        0.01 s      
State: <test>
	iter    Loss        MAE         MAPE        RMSE        Speed (/iter)   Time Cost   
	0000    0.2326      0.2326      122.4834%   0.6151      0.0099 s        0.01 s      
Info Report: <Epoch 032> 
	State   Avg. Loss   Avg. MAE    Avg. MAPE   Avg. RMSE   Time Cost   
	train   0.2254      0.2254      172.4545%   0.4899      12.70 s     
	vali    0.2343      0.2343      177.4777%   0.6196      0.45 s      
	test    0.2719      0.2719      189.9368%   0.6863      0.97 s      
<Latest 5>	28          29          30          31          32          
    Loss	0.2718      0.2717      0.2723      0.2716      0.2719      

Epoch: 033
State: <train>
	iter    Loss        MAE         MAPE        RMSE        Speed (/iter)   Time Cost   
	0000    0.2237      0.2237      169.7032%   0.4855      0.0335 s        0.03 s      
	0100    0.2244      0.2244      170.9911%   0.4889      0.0332 s        3.36 s      
	0200    0.2245      0.2245      172.3240%   0.4886      0.0332 s        6.68 s      
	0300    0.2250      0.2250      171.4189%   0.4892      0.0332 s        10.00 s     
State: <vali>
	iter    Loss        MAE         MAPE        RMSE        Speed (/iter)   Time Cost   
	0000    0.2357      0.2357      182.5499%   0.6133      0.0101 s        0.01 s      
State: <test>
	iter    Loss        MAE         MAPE        RMSE        Speed (/iter)   Time Cost   
	0000    0.2319      0.2319      123.4424%   0.6141      0.0099 s        0.01 s      
Info Report: <Epoch 033> 
	State   Avg. Loss   Avg. MAE    Avg. MAPE   Avg. RMSE   Time Cost   
	train   0.2248      0.2248      171.9101%   0.4891      12.70 s     
	vali    0.2316      0.2316      176.4385%   0.6159      0.45 s      
	test    0.2704      0.2704      189.4852%   0.6842      0.97 s      
<Latest 5>	29          30          31          32          33          
    Loss	0.2717      0.2723      0.2716      0.2719      0.2704      

Epoch: 034
State: <train>
	iter    Loss        MAE         MAPE        RMSE        Speed (/iter)   Time Cost   
	0000    0.2319      0.2319      174.3168%   0.5014      0.0335 s        0.03 s      
	0100    0.2243      0.2243      171.9131%   0.4888      0.0332 s        3.36 s      
	0200    0.2247      0.2247      171.7066%   0.4885      0.0332 s        6.68 s      
	0300    0.2243      0.2243      171.0069%   0.4890      0.0332 s        10.00 s     
State: <vali>
	iter    Loss        MAE         MAPE        RMSE        Speed (/iter)   Time Cost   
	0000    0.2293      0.2293      171.5839%   0.6178      0.0101 s        0.01 s      
State: <test>
	iter    Loss        MAE         MAPE        RMSE        Speed (/iter)   Time Cost   
	0000    0.2335      0.2335      123.1766%   0.6156      0.0099 s        0.01 s      
Info Report: <Epoch 034> 
	State   Avg. Loss   Avg. MAE    Avg. MAPE   Avg. RMSE   Time Cost   
	train   0.2243      0.2243      171.7813%   0.4886      12.70 s     
	vali    0.2315      0.2315      176.2830%   0.6162      0.45 s      
	test    0.2706      0.2706      189.5761%   0.6847      0.97 s      
<Latest 5>	30          31          32          33          34          
    Loss	0.2723      0.2716      0.2719      0.2704      0.2706      

Epoch: 035
State: <train>
	iter    Loss        MAE         MAPE        RMSE        Speed (/iter)   Time Cost   
	0000    0.2260      0.2260      175.3631%   0.4995      0.0335 s        0.03 s      
	0100    0.2244      0.2244      172.3516%   0.4893      0.0332 s        3.36 s      
	0200    0.2231      0.2231      170.3042%   0.4879      0.0332 s        6.68 s      
	0300    0.2237      0.2237      172.5135%   0.4870      0.0332 s        10.00 s     
State: <vali>
	iter    Loss        MAE         MAPE        RMSE        Speed (/iter)   Time Cost   
	0000    0.2468      0.2468      186.2078%   0.6470      0.0101 s        0.01 s      
State: <test>
	iter    Loss        MAE         MAPE        RMSE        Speed (/iter)   Time Cost   
	0000    0.2335      0.2335      121.8027%   0.6163      0.0100 s        0.01 s      
Info Report: <Epoch 035> 
	State   Avg. Loss   Avg. MAE    Avg. MAPE   Avg. RMSE   Time Cost   
	train   0.2237      0.2237      171.2431%   0.4879      12.70 s     
	vali    0.2307      0.2307      175.3255%   0.6151      0.45 s      
	test    0.2700      0.2700      187.6374%   0.6842      0.97 s      
<Latest 5>	31          32          33          34          35          
    Loss	0.2716      0.2719      0.2704      0.2706      0.2700      

Epoch: 036
State: <train>
	iter    Loss        MAE         MAPE        RMSE        Speed (/iter)   Time Cost   
	0000    0.2224      0.2224      170.7939%   0.4871      0.0335 s        0.03 s      
	0100    0.2239      0.2239      170.2962%   0.4883      0.0332 s        3.36 s      
	0200    0.2235      0.2235      170.8121%   0.4870      0.0333 s        6.68 s      
	0300    0.2228      0.2228      171.9173%   0.4860      0.0333 s        10.01 s     
State: <vali>
	iter    Loss        MAE         MAPE        RMSE        Speed (/iter)   Time Cost   
	0000    0.2271      0.2271      180.9457%   0.6131      0.0101 s        0.01 s      
State: <test>
	iter    Loss        MAE         MAPE        RMSE        Speed (/iter)   Time Cost   
	0000    0.2340      0.2340      122.6376%   0.6158      0.0099 s        0.01 s      
Info Report: <Epoch 036> 
	State   Avg. Loss   Avg. MAE    Avg. MAPE   Avg. RMSE   Time Cost   
	train   0.2233      0.2233      170.8224%   0.4873      12.71 s     
	vali    0.2308      0.2308      174.8911%   0.6156      0.45 s      
	test    0.2700      0.2700      187.8587%   0.6841      0.97 s      
<Latest 5>	32          33          34          35          36          
    Loss	0.2719      0.2704      0.2706      0.2700      0.2700      

Epoch: 037
State: <train>
	iter    Loss        MAE         MAPE        RMSE        Speed (/iter)   Time Cost   
	0000    0.2212      0.2212      162.3511%   0.4891      0.0335 s        0.03 s      
	0100    0.2236      0.2236      171.7446%   0.4877      0.0332 s        3.36 s      
	0200    0.2219      0.2219      169.2179%   0.4858      0.0332 s        6.68 s      
	0300    0.2229      0.2229      171.3603%   0.4862      0.0332 s        10.01 s     
State: <vali>
	iter    Loss        MAE         MAPE        RMSE        Speed (/iter)   Time Cost   
	0000    0.2375      0.2375      180.7963%   0.6222      0.0101 s        0.01 s      
State: <test>
	iter    Loss        MAE         MAPE        RMSE        Speed (/iter)   Time Cost   
	0000    0.2325      0.2325      120.9967%   0.6147      0.0099 s        0.01 s      
Info Report: <Epoch 037> 
	State   Avg. Loss   Avg. MAE    Avg. MAPE   Avg. RMSE   Time Cost   
	train   0.2228      0.2228      170.5019%   0.4868      12.70 s     
	vali    0.2308      0.2308      174.5492%   0.6157      0.45 s      
	test    0.2700      0.2700      187.5514%   0.6846      0.97 s      
<Latest 5>	33          34          35          36          37          
    Loss	0.2704      0.2706      0.2700      0.2700      0.2700      

Epoch: 038
State: <train>
	iter    Loss        MAE         MAPE        RMSE        Speed (/iter)   Time Cost   
	0000    0.2188      0.2188      174.0777%   0.4810      0.0335 s        0.03 s      
	0100    0.2225      0.2225      169.0820%   0.4876      0.0333 s        3.36 s      
	0200    0.2220      0.2220      170.3040%   0.4858      0.0333 s        6.68 s      
	0300    0.2230      0.2230      170.4481%   0.4868      0.0333 s        10.01 s     
State: <vali>
	iter    Loss        MAE         MAPE        RMSE        Speed (/iter)   Time Cost   
	0000    0.2210      0.2210      164.7634%   0.5772      0.0101 s        0.01 s      
State: <test>
	iter    Loss        MAE         MAPE        RMSE        Speed (/iter)   Time Cost   
	0000    0.2309      0.2309      120.3691%   0.6123      0.0099 s        0.01 s      
Info Report: <Epoch 038> 
	State   Avg. Loss   Avg. MAE    Avg. MAPE   Avg. RMSE   Time Cost   
	train   0.2223      0.2223      170.0511%   0.4861      12.71 s     
	vali    0.2301      0.2301      174.7412%   0.6147      0.45 s      
	test    0.2696      0.2696      188.2888%   0.6837      0.97 s      
<Latest 5>	34          35          36          37          38          
    Loss	0.2706      0.2700      0.2700      0.2700      0.2696      

Epoch: 039
State: <train>
	iter    Loss        MAE         MAPE        RMSE        Speed (/iter)   Time Cost   
	0000    0.2153      0.2153      173.4070%   0.4706      0.0336 s        0.03 s      
	0100    0.2215      0.2215      169.0057%   0.4860      0.0333 s        3.36 s      
	0200    0.2213      0.2213      169.6520%   0.4840      0.0333 s        6.68 s      
	0300    0.2215      0.2215      169.6009%   0.4850      0.0332 s        10.01 s     
State: <vali>
	iter    Loss        MAE         MAPE        RMSE        Speed (/iter)   Time Cost   
	0000    0.2313      0.2313      185.1819%   0.6262      0.0101 s        0.01 s      
State: <test>
	iter    Loss        MAE         MAPE        RMSE        Speed (/iter)   Time Cost   
	0000    0.2331      0.2331      121.1255%   0.6153      0.0099 s        0.01 s      
Info Report: <Epoch 039> 
	State   Avg. Loss   Avg. MAE    Avg. MAPE   Avg. RMSE   Time Cost   
	train   0.2218      0.2218      169.6481%   0.4855      12.71 s     
	vali    0.2299      0.2299      174.1171%   0.6144      0.45 s      
	test    0.2695      0.2695      187.1766%   0.6839      0.97 s      
<Latest 5>	35          36          37          38          39          
    Loss	0.2700      0.2700      0.2700      0.2696      0.2695      

Epoch: 040
State: <train>
	iter    Loss        MAE         MAPE        RMSE        Speed (/iter)   Time Cost   
	0000    0.2123      0.2123      158.7084%   0.4827      0.0335 s        0.03 s      
	0100    0.2214      0.2214      168.6469%   0.4855      0.0332 s        3.36 s      
	0200    0.2206      0.2206      170.0244%   0.4839      0.0332 s        6.68 s      
	0300    0.2220      0.2220      169.1696%   0.4858      0.0332 s        10.00 s     
State: <vali>
	iter    Loss        MAE         MAPE        RMSE        Speed (/iter)   Time Cost   
	0000    0.2257      0.2257      185.7030%   0.6118      0.0101 s        0.01 s      
State: <test>
	iter    Loss        MAE         MAPE        RMSE        Speed (/iter)   Time Cost   
	0000    0.2326      0.2326      122.5268%   0.6142      0.0099 s        0.01 s      
Info Report: <Epoch 040> 
	State   Avg. Loss   Avg. MAE    Avg. MAPE   Avg. RMSE   Time Cost   
	train   0.2215      0.2215      169.3838%   0.4851      12.70 s     
	vali    0.2291      0.2291      173.9773%   0.6136      0.45 s      
	test    0.2693      0.2693      187.9740%   0.6835      0.97 s      
<Latest 5>	36          37          38          39          40          
    Loss	0.2700      0.2700      0.2696      0.2695      0.2693      

Epoch: 041
State: <train>
	iter    Loss        MAE         MAPE        RMSE        Speed (/iter)   Time Cost   
	0000    0.2146      0.2146      167.1235%   0.4881      0.0336 s        0.03 s      
	0100    0.2213      0.2213      168.5117%   0.4853      0.0332 s        3.36 s      
	0200    0.2209      0.2209      169.8892%   0.4836      0.0333 s        6.68 s      
	0300    0.2212      0.2212      168.1275%   0.4856      0.0332 s        10.01 s     
State: <vali>
	iter    Loss        MAE         MAPE        RMSE        Speed (/iter)   Time Cost   
	0000    0.2308      0.2308      170.8492%   0.6188      0.0101 s        0.01 s      
State: <test>
	iter    Loss        MAE         MAPE        RMSE        Speed (/iter)   Time Cost   
	0000    0.2303      0.2303      121.7477%   0.6117      0.0099 s        0.01 s      
Info Report: <Epoch 041> 
	State   Avg. Loss   Avg. MAE    Avg. MAPE   Avg. RMSE   Time Cost   
	train   0.2211      0.2211      169.0648%   0.4846      12.71 s     
	vali    0.2296      0.2296      175.6789%   0.6137      0.45 s      
	test    0.2688      0.2688      188.9834%   0.6825      0.97 s      
<Latest 5>	37          38          39          40          41          
    Loss	0.2700      0.2696      0.2695      0.2693      0.2688      

Epoch: 042
State: <train>
	iter    Loss        MAE         MAPE        RMSE        Speed (/iter)   Time Cost   
	0000    0.2216      0.2216      154.9672%   0.4938      0.0335 s        0.03 s      
	0100    0.2208      0.2208      167.8527%   0.4844      0.0332 s        3.36 s      
	0200    0.2204      0.2204      167.4712%   0.4843      0.0332 s        6.68 s      
	0300    0.2208      0.2208      170.3416%   0.4831      0.0333 s        10.01 s     
State: <vali>
	iter    Loss        MAE         MAPE        RMSE        Speed (/iter)   Time Cost   
	0000    0.2308      0.2308      168.9219%   0.6049      0.0102 s        0.01 s      
State: <test>
	iter    Loss        MAE         MAPE        RMSE        Speed (/iter)   Time Cost   
	0000    0.2325      0.2325      120.1530%   0.6149      0.0099 s        0.01 s      
Info Report: <Epoch 042> 
	State   Avg. Loss   Avg. MAE    Avg. MAPE   Avg. RMSE   Time Cost   
	train   0.2207      0.2207      168.5416%   0.4841      12.71 s     
	vali    0.2299      0.2299      173.8786%   0.6150      0.45 s      
	test    0.2693      0.2693      187.3360%   0.6839      0.97 s      
<Latest 5>	38          39          40          41          42          
    Loss	0.2696      0.2695      0.2693      0.2688      0.2693      

<Final Report>
	Idx     Avg. MAE    Avg. MAPE   Avg. RMSE   Avg. MSE    
	40      0.26935     187.9740%   68.93400%   0.47519     
	Notes: None
	Training finished!

Script finished. Total runtime: 596.163251 seconds
