nohup: ignoring input
Regenerating dataset.
	Done.
Loading existence torch dataset.
	choice channels ['0', '1', '2', '3', '4', '5', '6', '7', '8', '9', '10', '11', '12', '13', '14', '15', '16', '17', '18', '19', '20', '21', '22', '23', '24', '25', '26', '27', '28', '29', '30', '31', '32', '33', '34', '35', '36', '37', '38', '39', '40', '41', '42', '43', '44', '45', '46', '47', '48', '49', '50', '51', '52', '53', '54', '55', '56', '57', '58', '59', '60', '61', '62', '63', '64', '65', '66', '67', '68', '69', '70', '71', '72', '73', '74', '75', '76', '77', '78', '79', '80', '81', '82', '83', '84', '85', '86', '87', '88', '89', '90', '91', '92', '93', '94', '95', '96', '97', '98', '99', '100', '101', '102', '103', '104', '105', '106', '107', '108', '109', '110', '111', '112', '113', '114', '115', '116', '117', '118', '119', '120', '121', '122', '123', '124', '125', '126', '127', '128', '129', '130', '131', '132', '133', '134', '135', '136', '137', '138', '139', '140', '141', '142', '143', '144', '145', '146', '147', '148', '149', '150', '151', '152', '153', '154', '155', '156', '157', '158', '159', '160', '161', '162', '163', '164', '165', '166', '167', '168', '169', '170', '171', '172', '173', '174', '175', '176', '177', '178', '179', '180', '181', '182', '183', '184', '185', '186', '187', '188', '189', '190', '191', '192', '193', '194', '195', '196', '197', '198', '199', '200', '201', '202', '203', '204', '205', '206', '207', '208', '209', '210', '211', '212', '213', '214', '215', '216', '217', '218', '219', '220', '221', '222', '223', '224', '225', '226', '227', '228', '229', '230', '231', '232', '233', '234', '235', '236', '237', '238', '239', '240', '241', '242', '243', '244', '245', '246', '247', '248', '249', '250', '251', '252', '253', '254', '255', '256', '257', '258', '259', '260', '261', '262', '263', '264', '265', '266', '267', '268', '269', '270', '271', '272', '273', '274', '275', '276', '277', '278', '279', '280', '281', '282', '283', '284', '285', '286', '287', '288', '289', '290', '291', '292', '293', '294', '295', '296', '297', '298', '299', '300', '301', '302', '303', '304', '305', '306', '307', '308', '309', '310', '311', '312', '313', '314', '315', '316', '317', '318', '319', '320', '321', '322', '323', '324', '325', '326', '327', '328', '329', '330', '331', '332', '333', '334', '335', '336', '337', '338', '339', '340', '341', '342', '343', '344', '345', '346', '347', '348', '349', '350', '351', '352', '353', '354', '355', '356', '357', '358', '359', '360', '361', '362', '363', '364', '365', '366', '367', '368', '369', '370', '371', '372', '373', '374', '375', '376', '377', '378', '379', '380', '381', '382', '383', '384', '385', '386', '387', '388', '389', '390', '391', '392', '393', '394', '395', '396', '397', '398', '399', '400', '401', '402', '403', '404', '405', '406', '407', '408', '409', '410', '411', '412', '413', '414', '415', '416', '417', '418', '419', '420', '421', '422', '423', '424', '425', '426', '427', '428', '429', '430', '431', '432', '433', '434', '435', '436', '437', '438', '439', '440', '441', '442', '443', '444', '445', '446', '447', '448', '449', '450', '451', '452', '453', '454', '455', '456', '457', '458', '459', '460', '461', '462', '463', '464', '465', '466', '467', '468', '469', '470', '471', '472', '473', '474', '475', '476', '477', '478', '479', '480', '481', '482', '483', '484', '485', '486', '487', '488', '489', '490', '491', '492', '493', '494', '495', '496', '497', '498', '499', '500', '501', '502', '503', '504', '505', '506', '507', '508', '509', '510', '511', '512', '513', '514', '515', '516', '517', '518', '519', '520', '521', '522', '523', '524', '525', '526', '527', '528', '529', '530', '531', '532', '533', '534', '535', '536', '537', '538', '539', '540', '541', '542', '543', '544', '545', '546', '547', '548', '549', '550', '551', '552', '553', '554', '555', '556', '557', '558', '559', '560', '561', '562', '563', '564', '565', '566', '567', '568', '569', '570', '571', '572', '573', '574', '575', '576', '577', '578', '579', '580', '581', '582', '583', '584', '585', '586', '587', '588', '589', '590', '591', '592', '593', '594', '595', '596', '597', '598', '599', '600', '601', '602', '603', '604', '605', '606', '607', '608', '609', '610', '611', '612', '613', '614', '615', '616', '617', '618', '619', '620', '621', '622', '623', '624', '625', '626', '627', '628', '629', '630', '631', '632', '633', '634', '635', '636', '637', '638', '639', '640', '641', '642', '643', '644', '645', '646', '647', '648', '649', '650', '651', '652', '653', '654', '655', '656', '657', '658', '659', '660', '661', '662', '663', '664', '665', '666', '667', '668', '669', '670', '671', '672', '673', '674', '675', '676', '677', '678', '679', '680', '681', '682', '683', '684', '685', '686', '687', '688', '689', '690', '691', '692', '693', '694', '695', '696', '697', '698', '699', '700', '701', '702', '703', '704', '705', '706', '707', '708', '709', '710', '711', '712', '713', '714', '715', '716', '717', '718', '719', '720', '721', '722', '723', '724', '725', '726', '727', '728', '729', '730', '731', '732', '733', '734', '735', '736', '737', '738', '739', '740', '741', '742', '743', '744', '745', '746', '747', '748', '749', '750', '751', '752', '753', '754', '755', '756', '757', '758', '759', '760', '761', '762', '763', '764', '765', '766', '767', '768', '769', '770', '771', '772', '773', '774', '775', '776', '777', '778', '779', '780', '781', '782', '783', '784', '785', '786', '787', '788', '789', '790', '791', '792', '793', '794', '795', '796', '797', '798', '799', '800', '801', '802', '803', '804', '805', '806', '807', '808', '809', '810', '811', '812', '813', '814', '815', '816', '817', '818', '819', '820', '821', '822', '823', '824', '825', '826', '827', '828', '829', '830', '831', '832', '833', '834', '835', '836', '837', '838', '839', '840', '841', '842', '843', '844', '845', '846', '847', '848', '849', '850', '851', '852', '853', '854', '855', '856', '857', '858', '859', '860', 'OT']
	train: 11616
	vali : 864
	test : 2544
dca-asffn

Experiment Start at <2024-10-12_12:44:27>
	PID: <1850831>
	Notes: <None>

Envs Setting:
    loss: "l1";      dataset_prob: "[0.7, 0.1, 0.2]";      data_scale: "True";  
    date_scale: "True";      c_out: "862";      regen_dataset: "True";  
    check_dataloader: "False";      muti_process: "False";      seed: "42";      device: "cuda:0";  
    dtype: "torch.float32";      adjust_lr: "False";      save_best_model: "True";  
    load_best_model: "False";      inp_len: "96";      pred_len: "720";      epochs: "42";  
    batch_size: "32";      optimizer: "amam";      learning_rate: "0.0001";  
    weight_decay: "0";      dropout: "0.3";      c_in: "862";  
Model Setting:
    name: "vtitg-asffn";      adp_dim: "10";      layers: "2";      order: "2";      dilation: "1";  
    kernel_size: "3";      dropout: "0.5";      share: "False";      use_update: "False";  
    use_guide: "True";      use_mav: "False";      c_date: "5";      n_nodes: "1";  
    c_in: "862";      c_out: "862";      device: "cuda:0";      inp_len: "96";  
Dataset Setting:
    name: "traffic";      channels: "862";      n_nodes: "1";      lens: "17544";  
    time_window: "60mins";  
    channel_info: "['0', '1', '2', '3', '4', '5', '6', '7', '8', '9', '10', '11', '12', '13', '14', '15', '16', '17', '18', '19', '20', '21', '22', '23', '24', '25', '26', '27', '28', '29', '30', '31', '32', '33', '34', '35', '36', '37', '38', '39', '40', '41', '42', '43', '44', '45', '46', '47', '48', '49', '50', '51', '52', '53', '54', '55', '56', '57', '58', '59', '60', '61', '62', '63', '64', '65', '66', '67', '68', '69', '70', '71', '72', '73', '74', '75', '76', '77', '78', '79', '80', '81', '82', '83', '84', '85', '86', '87', '88', '89', '90', '91', '92', '93', '94', '95', '96', '97', '98', '99', '100', '101', '102', '103', '104', '105', '106', '107', '108', '109', '110', '111', '112', '113', '114', '115', '116', '117', '118', '119', '120', '121', '122', '123', '124', '125', '126', '127', '128', '129', '130', '131', '132', '133', '134', '135', '136', '137', '138', '139', '140', '141', '142', '143', '144', '145', '146', '147', '148', '149', '150', '151', '152', '153', '154', '155', '156', '157', '158', '159', '160', '161', '162', '163', '164', '165', '166', '167', '168', '169', '170', '171', '172', '173', '174', '175', '176', '177', '178', '179', '180', '181', '182', '183', '184', '185', '186', '187', '188', '189', '190', '191', '192', '193', '194', '195', '196', '197', '198', '199', '200', '201', '202', '203', '204', '205', '206', '207', '208', '209', '210', '211', '212', '213', '214', '215', '216', '217', '218', '219', '220', '221', '222', '223', '224', '225', '226', '227', '228', '229', '230', '231', '232', '233', '234', '235', '236', '237', '238', '239', '240', '241', '242', '243', '244', '245', '246', '247', '248', '249', '250', '251', '252', '253', '254', '255', '256', '257', '258', '259', '260', '261', '262', '263', '264', '265', '266', '267', '268', '269', '270', '271', '272', '273', '274', '275', '276', '277', '278', '279', '280', '281', '282', '283', '284', '285', '286', '287', '288', '289', '290', '291', '292', '293', '294', '295', '296', '297', '298', '299', '300', '301', '302', '303', '304', '305', '306', '307', '308', '309', '310', '311', '312', '313', '314', '315', '316', '317', '318', '319', '320', '321', '322', '323', '324', '325', '326', '327', '328', '329', '330', '331', '332', '333', '334', '335', '336', '337', '338', '339', '340', '341', '342', '343', '344', '345', '346', '347', '348', '349', '350', '351', '352', '353', '354', '355', '356', '357', '358', '359', '360', '361', '362', '363', '364', '365', '366', '367', '368', '369', '370', '371', '372', '373', '374', '375', '376', '377', '378', '379', '380', '381', '382', '383', '384', '385', '386', '387', '388', '389', '390', '391', '392', '393', '394', '395', '396', '397', '398', '399', '400', '401', '402', '403', '404', '405', '406', '407', '408', '409', '410', '411', '412', '413', '414', '415', '416', '417', '418', '419', '420', '421', '422', '423', '424', '425', '426', '427', '428', '429', '430', '431', '432', '433', '434', '435', '436', '437', '438', '439', '440', '441', '442', '443', '444', '445', '446', '447', '448', '449', '450', '451', '452', '453', '454', '455', '456', '457', '458', '459', '460', '461', '462', '463', '464', '465', '466', '467', '468', '469', '470', '471', '472', '473', '474', '475', '476', '477', '478', '479', '480', '481', '482', '483', '484', '485', '486', '487', '488', '489', '490', '491', '492', '493', '494', '495', '496', '497', '498', '499', '500', '501', '502', '503', '504', '505', '506', '507', '508', '509', '510', '511', '512', '513', '514', '515', '516', '517', '518', '519', '520', '521', '522', '523', '524', '525', '526', '527', '528', '529', '530', '531', '532', '533', '534', '535', '536', '537', '538', '539', '540', '541', '542', '543', '544', '545', '546', '547', '548', '549', '550', '551', '552', '553', '554', '555', '556', '557', '558', '559', '560', '561', '562', '563', '564', '565', '566', '567', '568', '569', '570', '571', '572', '573', '574', '575', '576', '577', '578', '579', '580', '581', '582', '583', '584', '585', '586', '587', '588', '589', '590', '591', '592', '593', '594', '595', '596', '597', '598', '599', '600', '601', '602', '603', '604', '605', '606', '607', '608', '609', '610', '611', '612', '613', '614', '615', '616', '617', '618', '619', '620', '621', '622', '623', '624', '625', '626', '627', '628', '629', '630', '631', '632', '633', '634', '635', '636', '637', '638', '639', '640', '641', '642', '643', '644', '645', '646', '647', '648', '649', '650', '651', '652', '653', '654', '655', '656', '657', '658', '659', '660', '661', '662', '663', '664', '665', '666', '667', '668', '669', '670', '671', '672', '673', '674', '675', '676', '677', '678', '679', '680', '681', '682', '683', '684', '685', '686', '687', '688', '689', '690', '691', '692', '693', '694', '695', '696', '697', '698', '699', '700', '701', '702', '703', '704', '705', '706', '707', '708', '709', '710', '711', '712', '713', '714', '715', '716', '717', '718', '719', '720', '721', '722', '723', '724', '725', '726', '727', '728', '729', '730', '731', '732', '733', '734', '735', '736', '737', '738', '739', '740', '741', '742', '743', '744', '745', '746', '747', '748', '749', '750', '751', '752', '753', '754', '755', '756', '757', '758', '759', '760', '761', '762', '763', '764', '765', '766', '767', '768', '769', '770', '771', '772', '773', '774', '775', '776', '777', '778', '779', '780', '781', '782', '783', '784', '785', '786', '787', '788', '789', '790', '791', '792', '793', '794', '795', '796', '797', '798', '799', '800', '801', '802', '803', '804', '805', '806', '807', '808', '809', '810', '811', '812', '813', '814', '815', '816', '817', '818', '819', '820', '821', '822', '823', '824', '825', '826', '827', '828', '829', '830', '831', '832', '833', '834', '835', '836', '837', '838', '839', '840', '841', '842', '843', '844', '845', '846', '847', '848', '849', '850', '851', '852', '853', '854', '855', '856', '857', '858', '859', '860', 'OT']";  
    choise_channels: "[0, 1, 2, 3, 4, 5, 6, 7, 8, 9, 10, 11, 12, 13, 14, 15, 16, 17, 18, 19, 20, 21, 22, 23, 24, 25, 26, 27, 28, 29, 30, 31, 32, 33, 34, 35, 36, 37, 38, 39, 40, 41, 42, 43, 44, 45, 46, 47, 48, 49, 50, 51, 52, 53, 54, 55, 56, 57, 58, 59, 60, 61, 62, 63, 64, 65, 66, 67, 68, 69, 70, 71, 72, 73, 74, 75, 76, 77, 78, 79, 80, 81, 82, 83, 84, 85, 86, 87, 88, 89, 90, 91, 92, 93, 94, 95, 96, 97, 98, 99, 100, 101, 102, 103, 104, 105, 106, 107, 108, 109, 110, 111, 112, 113, 114, 115, 116, 117, 118, 119, 120, 121, 122, 123, 124, 125, 126, 127, 128, 129, 130, 131, 132, 133, 134, 135, 136, 137, 138, 139, 140, 141, 142, 143, 144, 145, 146, 147, 148, 149, 150, 151, 152, 153, 154, 155, 156, 157, 158, 159, 160, 161, 162, 163, 164, 165, 166, 167, 168, 169, 170, 171, 172, 173, 174, 175, 176, 177, 178, 179, 180, 181, 182, 183, 184, 185, 186, 187, 188, 189, 190, 191, 192, 193, 194, 195, 196, 197, 198, 199, 200, 201, 202, 203, 204, 205, 206, 207, 208, 209, 210, 211, 212, 213, 214, 215, 216, 217, 218, 219, 220, 221, 222, 223, 224, 225, 226, 227, 228, 229, 230, 231, 232, 233, 234, 235, 236, 237, 238, 239, 240, 241, 242, 243, 244, 245, 246, 247, 248, 249, 250, 251, 252, 253, 254, 255, 256, 257, 258, 259, 260, 261, 262, 263, 264, 265, 266, 267, 268, 269, 270, 271, 272, 273, 274, 275, 276, 277, 278, 279, 280, 281, 282, 283, 284, 285, 286, 287, 288, 289, 290, 291, 292, 293, 294, 295, 296, 297, 298, 299, 300, 301, 302, 303, 304, 305, 306, 307, 308, 309, 310, 311, 312, 313, 314, 315, 316, 317, 318, 319, 320, 321, 322, 323, 324, 325, 326, 327, 328, 329, 330, 331, 332, 333, 334, 335, 336, 337, 338, 339, 340, 341, 342, 343, 344, 345, 346, 347, 348, 349, 350, 351, 352, 353, 354, 355, 356, 357, 358, 359, 360, 361, 362, 363, 364, 365, 366, 367, 368, 369, 370, 371, 372, 373, 374, 375, 376, 377, 378, 379, 380, 381, 382, 383, 384, 385, 386, 387, 388, 389, 390, 391, 392, 393, 394, 395, 396, 397, 398, 399, 400, 401, 402, 403, 404, 405, 406, 407, 408, 409, 410, 411, 412, 413, 414, 415, 416, 417, 418, 419, 420, 421, 422, 423, 424, 425, 426, 427, 428, 429, 430, 431, 432, 433, 434, 435, 436, 437, 438, 439, 440, 441, 442, 443, 444, 445, 446, 447, 448, 449, 450, 451, 452, 453, 454, 455, 456, 457, 458, 459, 460, 461, 462, 463, 464, 465, 466, 467, 468, 469, 470, 471, 472, 473, 474, 475, 476, 477, 478, 479, 480, 481, 482, 483, 484, 485, 486, 487, 488, 489, 490, 491, 492, 493, 494, 495, 496, 497, 498, 499, 500, 501, 502, 503, 504, 505, 506, 507, 508, 509, 510, 511, 512, 513, 514, 515, 516, 517, 518, 519, 520, 521, 522, 523, 524, 525, 526, 527, 528, 529, 530, 531, 532, 533, 534, 535, 536, 537, 538, 539, 540, 541, 542, 543, 544, 545, 546, 547, 548, 549, 550, 551, 552, 553, 554, 555, 556, 557, 558, 559, 560, 561, 562, 563, 564, 565, 566, 567, 568, 569, 570, 571, 572, 573, 574, 575, 576, 577, 578, 579, 580, 581, 582, 583, 584, 585, 586, 587, 588, 589, 590, 591, 592, 593, 594, 595, 596, 597, 598, 599, 600, 601, 602, 603, 604, 605, 606, 607, 608, 609, 610, 611, 612, 613, 614, 615, 616, 617, 618, 619, 620, 621, 622, 623, 624, 625, 626, 627, 628, 629, 630, 631, 632, 633, 634, 635, 636, 637, 638, 639, 640, 641, 642, 643, 644, 645, 646, 647, 648, 649, 650, 651, 652, 653, 654, 655, 656, 657, 658, 659, 660, 661, 662, 663, 664, 665, 666, 667, 668, 669, 670, 671, 672, 673, 674, 675, 676, 677, 678, 679, 680, 681, 682, 683, 684, 685, 686, 687, 688, 689, 690, 691, 692, 693, 694, 695, 696, 697, 698, 699, 700, 701, 702, 703, 704, 705, 706, 707, 708, 709, 710, 711, 712, 713, 714, 715, 716, 717, 718, 719, 720, 721, 722, 723, 724, 725, 726, 727, 728, 729, 730, 731, 732, 733, 734, 735, 736, 737, 738, 739, 740, 741, 742, 743, 744, 745, 746, 747, 748, 749, 750, 751, 752, 753, 754, 755, 756, 757, 758, 759, 760, 761, 762, 763, 764, 765, 766, 767, 768, 769, 770, 771, 772, 773, 774, 775, 776, 777, 778, 779, 780, 781, 782, 783, 784, 785, 786, 787, 788, 789, 790, 791, 792, 793, 794, 795, 796, 797, 798, 799, 800, 801, 802, 803, 804, 805, 806, 807, 808, 809, 810, 811, 812, 813, 814, 815, 816, 817, 818, 819, 820, 821, 822, 823, 824, 825, 826, 827, 828, 829, 830, 831, 832, 833, 834, 835, 836, 837, 838, 839, 840, 841, 842, 843, 844, 845, 846, 847, 848, 849, 850, 851, 852, 853, 854, 855, 856, 857, 858, 859, 860, 861]";  
    nodes_info: "['None']";      choise_nodes: "[-1]";      folder_path: "./dataset/traffic";  
    file_name: "traffic.csv";      adj_path: "None";      period_type: "week";      c_date: "5";  
    raw_path: "./raw_files/traffic/traffic.csv";      data_channels: "862";  
    dataset_type: "['train', 'test', 'vali']";      scale: "True";      inp_len: "96";  
    pred_len: "720";      dtype: "torch.float32";      num_nodes: "1";      n_channels: "862";  
    data_scale: "True";      date_scale: "True";      dataset_prob: "[0.7, 0.1, 0.2]";  

Epoch: 001
State: <train>
	iter    Loss        MAE         MAPE        RMSE        Speed (/iter)   Time Cost   
	0000    0.7324      0.7324      126.0071%   0.9947      1.9432 s        1.94 s      
	0100    0.5185      0.5185      243.6022%   0.8371      0.2323 s        25.17 s     
	0200    0.4071      0.4071      279.8543%   0.7379      0.2322 s        48.39 s     
	0300    0.3791      0.3791      271.2453%   0.7036      0.2323 s        71.62 s     
State: <vali>
	iter    Loss        MAE         MAPE        RMSE        Speed (/iter)   Time Cost   
	0000    0.3649      0.3649      249.2386%   0.8025      0.0654 s        0.07 s      
State: <test>
	iter    Loss        MAE         MAPE        RMSE        Speed (/iter)   Time Cost   
	0000    0.4013      0.4013      274.3760%   0.8859      0.0637 s        0.06 s      
Info Report: <Epoch 001> 
	State   Avg. Loss   Avg. MAE    Avg. MAPE   Avg. RMSE   Time Cost   
	train   0.4227      0.4227      264.8557%   0.7463      86.03 s     
	vali    0.3665      0.3665      247.9803%   0.8021      1.73 s      
	test    0.4144      0.4144      271.3907%   0.8743      5.08 s      
<Latest 5>	1           
    Loss	0.4144      

Epoch: 002
State: <train>
	iter    Loss        MAE         MAPE        RMSE        Speed (/iter)   Time Cost   
	0000    0.3653      0.3653      260.8430%   0.6900      0.2337 s        0.23 s      
	0100    0.3529      0.3529      258.7074%   0.6670      0.2707 s        27.31 s     
	0200    0.3449      0.3449      255.2793%   0.6561      0.3007 s        57.38 s     
	0300    0.3370      0.3370      250.8075%   0.6458      0.3183 s        89.21 s     
State: <vali>
	iter    Loss        MAE         MAPE        RMSE        Speed (/iter)   Time Cost   
	0000    0.3344      0.3344      230.7554%   0.7489      0.0851 s        0.09 s      
State: <test>
	iter    Loss        MAE         MAPE        RMSE        Speed (/iter)   Time Cost   
	0000    0.3586      0.3586      272.5187%   0.8171      0.0882 s        0.09 s      
Info Report: <Epoch 002> 
	State   Avg. Loss   Avg. MAE    Avg. MAPE   Avg. RMSE   Time Cost   
	train   0.3428      0.3428      253.6580%   0.6535      111.16 s    
	vali    0.3351      0.3351      228.8703%   0.7610      2.31 s      
	test    0.3817      0.3817      253.3774%   0.8264      6.75 s      
<Latest 5>	1           2           
    Loss	0.4144      0.3817      

Epoch: 003
State: <train>
	iter    Loss        MAE         MAPE        RMSE        Speed (/iter)   Time Cost   
	0000    0.3259      0.3259      234.7953%   0.6309      0.3073 s        0.31 s      
	0100    0.3282      0.3282      244.1429%   0.6345      0.2980 s        30.10 s     
	0200    0.3235      0.3235      240.7631%   0.6283      0.3034 s        60.44 s     
	0300    0.3205      0.3205      237.8539%   0.6245      0.3026 s        90.70 s     
State: <vali>
	iter    Loss        MAE         MAPE        RMSE        Speed (/iter)   Time Cost   
	0000    0.3135      0.3135      220.9728%   0.7305      0.0805 s        0.08 s      
State: <test>
	iter    Loss        MAE         MAPE        RMSE        Speed (/iter)   Time Cost   
	0000    0.3373      0.3373      271.8228%   0.7883      0.0801 s        0.08 s      
Info Report: <Epoch 003> 
	State   Avg. Loss   Avg. MAE    Avg. MAPE   Avg. RMSE   Time Cost   
	train   0.3229      0.3229      240.1690%   0.6275      109.06 s    
	vali    0.3173      0.3173      220.6174%   0.7398      2.18 s      
	test    0.3650      0.3650      246.4351%   0.8033      6.64 s      
<Latest 5>	1           2           3           
    Loss	0.4144      0.3817      0.3650      

Epoch: 004
State: <train>
	iter    Loss        MAE         MAPE        RMSE        Speed (/iter)   Time Cost   
	0000    0.3125      0.3125      230.7431%   0.6187      0.3065 s        0.31 s      
	0100    0.3146      0.3146      233.6089%   0.6175      0.3012 s        30.43 s     
	0200    0.3108      0.3108      231.5047%   0.6122      0.3021 s        60.64 s     
	0300    0.3081      0.3081      229.3881%   0.6095      0.2989 s        90.53 s     
State: <vali>
	iter    Loss        MAE         MAPE        RMSE        Speed (/iter)   Time Cost   
	0000    0.3020      0.3020      208.4064%   0.7145      0.0823 s        0.08 s      
State: <test>
	iter    Loss        MAE         MAPE        RMSE        Speed (/iter)   Time Cost   
	0000    0.3320      0.3320      270.0117%   0.7795      0.0814 s        0.08 s      
Info Report: <Epoch 004> 
	State   Avg. Loss   Avg. MAE    Avg. MAPE   Avg. RMSE   Time Cost   
	train   0.3102      0.3102      230.8712%   0.6117      109.23 s    
	vali    0.3059      0.3059      212.7019%   0.7280      2.25 s      
	test    0.3532      0.3532      238.9328%   0.7889      6.40 s      
<Latest 5>	1           2           3           4           
    Loss	0.4144      0.3817      0.3650      0.3532      

Epoch: 005
State: <train>
	iter    Loss        MAE         MAPE        RMSE        Speed (/iter)   Time Cost   
	0000    0.2981      0.2981      222.3379%   0.5996      0.2931 s        0.29 s      
	0100    0.3025      0.3025      225.2220%   0.6023      0.3027 s        30.56 s     
	0200    0.2996      0.2996      222.7016%   0.5989      0.3001 s        60.57 s     
	0300    0.2983      0.2983      223.0160%   0.5961      0.2977 s        90.34 s     
State: <vali>
	iter    Loss        MAE         MAPE        RMSE        Speed (/iter)   Time Cost   
	0000    0.3027      0.3027      210.4633%   0.7303      0.0816 s        0.08 s      
State: <test>
	iter    Loss        MAE         MAPE        RMSE        Speed (/iter)   Time Cost   
	0000    0.3203      0.3203      265.2434%   0.7642      0.0813 s        0.08 s      
Info Report: <Epoch 005> 
	State   Avg. Loss   Avg. MAE    Avg. MAPE   Avg. RMSE   Time Cost   
	train   0.2996      0.2996      223.2021%   0.5985      109.36 s    
	vali    0.2971      0.2971      208.9611%   0.7187      2.21 s      
	test    0.3439      0.3439      234.6975%   0.7763      6.46 s      
<Latest 5>	1           2           3           4           5           
    Loss	0.4144      0.3817      0.3650      0.3532      0.3439      

Epoch: 006
State: <train>
	iter    Loss        MAE         MAPE        RMSE        Speed (/iter)   Time Cost   
	0000    0.2939      0.2939      220.8656%   0.5899      0.2960 s        0.30 s      
	0100    0.2942      0.2942      219.3655%   0.5918      0.3018 s        30.47 s     
	0200    0.2920      0.2920      217.9935%   0.5882      0.2978 s        60.25 s     
	0300    0.2906      0.2906      217.3252%   0.5865      0.3010 s        90.35 s     
State: <vali>
	iter    Loss        MAE         MAPE        RMSE        Speed (/iter)   Time Cost   
	0000    0.2904      0.2904      202.5073%   0.7209      0.0868 s        0.09 s      
State: <test>
	iter    Loss        MAE         MAPE        RMSE        Speed (/iter)   Time Cost   
	0000    0.3140      0.3140      260.2369%   0.7555      0.0852 s        0.09 s      
Info Report: <Epoch 006> 
	State   Avg. Loss   Avg. MAE    Avg. MAPE   Avg. RMSE   Time Cost   
	train   0.2916      0.2916      217.7429%   0.5879      109.14 s    
	vali    0.2907      0.2907      202.3401%   0.7127      2.30 s      
	test    0.3376      0.3376      227.4037%   0.7691      6.65 s      
<Latest 5>	2           3           4           5           6           
    Loss	0.3817      0.3650      0.3532      0.3439      0.3376      

Epoch: 007
State: <train>
	iter    Loss        MAE         MAPE        RMSE        Speed (/iter)   Time Cost   
	0000    0.2875      0.2875      217.1114%   0.5803      0.2948 s        0.29 s      
	0100    0.2858      0.2858      213.6062%   0.5802      0.2985 s        30.15 s     
	0200    0.2865      0.2865      214.7768%   0.5810      0.2989 s        60.04 s     
	0300    0.2849      0.2849      213.7988%   0.5788      0.3035 s        90.39 s     
State: <vali>
	iter    Loss        MAE         MAPE        RMSE        Speed (/iter)   Time Cost   
	0000    0.2837      0.2837      200.8608%   0.6963      0.0850 s        0.08 s      
State: <test>
	iter    Loss        MAE         MAPE        RMSE        Speed (/iter)   Time Cost   
	0000    0.3092      0.3092      259.5602%   0.7510      0.0872 s        0.09 s      
Info Report: <Epoch 007> 
	State   Avg. Loss   Avg. MAE    Avg. MAPE   Avg. RMSE   Time Cost   
	train   0.2853      0.2853      213.6825%   0.5793      108.81 s    
	vali    0.2861      0.2861      201.8610%   0.7081      2.29 s      
	test    0.3334      0.3334      225.6508%   0.7640      6.74 s      
<Latest 5>	3           4           5           6           7           
    Loss	0.3650      0.3532      0.3439      0.3376      0.3334      

Epoch: 008
State: <train>
	iter    Loss        MAE         MAPE        RMSE        Speed (/iter)   Time Cost   
	0000    0.2789      0.2789      217.4665%   0.5691      0.3086 s        0.31 s      
	0100    0.2820      0.2820      211.5107%   0.5751      0.2985 s        30.16 s     
	0200    0.2811      0.2811      211.4605%   0.5730      0.3029 s        60.45 s     
	0300    0.2794      0.2794      210.2186%   0.5713      0.3033 s        90.78 s     
State: <vali>
	iter    Loss        MAE         MAPE        RMSE        Speed (/iter)   Time Cost   
	0000    0.2952      0.2952      205.7746%   0.7317      0.0821 s        0.08 s      
State: <test>
	iter    Loss        MAE         MAPE        RMSE        Speed (/iter)   Time Cost   
	0000    0.3028      0.3028      256.4309%   0.7423      0.0827 s        0.08 s      
Info Report: <Epoch 008> 
	State   Avg. Loss   Avg. MAE    Avg. MAPE   Avg. RMSE   Time Cost   
	train   0.2802      0.2802      210.5576%   0.5722      109.06 s    
	vali    0.2829      0.2829      199.9804%   0.7050      2.19 s      
	test    0.3301      0.3301      222.6076%   0.7605      6.74 s      
<Latest 5>	4           5           6           7           8           
    Loss	0.3532      0.3439      0.3376      0.3334      0.3301      

Epoch: 009
State: <train>
	iter    Loss        MAE         MAPE        RMSE        Speed (/iter)   Time Cost   
	0000    0.2849      0.2849      220.1516%   0.5757      0.3089 s        0.31 s      
	0100    0.2769      0.2769      208.8679%   0.5673      0.3006 s        30.37 s     
	0200    0.2764      0.2764      208.0498%   0.5670      0.3044 s        60.81 s     
	0300    0.2754      0.2754      207.7337%   0.5655      0.2991 s        90.72 s     
State: <vali>
	iter    Loss        MAE         MAPE        RMSE        Speed (/iter)   Time Cost   
	0000    0.2785      0.2785      194.2930%   0.6949      0.0776 s        0.08 s      
State: <test>
	iter    Loss        MAE         MAPE        RMSE        Speed (/iter)   Time Cost   
	0000    0.3027      0.3027      258.2192%   0.7401      0.0774 s        0.08 s      
Info Report: <Epoch 009> 
	State   Avg. Loss   Avg. MAE    Avg. MAPE   Avg. RMSE   Time Cost   
	train   0.2760      0.2760      208.0666%   0.5662      109.48 s    
	vali    0.2810      0.2810      199.8218%   0.7029      2.09 s      
	test    0.3282      0.3282      222.2905%   0.7575      6.38 s      
<Latest 5>	5           6           7           8           9           
    Loss	0.3439      0.3376      0.3334      0.3301      0.3282      

Epoch: 010
State: <train>
	iter    Loss        MAE         MAPE        RMSE        Speed (/iter)   Time Cost   
	0000    0.2767      0.2767      210.5119%   0.5685      0.2924 s        0.29 s      
	0100    0.2734      0.2734      206.5046%   0.5628      0.3055 s        30.84 s     
	0200    0.2730      0.2730      206.2460%   0.5617      0.3004 s        60.88 s     
	0300    0.2719      0.2719      206.1751%   0.5608      0.2982 s        90.70 s     
State: <vali>
	iter    Loss        MAE         MAPE        RMSE        Speed (/iter)   Time Cost   
	0000    0.2815      0.2815      203.3338%   0.6999      0.0853 s        0.09 s      
State: <test>
	iter    Loss        MAE         MAPE        RMSE        Speed (/iter)   Time Cost   
	0000    0.2944      0.2944      256.7892%   0.7300      0.0814 s        0.08 s      
Info Report: <Epoch 010> 
	State   Avg. Loss   Avg. MAE    Avg. MAPE   Avg. RMSE   Time Cost   
	train   0.2726      0.2726      206.2927%   0.5613      109.79 s    
	vali    0.2787      0.2787      200.7247%   0.7000      2.22 s      
	test    0.3267      0.3267      224.0773%   0.7554      6.39 s      
<Latest 5>	6           7           8           9           10          
    Loss	0.3376      0.3334      0.3301      0.3282      0.3267      

Epoch: 011
State: <train>
	iter    Loss        MAE         MAPE        RMSE        Speed (/iter)   Time Cost   
	0000    0.2689      0.2689      207.9145%   0.5527      0.2808 s        0.28 s      
	0100    0.2703      0.2703      205.0033%   0.5583      0.3022 s        30.50 s     
	0200    0.2696      0.2696      203.7098%   0.5575      0.2979 s        60.29 s     
	0300    0.2697      0.2697      205.2586%   0.5564      0.2988 s        90.18 s     
State: <vali>
	iter    Loss        MAE         MAPE        RMSE        Speed (/iter)   Time Cost   
	0000    0.2757      0.2757      200.0472%   0.6958      0.0854 s        0.09 s      
State: <test>
	iter    Loss        MAE         MAPE        RMSE        Speed (/iter)   Time Cost   
	0000    0.2938      0.2938      255.7359%   0.7275      0.0850 s        0.08 s      
Info Report: <Epoch 011> 
	State   Avg. Loss   Avg. MAE    Avg. MAPE   Avg. RMSE   Time Cost   
	train   0.2698      0.2698      204.6563%   0.5573      109.08 s    
	vali    0.2758      0.2758      197.9954%   0.6971      2.30 s      
	test    0.3232      0.3232      220.5123%   0.7504      6.72 s      
<Latest 5>	7           8           9           10          11          
    Loss	0.3334      0.3301      0.3282      0.3267      0.3232      

Epoch: 012
State: <train>
	iter    Loss        MAE         MAPE        RMSE        Speed (/iter)   Time Cost   
	0000    0.2645      0.2645      204.1525%   0.5522      0.3062 s        0.31 s      
	0100    0.2671      0.2671      202.9749%   0.5532      0.2977 s        30.07 s     
	0200    0.2679      0.2679      203.5207%   0.5547      0.2975 s        59.83 s     
	0300    0.2673      0.2673      203.8301%   0.5537      0.3053 s        90.36 s     
State: <vali>
	iter    Loss        MAE         MAPE        RMSE        Speed (/iter)   Time Cost   
	0000    0.2754      0.2754      198.0680%   0.7048      0.0879 s        0.09 s      
State: <test>
	iter    Loss        MAE         MAPE        RMSE        Speed (/iter)   Time Cost   
	0000    0.2872      0.2872      258.8090%   0.7201      0.0851 s        0.09 s      
Info Report: <Epoch 012> 
	State   Avg. Loss   Avg. MAE    Avg. MAPE   Avg. RMSE   Time Cost   
	train   0.2672      0.2672      203.4231%   0.5535      108.66 s    
	vali    0.2734      0.2734      198.2690%   0.6938      2.30 s      
	test    0.3213      0.3213      221.8341%   0.7474      6.72 s      
<Latest 5>	8           9           10          11          12          
    Loss	0.3301      0.3282      0.3267      0.3232      0.3213      

Epoch: 013
State: <train>
	iter    Loss        MAE         MAPE        RMSE        Speed (/iter)   Time Cost   
	0000    0.2686      0.2686      208.5440%   0.5488      0.3077 s        0.31 s      
	0100    0.2645      0.2645      201.3482%   0.5502      0.2977 s        30.08 s     
	0200    0.2662      0.2662      203.1155%   0.5515      0.3022 s        60.30 s     
	0300    0.2641      0.2641      202.4099%   0.5492      0.3032 s        90.62 s     
State: <vali>
	iter    Loss        MAE         MAPE        RMSE        Speed (/iter)   Time Cost   
	0000    0.2715      0.2715      196.4438%   0.6935      0.0845 s        0.08 s      
State: <test>
	iter    Loss        MAE         MAPE        RMSE        Speed (/iter)   Time Cost   
	0000    0.2874      0.2874      253.6249%   0.7213      0.0851 s        0.09 s      
Info Report: <Epoch 013> 
	State   Avg. Loss   Avg. MAE    Avg. MAPE   Avg. RMSE   Time Cost   
	train   0.2648      0.2648      202.0928%   0.5502      108.73 s    
	vali    0.2724      0.2724      195.8278%   0.6938      2.30 s      
	test    0.3201      0.3201      218.5269%   0.7467      6.72 s      
<Latest 5>	9           10          11          12          13          
    Loss	0.3282      0.3267      0.3232      0.3213      0.3201      

Epoch: 014
State: <train>
	iter    Loss        MAE         MAPE        RMSE        Speed (/iter)   Time Cost   
	0000    0.2696      0.2696      207.9208%   0.5571      0.3065 s        0.31 s      
	0100    0.2632      0.2632      201.4045%   0.5479      0.2985 s        30.15 s     
	0200    0.2620      0.2620      199.7679%   0.5464      0.3060 s        60.76 s     
	0300    0.2626      0.2626      201.5633%   0.5470      0.2975 s        90.51 s     
State: <vali>
	iter    Loss        MAE         MAPE        RMSE        Speed (/iter)   Time Cost   
	0000    0.2692      0.2692      195.7681%   0.6938      0.0772 s        0.08 s      
State: <test>
	iter    Loss        MAE         MAPE        RMSE        Speed (/iter)   Time Cost   
	0000    0.2915      0.2915      258.8142%   0.7256      0.0777 s        0.08 s      
Info Report: <Epoch 014> 
	State   Avg. Loss   Avg. MAE    Avg. MAPE   Avg. RMSE   Time Cost   
	train   0.2627      0.2627      200.9406%   0.5472      109.25 s    
	vali    0.2718      0.2718      195.6767%   0.6930      2.09 s      
	test    0.3192      0.3192      218.8627%   0.7455      6.30 s      
<Latest 5>	10          11          12          13          14          
    Loss	0.3267      0.3232      0.3213      0.3201      0.3192      

Epoch: 015
State: <train>
	iter    Loss        MAE         MAPE        RMSE        Speed (/iter)   Time Cost   
	0000    0.2767      0.2767      219.0876%   0.5561      0.3067 s        0.31 s      
	0100    0.2606      0.2606      198.7867%   0.5453      0.3061 s        30.92 s     
	0200    0.2610      0.2610      200.6075%   0.5443      0.2989 s        60.81 s     
	0300    0.2606      0.2606      199.4991%   0.5445      0.2978 s        90.58 s     
State: <vali>
	iter    Loss        MAE         MAPE        RMSE        Speed (/iter)   Time Cost   
	0000    0.2721      0.2721      195.0407%   0.6946      0.0857 s        0.09 s      
State: <test>
	iter    Loss        MAE         MAPE        RMSE        Speed (/iter)   Time Cost   
	0000    0.2882      0.2882      256.7280%   0.7207      0.0850 s        0.08 s      
Info Report: <Epoch 015> 
	State   Avg. Loss   Avg. MAE    Avg. MAPE   Avg. RMSE   Time Cost   
	train   0.2607      0.2607      199.8043%   0.5445      109.68 s    
	vali    0.2708      0.2708      194.4971%   0.6922      2.31 s      
	test    0.3185      0.3185      216.9741%   0.7449      6.31 s      
<Latest 5>	11          12          13          14          15          
    Loss	0.3232      0.3213      0.3201      0.3192      0.3185      

Epoch: 016
State: <train>
	iter    Loss        MAE         MAPE        RMSE        Speed (/iter)   Time Cost   
	0000    0.2587      0.2587      189.3026%   0.5536      0.2808 s        0.28 s      
	0100    0.2590      0.2590      198.5838%   0.5421      0.3021 s        30.50 s     
	0200    0.2598      0.2598      199.5970%   0.5431      0.2981 s        60.30 s     
	0300    0.2593      0.2593      199.2212%   0.5423      0.2982 s        90.13 s     
State: <vali>
	iter    Loss        MAE         MAPE        RMSE        Speed (/iter)   Time Cost   
	0000    0.2674      0.2674      193.6179%   0.6865      0.0860 s        0.09 s      
State: <test>
	iter    Loss        MAE         MAPE        RMSE        Speed (/iter)   Time Cost   
	0000    0.2849      0.2849      259.8084%   0.7184      0.0876 s        0.09 s      
Info Report: <Epoch 016> 
	State   Avg. Loss   Avg. MAE    Avg. MAPE   Avg. RMSE   Time Cost   
	train   0.2591      0.2591      198.9264%   0.5422      109.20 s    
	vali    0.2690      0.2690      196.0417%   0.6898      2.30 s      
	test    0.3171      0.3171      219.5047%   0.7433      6.74 s      
<Latest 5>	12          13          14          15          16          
    Loss	0.3213      0.3201      0.3192      0.3185      0.3171      

Epoch: 017
State: <train>
	iter    Loss        MAE         MAPE        RMSE        Speed (/iter)   Time Cost   
	0000    0.2644      0.2644      203.9003%   0.5470      0.3070 s        0.31 s      
	0100    0.2581      0.2581      198.5950%   0.5409      0.2575 s        26.06 s     
	0200    0.2573      0.2573      198.0291%   0.5395      0.2335 s        49.40 s     
	0300    0.2572      0.2572      197.9743%   0.5398      0.2321 s        72.62 s     
State: <vali>
	iter    Loss        MAE         MAPE        RMSE        Speed (/iter)   Time Cost   
	0000    0.2788      0.2788      200.0229%   0.6952      0.0639 s        0.06 s      
State: <test>
	iter    Loss        MAE         MAPE        RMSE        Speed (/iter)   Time Cost   
	0000    0.2865      0.2865      257.5686%   0.7216      0.0640 s        0.06 s      
Info Report: <Epoch 017> 
	State   Avg. Loss   Avg. MAE    Avg. MAPE   Avg. RMSE   Time Cost   
	train   0.2574      0.2574      198.0743%   0.5399      87.04 s     
	vali    0.2693      0.2693      195.5999%   0.6903      1.73 s      
	test    0.3174      0.3174      218.7424%   0.7432      5.07 s      
<Latest 5>	13          14          15          16          17          
    Loss	0.3201      0.3192      0.3185      0.3171      0.3174      

Epoch: 018
State: <train>
	iter    Loss        MAE         MAPE        RMSE        Speed (/iter)   Time Cost   
	0000    0.2610      0.2610      198.9188%   0.5388      0.2323 s        0.23 s      
	0100    0.2563      0.2563      197.8100%   0.5377      0.2323 s        23.46 s     
	0200    0.2554      0.2554      196.4413%   0.5376      0.2323 s        46.69 s     
	0300    0.2562      0.2562      197.6565%   0.5381      0.2322 s        69.91 s     
State: <vali>
	iter    Loss        MAE         MAPE        RMSE        Speed (/iter)   Time Cost   
	0000    0.2654      0.2654      189.6169%   0.6870      0.0647 s        0.06 s      
State: <test>
	iter    Loss        MAE         MAPE        RMSE        Speed (/iter)   Time Cost   
	0000    0.2858      0.2858      257.4094%   0.7193      0.0640 s        0.06 s      
Info Report: <Epoch 018> 
	State   Avg. Loss   Avg. MAE    Avg. MAPE   Avg. RMSE   Time Cost   
	train   0.2559      0.2559      197.2276%   0.5378      84.33 s     
	vali    0.2676      0.2676      193.7160%   0.6888      1.73 s      
	test    0.3158      0.3158      216.7054%   0.7416      5.07 s      
<Latest 5>	14          15          16          17          18          
    Loss	0.3192      0.3185      0.3171      0.3174      0.3158      

Epoch: 019
State: <train>
	iter    Loss        MAE         MAPE        RMSE        Speed (/iter)   Time Cost   
	0000    0.2575      0.2575      189.5000%   0.5463      0.2329 s        0.23 s      
	0100    0.2546      0.2546      196.4523%   0.5359      0.2322 s        23.45 s     
	0200    0.2546      0.2546      196.2985%   0.5359      0.2322 s        46.67 s     
	0300    0.2542      0.2542      196.2239%   0.5352      0.2322 s        69.89 s     
State: <vali>
	iter    Loss        MAE         MAPE        RMSE        Speed (/iter)   Time Cost   
	0000    0.2627      0.2627      190.8643%   0.6828      0.0648 s        0.06 s      
State: <test>
	iter    Loss        MAE         MAPE        RMSE        Speed (/iter)   Time Cost   
	0000    0.2811      0.2811      256.2136%   0.7120      0.0643 s        0.06 s      
Info Report: <Epoch 019> 
	State   Avg. Loss   Avg. MAE    Avg. MAPE   Avg. RMSE   Time Cost   
	train   0.2544      0.2544      196.3101%   0.5356      84.31 s     
	vali    0.2664      0.2664      193.9964%   0.6880      1.73 s      
	test    0.3143      0.3143      217.0733%   0.7395      5.07 s      
<Latest 5>	15          16          17          18          19          
    Loss	0.3185      0.3171      0.3174      0.3158      0.3143      

Epoch: 020
State: <train>
	iter    Loss        MAE         MAPE        RMSE        Speed (/iter)   Time Cost   
	0000    0.2516      0.2516      189.0612%   0.5297      0.2321 s        0.23 s      
	0100    0.2530      0.2530      195.4525%   0.5341      0.2321 s        23.45 s     
	0200    0.2533      0.2533      195.8842%   0.5339      0.2323 s        46.68 s     
	0300    0.2531      0.2531      195.6455%   0.5338      0.2322 s        69.90 s     
State: <vali>
	iter    Loss        MAE         MAPE        RMSE        Speed (/iter)   Time Cost   
	0000    0.2564      0.2564      187.1698%   0.6583      0.0649 s        0.06 s      
State: <test>
	iter    Loss        MAE         MAPE        RMSE        Speed (/iter)   Time Cost   
	0000    0.2831      0.2831      254.6898%   0.7160      0.0647 s        0.06 s      
Info Report: <Epoch 020> 
	State   Avg. Loss   Avg. MAE    Avg. MAPE   Avg. RMSE   Time Cost   
	train   0.2530      0.2530      195.4639%   0.5337      84.32 s     
	vali    0.2661      0.2661      194.0658%   0.6873      1.73 s      
	test    0.3136      0.3136      217.5250%   0.7388      5.06 s      
<Latest 5>	16          17          18          19          20          
    Loss	0.3171      0.3174      0.3158      0.3143      0.3136      

Epoch: 021
State: <train>
	iter    Loss        MAE         MAPE        RMSE        Speed (/iter)   Time Cost   
	0000    0.2522      0.2522      194.2817%   0.5348      0.2322 s        0.23 s      
	0100    0.2519      0.2519      195.1872%   0.5322      0.2321 s        23.44 s     
	0200    0.2512      0.2512      193.8016%   0.5315      0.2321 s        46.65 s     
	0300    0.2519      0.2519      195.3020%   0.5322      0.2322 s        69.87 s     
State: <vali>
	iter    Loss        MAE         MAPE        RMSE        Speed (/iter)   Time Cost   
	0000    0.2714      0.2714      203.2636%   0.6885      0.0645 s        0.06 s      
State: <test>
	iter    Loss        MAE         MAPE        RMSE        Speed (/iter)   Time Cost   
	0000    0.2774      0.2774      252.3193%   0.7084      0.0641 s        0.06 s      
Info Report: <Epoch 021> 
	State   Avg. Loss   Avg. MAE    Avg. MAPE   Avg. RMSE   Time Cost   
	train   0.2516      0.2516      194.6733%   0.5318      84.29 s     
	vali    0.2648      0.2648      194.2281%   0.6858      1.73 s      
	test    0.3129      0.3129      217.4375%   0.7375      5.07 s      
<Latest 5>	17          18          19          20          21          
    Loss	0.3174      0.3158      0.3143      0.3136      0.3129      

Epoch: 022
State: <train>
	iter    Loss        MAE         MAPE        RMSE        Speed (/iter)   Time Cost   
	0000    0.2515      0.2515      195.1115%   0.5316      0.2324 s        0.23 s      
	0100    0.2508      0.2508      193.7623%   0.5308      0.2320 s        23.43 s     
	0200    0.2506      0.2506      194.3215%   0.5304      0.2322 s        46.65 s     
	0300    0.2492      0.2492      192.7288%   0.5286      0.2322 s        69.87 s     
State: <vali>
	iter    Loss        MAE         MAPE        RMSE        Speed (/iter)   Time Cost   
	0000    0.2586      0.2586      191.6103%   0.6822      0.0652 s        0.07 s      
State: <test>
	iter    Loss        MAE         MAPE        RMSE        Speed (/iter)   Time Cost   
	0000    0.2793      0.2793      252.3202%   0.7114      0.0638 s        0.06 s      
Info Report: <Epoch 022> 
	State   Avg. Loss   Avg. MAE    Avg. MAPE   Avg. RMSE   Time Cost   
	train   0.2504      0.2504      193.9719%   0.5302      84.29 s     
	vali    0.2640      0.2640      193.9821%   0.6849      1.73 s      
	test    0.3122      0.3122      217.0351%   0.7368      5.07 s      
<Latest 5>	18          19          20          21          22          
    Loss	0.3158      0.3143      0.3136      0.3129      0.3122      

Epoch: 023
State: <train>
	iter    Loss        MAE         MAPE        RMSE        Speed (/iter)   Time Cost   
	0000    0.2519      0.2519      198.2467%   0.5342      0.2318 s        0.23 s      
	0100    0.2494      0.2494      192.9688%   0.5289      0.2321 s        23.45 s     
	0200    0.2499      0.2499      193.2056%   0.5297      0.2324 s        46.68 s     
	0300    0.2491      0.2491      193.6911%   0.5278      0.2321 s        69.89 s     
State: <vali>
	iter    Loss        MAE         MAPE        RMSE        Speed (/iter)   Time Cost   
	0000    0.2630      0.2630      193.0765%   0.6850      0.0643 s        0.06 s      
State: <test>
	iter    Loss        MAE         MAPE        RMSE        Speed (/iter)   Time Cost   
	0000    0.2778      0.2778      252.5775%   0.7110      0.0637 s        0.06 s      
Info Report: <Epoch 023> 
	State   Avg. Loss   Avg. MAE    Avg. MAPE   Avg. RMSE   Time Cost   
	train   0.2493      0.2493      193.1793%   0.5286      84.31 s     
	vali    0.2637      0.2637      193.9055%   0.6852      1.73 s      
	test    0.3118      0.3118      217.0407%   0.7368      5.07 s      
<Latest 5>	19          20          21          22          23          
    Loss	0.3143      0.3136      0.3129      0.3122      0.3118      

Epoch: 024
State: <train>
	iter    Loss        MAE         MAPE        RMSE        Speed (/iter)   Time Cost   
	0000    0.2517      0.2517      199.5961%   0.5293      0.2331 s        0.23 s      
	0100    0.2477      0.2477      191.9407%   0.5265      0.2321 s        23.44 s     
	0200    0.2485      0.2485      192.3858%   0.5278      0.2321 s        46.66 s     
	0300    0.2478      0.2478      192.8442%   0.5269      0.2322 s        69.88 s     
State: <vali>
	iter    Loss        MAE         MAPE        RMSE        Speed (/iter)   Time Cost   
	0000    0.2623      0.2623      189.5151%   0.6750      0.0648 s        0.06 s      
State: <test>
	iter    Loss        MAE         MAPE        RMSE        Speed (/iter)   Time Cost   
	0000    0.2792      0.2792      253.5461%   0.7110      0.0638 s        0.06 s      
Info Report: <Epoch 024> 
	State   Avg. Loss   Avg. MAE    Avg. MAPE   Avg. RMSE   Time Cost   
	train   0.2479      0.2479      192.3421%   0.5269      84.30 s     
	vali    0.2632      0.2632      192.4162%   0.6847      1.74 s      
	test    0.3117      0.3117      215.7172%   0.7365      5.06 s      
<Latest 5>	20          21          22          23          24          
    Loss	0.3136      0.3129      0.3122      0.3118      0.3117      

Epoch: 025
State: <train>
	iter    Loss        MAE         MAPE        RMSE        Speed (/iter)   Time Cost   
	0000    0.2451      0.2451      188.7091%   0.5251      0.2324 s        0.23 s      
	0100    0.2469      0.2469      191.6023%   0.5257      0.2322 s        23.45 s     
	0200    0.2471      0.2471      191.6691%   0.5261      0.2322 s        46.66 s     
	0300    0.2471      0.2471      192.4797%   0.5254      0.2322 s        69.88 s     
State: <vali>
	iter    Loss        MAE         MAPE        RMSE        Speed (/iter)   Time Cost   
	0000    0.2675      0.2675      197.0781%   0.6928      0.0648 s        0.06 s      
State: <test>
	iter    Loss        MAE         MAPE        RMSE        Speed (/iter)   Time Cost   
	0000    0.2744      0.2744      252.2899%   0.7069      0.0641 s        0.06 s      
Info Report: <Epoch 025> 
	State   Avg. Loss   Avg. MAE    Avg. MAPE   Avg. RMSE   Time Cost   
	train   0.2468      0.2468      191.6126%   0.5255      84.30 s     
	vali    0.2615      0.2615      192.6067%   0.6830      1.73 s      
	test    0.3095      0.3095      216.4331%   0.7339      5.08 s      
<Latest 5>	21          22          23          24          25          
    Loss	0.3129      0.3122      0.3118      0.3117      0.3095      

Epoch: 026
State: <train>
	iter    Loss        MAE         MAPE        RMSE        Speed (/iter)   Time Cost   
	0000    0.2489      0.2489      195.9848%   0.5231      0.2321 s        0.23 s      
	0100    0.2459      0.2459      191.6071%   0.5241      0.2321 s        23.45 s     
	0200    0.2456      0.2456      190.5970%   0.5239      0.2324 s        46.69 s     
	0300    0.2459      0.2459      190.9497%   0.5245      0.2322 s        69.91 s     
State: <vali>
	iter    Loss        MAE         MAPE        RMSE        Speed (/iter)   Time Cost   
	0000    0.2612      0.2612      189.2715%   0.6737      0.0652 s        0.07 s      
State: <test>
	iter    Loss        MAE         MAPE        RMSE        Speed (/iter)   Time Cost   
	0000    0.2780      0.2780      248.6923%   0.7116      0.0644 s        0.06 s      
Info Report: <Epoch 026> 
	State   Avg. Loss   Avg. MAE    Avg. MAPE   Avg. RMSE   Time Cost   
	train   0.2458      0.2458      190.9525%   0.5241      84.33 s     
	vali    0.2630      0.2630      191.7107%   0.6848      1.73 s      
	test    0.3104      0.3104      214.8494%   0.7354      5.07 s      
<Latest 5>	22          23          24          25          26          
    Loss	0.3122      0.3118      0.3117      0.3095      0.3104      

Epoch: 027
State: <train>
	iter    Loss        MAE         MAPE        RMSE        Speed (/iter)   Time Cost   
	0000    0.2537      0.2537      197.6178%   0.5321      0.2319 s        0.23 s      
	0100    0.2453      0.2453      190.3721%   0.5234      0.2321 s        23.44 s     
	0200    0.2448      0.2448      190.0271%   0.5229      0.2322 s        46.67 s     
	0300    0.2446      0.2446      189.9329%   0.5223      0.2322 s        69.88 s     
State: <vali>
	iter    Loss        MAE         MAPE        RMSE        Speed (/iter)   Time Cost   
	0000    0.2620      0.2620      189.8454%   0.6820      0.0644 s        0.06 s      
State: <test>
	iter    Loss        MAE         MAPE        RMSE        Speed (/iter)   Time Cost   
	0000    0.2796      0.2796      246.5027%   0.7137      0.0641 s        0.06 s      
Info Report: <Epoch 027> 
	State   Avg. Loss   Avg. MAE    Avg. MAPE   Avg. RMSE   Time Cost   
	train   0.2448      0.2448      190.0945%   0.5228      84.30 s     
	vali    0.2621      0.2621      189.4539%   0.6846      1.73 s      
	test    0.3099      0.3099      212.9207%   0.7353      5.07 s      
<Latest 5>	23          24          25          26          27          
    Loss	0.3118      0.3117      0.3095      0.3104      0.3099      

Epoch: 028
State: <train>
	iter    Loss        MAE         MAPE        RMSE        Speed (/iter)   Time Cost   
	0000    0.2516      0.2516      188.9759%   0.5356      0.2324 s        0.23 s      
	0100    0.2438      0.2438      189.2929%   0.5214      0.2321 s        23.44 s     
	0200    0.2430      0.2430      188.8464%   0.5210      0.2322 s        46.66 s     
	0300    0.2436      0.2436      189.5773%   0.5212      0.2322 s        69.89 s     
State: <vali>
	iter    Loss        MAE         MAPE        RMSE        Speed (/iter)   Time Cost   
	0000    0.2554      0.2554      189.2813%   0.6600      0.0651 s        0.07 s      
State: <test>
	iter    Loss        MAE         MAPE        RMSE        Speed (/iter)   Time Cost   
	0000    0.2723      0.2723      247.8244%   0.7054      0.0641 s        0.06 s      
Info Report: <Epoch 028> 
	State   Avg. Loss   Avg. MAE    Avg. MAPE   Avg. RMSE   Time Cost   
	train   0.2436      0.2436      189.3051%   0.5213      84.30 s     
	vali    0.2607      0.2607      191.9246%   0.6827      1.74 s      
	test    0.3085      0.3085      215.2161%   0.7330      5.07 s      
<Latest 5>	24          25          26          27          28          
    Loss	0.3117      0.3095      0.3104      0.3099      0.3085      

Epoch: 029
State: <train>
	iter    Loss        MAE         MAPE        RMSE        Speed (/iter)   Time Cost   
	0000    0.2425      0.2425      187.6247%   0.5186      0.2329 s        0.23 s      
	0100    0.2424      0.2424      188.3854%   0.5202      0.2322 s        23.45 s     
	0200    0.2427      0.2427      188.6278%   0.5198      0.2325 s        46.70 s     
	0300    0.2428      0.2428      188.7761%   0.5203      0.2322 s        69.92 s     
State: <vali>
	iter    Loss        MAE         MAPE        RMSE        Speed (/iter)   Time Cost   
	0000    0.2633      0.2633      188.7979%   0.6875      0.0647 s        0.06 s      
State: <test>
	iter    Loss        MAE         MAPE        RMSE        Speed (/iter)   Time Cost   
	0000    0.2773      0.2773      243.3452%   0.7097      0.0643 s        0.06 s      
Info Report: <Epoch 029> 
	State   Avg. Loss   Avg. MAE    Avg. MAPE   Avg. RMSE   Time Cost   
	train   0.2426      0.2426      188.6143%   0.5200      84.33 s     
	vali    0.2610      0.2610      188.8145%   0.6832      1.73 s      
	test    0.3086      0.3086      211.6381%   0.7330      5.07 s      
<Latest 5>	25          26          27          28          29          
    Loss	0.3095      0.3104      0.3099      0.3085      0.3086      

Epoch: 030
State: <train>
	iter    Loss        MAE         MAPE        RMSE        Speed (/iter)   Time Cost   
	0000    0.2390      0.2390      178.3977%   0.5153      0.2320 s        0.23 s      
	0100    0.2415      0.2415      187.6637%   0.5184      0.2321 s        23.44 s     
	0200    0.2419      0.2419      187.3945%   0.5195      0.2321 s        46.65 s     
	0300    0.2424      0.2424      188.9380%   0.5197      0.2321 s        69.86 s     
State: <vali>
	iter    Loss        MAE         MAPE        RMSE        Speed (/iter)   Time Cost   
	0000    0.2669      0.2669      196.4782%   0.7060      0.0644 s        0.06 s      
State: <test>
	iter    Loss        MAE         MAPE        RMSE        Speed (/iter)   Time Cost   
	0000    0.2765      0.2765      247.6646%   0.7106      0.0643 s        0.06 s      
Info Report: <Epoch 030> 
	State   Avg. Loss   Avg. MAE    Avg. MAPE   Avg. RMSE   Time Cost   
	train   0.2418      0.2418      187.9623%   0.5191      84.27 s     
	vali    0.2607      0.2607      191.8749%   0.6828      1.73 s      
	test    0.3084      0.3084      214.7701%   0.7334      5.06 s      
<Latest 5>	26          27          28          29          30          
    Loss	0.3104      0.3099      0.3085      0.3086      0.3084      

Epoch: 031
State: <train>
	iter    Loss        MAE         MAPE        RMSE        Speed (/iter)   Time Cost   
	0000    0.2393      0.2393      182.3795%   0.5137      0.2324 s        0.23 s      
	0100    0.2410      0.2410      187.6120%   0.5180      0.2320 s        23.43 s     
	0200    0.2411      0.2411      187.2129%   0.5179      0.2320 s        46.63 s     
	0300    0.2408      0.2408      187.3462%   0.5177      0.2321 s        69.83 s     
State: <vali>
	iter    Loss        MAE         MAPE        RMSE        Speed (/iter)   Time Cost   
	0000    0.2658      0.2658      193.1784%   0.6955      0.0651 s        0.07 s      
State: <test>
	iter    Loss        MAE         MAPE        RMSE        Speed (/iter)   Time Cost   
	0000    0.2726      0.2726      242.1170%   0.7055      0.0639 s        0.06 s      
Info Report: <Epoch 031> 
	State   Avg. Loss   Avg. MAE    Avg. MAPE   Avg. RMSE   Time Cost   
	train   0.2409      0.2409      187.3339%   0.5179      84.24 s     
	vali    0.2596      0.2596      189.4868%   0.6821      1.73 s      
	test    0.3067      0.3067      212.6599%   0.7311      5.06 s      
<Latest 5>	27          28          29          30          31          
    Loss	0.3099      0.3085      0.3086      0.3084      0.3067      

Epoch: 032
State: <train>
	iter    Loss        MAE         MAPE        RMSE        Speed (/iter)   Time Cost   
	0000    0.2380      0.2380      184.9843%   0.5157      0.2321 s        0.23 s      
	0100    0.2402      0.2402      186.8757%   0.5170      0.2319 s        23.43 s     
	0200    0.2401      0.2401      186.3951%   0.5170      0.2320 s        46.63 s     
	0300    0.2401      0.2401      187.2752%   0.5168      0.2323 s        69.85 s     
State: <vali>
	iter    Loss        MAE         MAPE        RMSE        Speed (/iter)   Time Cost   
	0000    0.2538      0.2538      186.7335%   0.6777      0.0650 s        0.06 s      
State: <test>
	iter    Loss        MAE         MAPE        RMSE        Speed (/iter)   Time Cost   
	0000    0.2730      0.2730      241.8162%   0.7070      0.0646 s        0.06 s      
Info Report: <Epoch 032> 
	State   Avg. Loss   Avg. MAE    Avg. MAPE   Avg. RMSE   Time Cost   
	train   0.2400      0.2400      186.6795%   0.5168      84.29 s     
	vali    0.2589      0.2589      189.4028%   0.6814      1.73 s      
	test    0.3068      0.3068      212.9267%   0.7313      5.08 s      
<Latest 5>	28          29          30          31          32          
    Loss	0.3085      0.3086      0.3084      0.3067      0.3068      

Epoch: 033
State: <train>
	iter    Loss        MAE         MAPE        RMSE        Speed (/iter)   Time Cost   
	0000    0.2377      0.2377      183.2872%   0.5166      0.2320 s        0.23 s      
	0100    0.2393      0.2393      186.1216%   0.5158      0.2323 s        23.47 s     
	0200    0.2390      0.2390      185.8092%   0.5154      0.2321 s        46.68 s     
	0300    0.2396      0.2396      186.6403%   0.5161      0.2322 s        69.90 s     
State: <vali>
	iter    Loss        MAE         MAPE        RMSE        Speed (/iter)   Time Cost   
	0000    0.2582      0.2582      188.8722%   0.6722      0.0651 s        0.07 s      
State: <test>
	iter    Loss        MAE         MAPE        RMSE        Speed (/iter)   Time Cost   
	0000    0.2726      0.2726      240.1326%   0.7074      0.0647 s        0.06 s      
Info Report: <Epoch 033> 
	State   Avg. Loss   Avg. MAE    Avg. MAPE   Avg. RMSE   Time Cost   
	train   0.2392      0.2392      186.1303%   0.5157      84.35 s     
	vali    0.2592      0.2592      190.2821%   0.6817      1.74 s      
	test    0.3069      0.3069      213.4149%   0.7314      5.09 s      
<Latest 5>	29          30          31          32          33          
    Loss	0.3086      0.3084      0.3067      0.3068      0.3069      

Epoch: 034
State: <train>
	iter    Loss        MAE         MAPE        RMSE        Speed (/iter)   Time Cost   
	0000    0.2433      0.2433      202.6620%   0.5171      0.2339 s        0.23 s      
	0100    0.2384      0.2384      185.5442%   0.5145      0.2325 s        23.48 s     
	0200    0.2383      0.2383      185.3964%   0.5145      0.2325 s        46.73 s     
	0300    0.2390      0.2390      186.0984%   0.5154      0.2326 s        69.99 s     
State: <vali>
	iter    Loss        MAE         MAPE        RMSE        Speed (/iter)   Time Cost   
	0000    0.2593      0.2593      190.9636%   0.6850      0.0652 s        0.07 s      
State: <test>
	iter    Loss        MAE         MAPE        RMSE        Speed (/iter)   Time Cost   
	0000    0.2713      0.2713      239.5260%   0.7051      0.0647 s        0.06 s      
Info Report: <Epoch 034> 
	State   Avg. Loss   Avg. MAE    Avg. MAPE   Avg. RMSE   Time Cost   
	train   0.2384      0.2384      185.5249%   0.5147      84.42 s     
	vali    0.2588      0.2588      188.7547%   0.6816      1.74 s      
	test    0.3070      0.3070      212.9326%   0.7314      5.09 s      
<Latest 5>	30          31          32          33          34          
    Loss	0.3084      0.3067      0.3068      0.3069      0.3070      

Epoch: 035
State: <train>
	iter    Loss        MAE         MAPE        RMSE        Speed (/iter)   Time Cost   
	0000    0.2385      0.2385      191.1177%   0.5103      0.2328 s        0.23 s      
	0100    0.2371      0.2371      183.9936%   0.5131      0.2326 s        23.49 s     
	0200    0.2377      0.2377      185.4006%   0.5135      0.2328 s        46.77 s     
	0300    0.2371      0.2371      184.0997%   0.5136      0.2327 s        70.04 s     
State: <vali>
	iter    Loss        MAE         MAPE        RMSE        Speed (/iter)   Time Cost   
	0000    0.2530      0.2530      186.9777%   0.6785      0.0652 s        0.07 s      
State: <test>
	iter    Loss        MAE         MAPE        RMSE        Speed (/iter)   Time Cost   
	0000    0.2711      0.2711      239.3669%   0.7069      0.0646 s        0.06 s      
Info Report: <Epoch 035> 
	State   Avg. Loss   Avg. MAE    Avg. MAPE   Avg. RMSE   Time Cost   
	train   0.2374      0.2374      184.7247%   0.5135      84.48 s     
	vali    0.2577      0.2577      189.5194%   0.6804      1.74 s      
	test    0.3058      0.3058      212.5635%   0.7309      5.09 s      
<Latest 5>	31          32          33          34          35          
    Loss	0.3067      0.3068      0.3069      0.3070      0.3058      

Epoch: 036
State: <train>
	iter    Loss        MAE         MAPE        RMSE        Speed (/iter)   Time Cost   
	0000    0.2389      0.2389      191.3796%   0.5097      0.2333 s        0.23 s      
	0100    0.2363      0.2363      183.9197%   0.5124      0.2327 s        23.50 s     
	0200    0.2372      0.2372      184.9544%   0.5128      0.2324 s        46.74 s     
	0300    0.2367      0.2367      184.2035%   0.5127      0.2324 s        69.98 s     
State: <vali>
	iter    Loss        MAE         MAPE        RMSE        Speed (/iter)   Time Cost   
	0000    0.2546      0.2546      183.2167%   0.6801      0.0653 s        0.07 s      
State: <test>
	iter    Loss        MAE         MAPE        RMSE        Speed (/iter)   Time Cost   
	0000    0.2710      0.2710      235.9080%   0.7062      0.0645 s        0.06 s      
Info Report: <Epoch 036> 
	State   Avg. Loss   Avg. MAE    Avg. MAPE   Avg. RMSE   Time Cost   
	train   0.2368      0.2368      184.2420%   0.5127      84.41 s     
	vali    0.2576      0.2576      187.3000%   0.6808      1.74 s      
	test    0.3059      0.3059      211.1168%   0.7307      5.09 s      
<Latest 5>	32          33          34          35          36          
    Loss	0.3068      0.3069      0.3070      0.3058      0.3059      

Epoch: 037
State: <train>
	iter    Loss        MAE         MAPE        RMSE        Speed (/iter)   Time Cost   
	0000    0.2380      0.2380      188.2069%   0.5094      0.2333 s        0.23 s      
	0100    0.2361      0.2361      183.3800%   0.5115      0.2325 s        23.49 s     
	0200    0.2357      0.2357      183.4594%   0.5114      0.2323 s        46.72 s     
	0300    0.2363      0.2363      184.3938%   0.5121      0.2323 s        69.94 s     
State: <vali>
	iter    Loss        MAE         MAPE        RMSE        Speed (/iter)   Time Cost   
	0000    0.2647      0.2647      196.5311%   0.6894      0.0648 s        0.06 s      
State: <test>
	iter    Loss        MAE         MAPE        RMSE        Speed (/iter)   Time Cost   
	0000    0.2713      0.2713      240.9312%   0.7068      0.0644 s        0.06 s      
Info Report: <Epoch 037> 
	State   Avg. Loss   Avg. MAE    Avg. MAPE   Avg. RMSE   Time Cost   
	train   0.2361      0.2361      183.7139%   0.5117      84.37 s     
	vali    0.2576      0.2576      190.9064%   0.6802      1.74 s      
	test    0.3052      0.3052      213.9567%   0.7296      5.09 s      
<Latest 5>	33          34          35          36          37          
    Loss	0.3069      0.3070      0.3058      0.3059      0.3052      

Epoch: 038
State: <train>
	iter    Loss        MAE         MAPE        RMSE        Speed (/iter)   Time Cost   
	0000    0.2418      0.2418      186.8058%   0.5176      0.2329 s        0.23 s      
	0100    0.2354      0.2354      183.6092%   0.5107      0.2325 s        23.48 s     
	0200    0.2355      0.2355      183.2731%   0.5108      0.2325 s        46.73 s     
	0300    0.2354      0.2354      182.9183%   0.5110      0.2324 s        69.98 s     
State: <vali>
	iter    Loss        MAE         MAPE        RMSE        Speed (/iter)   Time Cost   
	0000    0.2582      0.2582      187.6678%   0.6754      0.0653 s        0.07 s      
State: <test>
	iter    Loss        MAE         MAPE        RMSE        Speed (/iter)   Time Cost   
	0000    0.2726      0.2726      238.9942%   0.7066      0.0645 s        0.06 s      
Info Report: <Epoch 038> 
	State   Avg. Loss   Avg. MAE    Avg. MAPE   Avg. RMSE   Time Cost   
	train   0.2353      0.2353      183.1557%   0.5107      84.41 s     
	vali    0.2569      0.2569      188.4257%   0.6797      1.73 s      
	test    0.3048      0.3048      211.6396%   0.7296      5.07 s      
<Latest 5>	34          35          36          37          38          
    Loss	0.3070      0.3058      0.3059      0.3052      0.3048      

Epoch: 039
State: <train>
	iter    Loss        MAE         MAPE        RMSE        Speed (/iter)   Time Cost   
	0000    0.2325      0.2325      176.5867%   0.5156      0.2327 s        0.23 s      
	0100    0.2342      0.2342      181.9352%   0.5094      0.2324 s        23.47 s     
	0200    0.2343      0.2343      182.3852%   0.5098      0.2323 s        46.70 s     
	0300    0.2349      0.2349      182.8643%   0.5100      0.2324 s        69.94 s     
State: <vali>
	iter    Loss        MAE         MAPE        RMSE        Speed (/iter)   Time Cost   
	0000    0.2517      0.2517      184.3089%   0.6758      0.0650 s        0.07 s      
State: <test>
	iter    Loss        MAE         MAPE        RMSE        Speed (/iter)   Time Cost   
	0000    0.2708      0.2708      237.1114%   0.7055      0.0645 s        0.06 s      
Info Report: <Epoch 039> 
	State   Avg. Loss   Avg. MAE    Avg. MAPE   Avg. RMSE   Time Cost   
	train   0.2345      0.2345      182.4641%   0.5098      84.38 s     
	vali    0.2578      0.2578      188.7263%   0.6804      1.74 s      
	test    0.3060      0.3060      212.2975%   0.7307      5.08 s      
<Latest 5>	35          36          37          38          39          
    Loss	0.3058      0.3059      0.3052      0.3048      0.3060      

Epoch: 040
State: <train>
	iter    Loss        MAE         MAPE        RMSE        Speed (/iter)   Time Cost   
	0000    0.2400      0.2400      189.4995%   0.5183      0.2324 s        0.23 s      
	0100    0.2338      0.2338      181.7958%   0.5087      0.2324 s        23.47 s     
	0200    0.2342      0.2342      182.2124%   0.5090      0.2324 s        46.71 s     
	0300    0.2339      0.2339      181.9686%   0.5087      0.2324 s        69.95 s     
State: <vali>
	iter    Loss        MAE         MAPE        RMSE        Speed (/iter)   Time Cost   
	0000    0.2506      0.2506      184.7227%   0.6713      0.0648 s        0.06 s      
State: <test>
	iter    Loss        MAE         MAPE        RMSE        Speed (/iter)   Time Cost   
	0000    0.2710      0.2710      237.3079%   0.7055      0.0649 s        0.06 s      
Info Report: <Epoch 040> 
	State   Avg. Loss   Avg. MAE    Avg. MAPE   Avg. RMSE   Time Cost   
	train   0.2339      0.2339      181.8125%   0.5089      84.39 s     
	vali    0.2564      0.2564      188.5554%   0.6791      1.73 s      
	test    0.3045      0.3045      212.6923%   0.7291      5.08 s      
<Latest 5>	36          37          38          39          40          
    Loss	0.3059      0.3052      0.3048      0.3060      0.3045      

Epoch: 041
State: <train>
	iter    Loss        MAE         MAPE        RMSE        Speed (/iter)   Time Cost   
	0000    0.2309      0.2309      170.1019%   0.5097      0.2319 s        0.23 s      
	0100    0.2334      0.2334      181.6806%   0.5078      0.2324 s        23.47 s     
	0200    0.2333      0.2333      181.1320%   0.5083      0.2325 s        46.71 s     
	0300    0.2328      0.2328      181.2468%   0.5075      0.2324 s        69.95 s     
State: <vali>
	iter    Loss        MAE         MAPE        RMSE        Speed (/iter)   Time Cost   
	0000    0.2542      0.2542      185.5296%   0.6777      0.0641 s        0.06 s      
State: <test>
	iter    Loss        MAE         MAPE        RMSE        Speed (/iter)   Time Cost   
	0000    0.2726      0.2726      236.3610%   0.7072      0.0643 s        0.06 s      
Info Report: <Epoch 041> 
	State   Avg. Loss   Avg. MAE    Avg. MAPE   Avg. RMSE   Time Cost   
	train   0.2330      0.2330      181.2634%   0.5078      84.39 s     
	vali    0.2563      0.2563      186.6905%   0.6796      1.73 s      
	test    0.3040      0.3040      210.4377%   0.7285      5.07 s      
<Latest 5>	37          38          39          40          41          
    Loss	0.3052      0.3048      0.3060      0.3045      0.3040      

Epoch: 042
State: <train>
	iter    Loss        MAE         MAPE        RMSE        Speed (/iter)   Time Cost   
	0000    0.2332      0.2332      183.4366%   0.5071      0.2323 s        0.23 s      
	0100    0.2330      0.2330      180.9433%   0.5072      0.2322 s        23.46 s     
	0200    0.2319      0.2319      180.4367%   0.5065      0.2322 s        46.68 s     
	0300    0.2330      0.2330      181.0045%   0.5077      0.2323 s        69.91 s     
State: <vali>
	iter    Loss        MAE         MAPE        RMSE        Speed (/iter)   Time Cost   
	0000    0.2516      0.2516      187.3662%   0.6628      0.0655 s        0.07 s      
State: <test>
	iter    Loss        MAE         MAPE        RMSE        Speed (/iter)   Time Cost   
	0000    0.2718      0.2718      234.1022%   0.7068      0.0644 s        0.06 s      
Info Report: <Epoch 042> 
	State   Avg. Loss   Avg. MAE    Avg. MAPE   Avg. RMSE   Time Cost   
	train   0.2325      0.2325      180.6676%   0.5072      84.34 s     
	vali    0.2563      0.2563      188.3732%   0.6793      1.74 s      
	test    0.3041      0.3041      211.5916%   0.7285      5.08 s      
<Latest 5>	38          39          40          41          42          
    Loss	0.3048      0.3060      0.3045      0.3040      0.3041      

<Final Report>
	Idx     Avg. MAE    Avg. MAPE   Avg. RMSE   Avg. MSE    
	42      0.30412     211.5916%   73.05213%   0.53366     
	Notes: None
	Training finished!

Script finished. Total runtime: 4247.606226 seconds
