nohup: ignoring input
Regenerating dataset.
	Done.
Loading existence torch dataset.
	choice channels ['0', '1', '2', '3', '4', '5', '6', '7', '8', '9', '10', '11', '12', '13', '14', '15', '16', '17', '18', '19', '20', '21', '22', '23', '24', '25', '26', '27', '28', '29', '30', '31', '32', '33', '34', '35', '36', '37', '38', '39', '40', '41', '42', '43', '44', '45', '46', '47', '48', '49', '50', '51', '52', '53', '54', '55', '56', '57', '58', '59', '60', '61', '62', '63', '64', '65', '66', '67', '68', '69', '70', '71', '72', '73', '74', '75', '76', '77', '78', '79', '80', '81', '82', '83', '84', '85', '86', '87', '88', '89', '90', '91', '92', '93', '94', '95', '96', '97', '98', '99', '100', '101', '102', '103', '104', '105', '106', '107', '108', '109', '110', '111', '112', '113', '114', '115', '116', '117', '118', '119', '120', '121', '122', '123', '124', '125', '126', '127', '128', '129', '130', '131', '132', '133', '134', '135', '136', '137', '138', '139', '140', '141', '142', '143', '144', '145', '146', '147', '148', '149', '150', '151', '152', '153', '154', '155', '156', '157', '158', '159', '160', '161', '162', '163', '164', '165', '166', '167', '168', '169', '170', '171', '172', '173', '174', '175', '176', '177', '178', '179', '180', '181', '182', '183', '184', '185', '186', '187', '188', '189', '190', '191', '192', '193', '194', '195', '196', '197', '198', '199', '200', '201', '202', '203', '204', '205', '206', '207', '208', '209', '210', '211', '212', '213', '214', '215', '216', '217', '218', '219', '220', '221', '222', '223', '224', '225', '226', '227', '228', '229', '230', '231', '232', '233', '234', '235', '236', '237', '238', '239', '240', '241', '242', '243', '244', '245', '246', '247', '248', '249', '250', '251', '252', '253', '254', '255', '256', '257', '258', '259', '260', '261', '262', '263', '264', '265', '266', '267', '268', '269', '270', '271', '272', '273', '274', '275', '276', '277', '278', '279', '280', '281', '282', '283', '284', '285', '286', '287', '288', '289', '290', '291', '292', '293', '294', '295', '296', '297', '298', '299', '300', '301', '302', '303', '304', '305', '306', '307', '308', '309', '310', '311', '312', '313', '314', '315', '316', '317', '318', '319', '320', '321', '322', '323', '324', '325', '326', '327', '328', '329', '330', '331', '332', '333', '334', '335', '336', '337', '338', '339', '340', '341', '342', '343', '344', '345', '346', '347', '348', '349', '350', '351', '352', '353', '354', '355', '356', '357', '358', '359', '360', '361', '362', '363', '364', '365', '366', '367', '368', '369', '370', '371', '372', '373', '374', '375', '376', '377', '378', '379', '380', '381', '382', '383', '384', '385', '386', '387', '388', '389', '390', '391', '392', '393', '394', '395', '396', '397', '398', '399', '400', '401', '402', '403', '404', '405', '406', '407', '408', '409', '410', '411', '412', '413', '414', '415', '416', '417', '418', '419', '420', '421', '422', '423', '424', '425', '426', '427', '428', '429', '430', '431', '432', '433', '434', '435', '436', '437', '438', '439', '440', '441', '442', '443', '444', '445', '446', '447', '448', '449', '450', '451', '452', '453', '454', '455', '456', '457', '458', '459', '460', '461', '462', '463', '464', '465', '466', '467', '468', '469', '470', '471', '472', '473', '474', '475', '476', '477', '478', '479', '480', '481', '482', '483', '484', '485', '486', '487', '488', '489', '490', '491', '492', '493', '494', '495', '496', '497', '498', '499', '500', '501', '502', '503', '504', '505', '506', '507', '508', '509', '510', '511', '512', '513', '514', '515', '516', '517', '518', '519', '520', '521', '522', '523', '524', '525', '526', '527', '528', '529', '530', '531', '532', '533', '534', '535', '536', '537', '538', '539', '540', '541', '542', '543', '544', '545', '546', '547', '548', '549', '550', '551', '552', '553', '554', '555', '556', '557', '558', '559', '560', '561', '562', '563', '564', '565', '566', '567', '568', '569', '570', '571', '572', '573', '574', '575', '576', '577', '578', '579', '580', '581', '582', '583', '584', '585', '586', '587', '588', '589', '590', '591', '592', '593', '594', '595', '596', '597', '598', '599', '600', '601', '602', '603', '604', '605', '606', '607', '608', '609', '610', '611', '612', '613', '614', '615', '616', '617', '618', '619', '620', '621', '622', '623', '624', '625', '626', '627', '628', '629', '630', '631', '632', '633', '634', '635', '636', '637', '638', '639', '640', '641', '642', '643', '644', '645', '646', '647', '648', '649', '650', '651', '652', '653', '654', '655', '656', '657', '658', '659', '660', '661', '662', '663', '664', '665', '666', '667', '668', '669', '670', '671', '672', '673', '674', '675', '676', '677', '678', '679', '680', '681', '682', '683', '684', '685', '686', '687', '688', '689', '690', '691', '692', '693', '694', '695', '696', '697', '698', '699', '700', '701', '702', '703', '704', '705', '706', '707', '708', '709', '710', '711', '712', '713', '714', '715', '716', '717', '718', '719', '720', '721', '722', '723', '724', '725', '726', '727', '728', '729', '730', '731', '732', '733', '734', '735', '736', '737', '738', '739', '740', '741', '742', '743', '744', '745', '746', '747', '748', '749', '750', '751', '752', '753', '754', '755', '756', '757', '758', '759', '760', '761', '762', '763', '764', '765', '766', '767', '768', '769', '770', '771', '772', '773', '774', '775', '776', '777', '778', '779', '780', '781', '782', '783', '784', '785', '786', '787', '788', '789', '790', '791', '792', '793', '794', '795', '796', '797', '798', '799', '800', '801', '802', '803', '804', '805', '806', '807', '808', '809', '810', '811', '812', '813', '814', '815', '816', '817', '818', '819', '820', '821', '822', '823', '824', '825', '826', '827', '828', '829', '830', '831', '832', '833', '834', '835', '836', '837', '838', '839', '840', '841', '842', '843', '844', '845', '846', '847', '848', '849', '850', '851', '852', '853', '854', '855', '856', '857', '858', '859', '860', 'OT']
	train: 12000
	vali : 1248
	test : 2928
dca-asffn

Experiment Start at <2024-10-12_12:42:12>
	PID: <1850671>
	Notes: <None>

Envs Setting:
    loss: "l1";      dataset_prob: "[0.7, 0.1, 0.2]";      data_scale: "True";  
    date_scale: "True";      c_out: "862";      regen_dataset: "True";  
    check_dataloader: "False";      muti_process: "False";      seed: "42";      device: "cuda:1";  
    dtype: "torch.float32";      adjust_lr: "False";      save_best_model: "True";  
    load_best_model: "False";      inp_len: "96";      pred_len: "336";      epochs: "42";  
    batch_size: "32";      optimizer: "amam";      learning_rate: "0.0001";  
    weight_decay: "0";      dropout: "0.3";      c_in: "862";  
Model Setting:
    name: "vtitg-asffn";      adp_dim: "10";      layers: "2";      order: "2";      dilation: "1";  
    kernel_size: "3";      dropout: "0.5";      share: "False";      use_update: "False";  
    use_guide: "True";      use_mav: "False";      c_date: "5";      n_nodes: "1";  
    c_in: "862";      c_out: "862";      device: "cuda:1";      inp_len: "96";  
Dataset Setting:
    name: "traffic";      channels: "862";      n_nodes: "1";      lens: "17544";  
    time_window: "60mins";  
    channel_info: "['0', '1', '2', '3', '4', '5', '6', '7', '8', '9', '10', '11', '12', '13', '14', '15', '16', '17', '18', '19', '20', '21', '22', '23', '24', '25', '26', '27', '28', '29', '30', '31', '32', '33', '34', '35', '36', '37', '38', '39', '40', '41', '42', '43', '44', '45', '46', '47', '48', '49', '50', '51', '52', '53', '54', '55', '56', '57', '58', '59', '60', '61', '62', '63', '64', '65', '66', '67', '68', '69', '70', '71', '72', '73', '74', '75', '76', '77', '78', '79', '80', '81', '82', '83', '84', '85', '86', '87', '88', '89', '90', '91', '92', '93', '94', '95', '96', '97', '98', '99', '100', '101', '102', '103', '104', '105', '106', '107', '108', '109', '110', '111', '112', '113', '114', '115', '116', '117', '118', '119', '120', '121', '122', '123', '124', '125', '126', '127', '128', '129', '130', '131', '132', '133', '134', '135', '136', '137', '138', '139', '140', '141', '142', '143', '144', '145', '146', '147', '148', '149', '150', '151', '152', '153', '154', '155', '156', '157', '158', '159', '160', '161', '162', '163', '164', '165', '166', '167', '168', '169', '170', '171', '172', '173', '174', '175', '176', '177', '178', '179', '180', '181', '182', '183', '184', '185', '186', '187', '188', '189', '190', '191', '192', '193', '194', '195', '196', '197', '198', '199', '200', '201', '202', '203', '204', '205', '206', '207', '208', '209', '210', '211', '212', '213', '214', '215', '216', '217', '218', '219', '220', '221', '222', '223', '224', '225', '226', '227', '228', '229', '230', '231', '232', '233', '234', '235', '236', '237', '238', '239', '240', '241', '242', '243', '244', '245', '246', '247', '248', '249', '250', '251', '252', '253', '254', '255', '256', '257', '258', '259', '260', '261', '262', '263', '264', '265', '266', '267', '268', '269', '270', '271', '272', '273', '274', '275', '276', '277', '278', '279', '280', '281', '282', '283', '284', '285', '286', '287', '288', '289', '290', '291', '292', '293', '294', '295', '296', '297', '298', '299', '300', '301', '302', '303', '304', '305', '306', '307', '308', '309', '310', '311', '312', '313', '314', '315', '316', '317', '318', '319', '320', '321', '322', '323', '324', '325', '326', '327', '328', '329', '330', '331', '332', '333', '334', '335', '336', '337', '338', '339', '340', '341', '342', '343', '344', '345', '346', '347', '348', '349', '350', '351', '352', '353', '354', '355', '356', '357', '358', '359', '360', '361', '362', '363', '364', '365', '366', '367', '368', '369', '370', '371', '372', '373', '374', '375', '376', '377', '378', '379', '380', '381', '382', '383', '384', '385', '386', '387', '388', '389', '390', '391', '392', '393', '394', '395', '396', '397', '398', '399', '400', '401', '402', '403', '404', '405', '406', '407', '408', '409', '410', '411', '412', '413', '414', '415', '416', '417', '418', '419', '420', '421', '422', '423', '424', '425', '426', '427', '428', '429', '430', '431', '432', '433', '434', '435', '436', '437', '438', '439', '440', '441', '442', '443', '444', '445', '446', '447', '448', '449', '450', '451', '452', '453', '454', '455', '456', '457', '458', '459', '460', '461', '462', '463', '464', '465', '466', '467', '468', '469', '470', '471', '472', '473', '474', '475', '476', '477', '478', '479', '480', '481', '482', '483', '484', '485', '486', '487', '488', '489', '490', '491', '492', '493', '494', '495', '496', '497', '498', '499', '500', '501', '502', '503', '504', '505', '506', '507', '508', '509', '510', '511', '512', '513', '514', '515', '516', '517', '518', '519', '520', '521', '522', '523', '524', '525', '526', '527', '528', '529', '530', '531', '532', '533', '534', '535', '536', '537', '538', '539', '540', '541', '542', '543', '544', '545', '546', '547', '548', '549', '550', '551', '552', '553', '554', '555', '556', '557', '558', '559', '560', '561', '562', '563', '564', '565', '566', '567', '568', '569', '570', '571', '572', '573', '574', '575', '576', '577', '578', '579', '580', '581', '582', '583', '584', '585', '586', '587', '588', '589', '590', '591', '592', '593', '594', '595', '596', '597', '598', '599', '600', '601', '602', '603', '604', '605', '606', '607', '608', '609', '610', '611', '612', '613', '614', '615', '616', '617', '618', '619', '620', '621', '622', '623', '624', '625', '626', '627', '628', '629', '630', '631', '632', '633', '634', '635', '636', '637', '638', '639', '640', '641', '642', '643', '644', '645', '646', '647', '648', '649', '650', '651', '652', '653', '654', '655', '656', '657', '658', '659', '660', '661', '662', '663', '664', '665', '666', '667', '668', '669', '670', '671', '672', '673', '674', '675', '676', '677', '678', '679', '680', '681', '682', '683', '684', '685', '686', '687', '688', '689', '690', '691', '692', '693', '694', '695', '696', '697', '698', '699', '700', '701', '702', '703', '704', '705', '706', '707', '708', '709', '710', '711', '712', '713', '714', '715', '716', '717', '718', '719', '720', '721', '722', '723', '724', '725', '726', '727', '728', '729', '730', '731', '732', '733', '734', '735', '736', '737', '738', '739', '740', '741', '742', '743', '744', '745', '746', '747', '748', '749', '750', '751', '752', '753', '754', '755', '756', '757', '758', '759', '760', '761', '762', '763', '764', '765', '766', '767', '768', '769', '770', '771', '772', '773', '774', '775', '776', '777', '778', '779', '780', '781', '782', '783', '784', '785', '786', '787', '788', '789', '790', '791', '792', '793', '794', '795', '796', '797', '798', '799', '800', '801', '802', '803', '804', '805', '806', '807', '808', '809', '810', '811', '812', '813', '814', '815', '816', '817', '818', '819', '820', '821', '822', '823', '824', '825', '826', '827', '828', '829', '830', '831', '832', '833', '834', '835', '836', '837', '838', '839', '840', '841', '842', '843', '844', '845', '846', '847', '848', '849', '850', '851', '852', '853', '854', '855', '856', '857', '858', '859', '860', 'OT']";  
    choise_channels: "[0, 1, 2, 3, 4, 5, 6, 7, 8, 9, 10, 11, 12, 13, 14, 15, 16, 17, 18, 19, 20, 21, 22, 23, 24, 25, 26, 27, 28, 29, 30, 31, 32, 33, 34, 35, 36, 37, 38, 39, 40, 41, 42, 43, 44, 45, 46, 47, 48, 49, 50, 51, 52, 53, 54, 55, 56, 57, 58, 59, 60, 61, 62, 63, 64, 65, 66, 67, 68, 69, 70, 71, 72, 73, 74, 75, 76, 77, 78, 79, 80, 81, 82, 83, 84, 85, 86, 87, 88, 89, 90, 91, 92, 93, 94, 95, 96, 97, 98, 99, 100, 101, 102, 103, 104, 105, 106, 107, 108, 109, 110, 111, 112, 113, 114, 115, 116, 117, 118, 119, 120, 121, 122, 123, 124, 125, 126, 127, 128, 129, 130, 131, 132, 133, 134, 135, 136, 137, 138, 139, 140, 141, 142, 143, 144, 145, 146, 147, 148, 149, 150, 151, 152, 153, 154, 155, 156, 157, 158, 159, 160, 161, 162, 163, 164, 165, 166, 167, 168, 169, 170, 171, 172, 173, 174, 175, 176, 177, 178, 179, 180, 181, 182, 183, 184, 185, 186, 187, 188, 189, 190, 191, 192, 193, 194, 195, 196, 197, 198, 199, 200, 201, 202, 203, 204, 205, 206, 207, 208, 209, 210, 211, 212, 213, 214, 215, 216, 217, 218, 219, 220, 221, 222, 223, 224, 225, 226, 227, 228, 229, 230, 231, 232, 233, 234, 235, 236, 237, 238, 239, 240, 241, 242, 243, 244, 245, 246, 247, 248, 249, 250, 251, 252, 253, 254, 255, 256, 257, 258, 259, 260, 261, 262, 263, 264, 265, 266, 267, 268, 269, 270, 271, 272, 273, 274, 275, 276, 277, 278, 279, 280, 281, 282, 283, 284, 285, 286, 287, 288, 289, 290, 291, 292, 293, 294, 295, 296, 297, 298, 299, 300, 301, 302, 303, 304, 305, 306, 307, 308, 309, 310, 311, 312, 313, 314, 315, 316, 317, 318, 319, 320, 321, 322, 323, 324, 325, 326, 327, 328, 329, 330, 331, 332, 333, 334, 335, 336, 337, 338, 339, 340, 341, 342, 343, 344, 345, 346, 347, 348, 349, 350, 351, 352, 353, 354, 355, 356, 357, 358, 359, 360, 361, 362, 363, 364, 365, 366, 367, 368, 369, 370, 371, 372, 373, 374, 375, 376, 377, 378, 379, 380, 381, 382, 383, 384, 385, 386, 387, 388, 389, 390, 391, 392, 393, 394, 395, 396, 397, 398, 399, 400, 401, 402, 403, 404, 405, 406, 407, 408, 409, 410, 411, 412, 413, 414, 415, 416, 417, 418, 419, 420, 421, 422, 423, 424, 425, 426, 427, 428, 429, 430, 431, 432, 433, 434, 435, 436, 437, 438, 439, 440, 441, 442, 443, 444, 445, 446, 447, 448, 449, 450, 451, 452, 453, 454, 455, 456, 457, 458, 459, 460, 461, 462, 463, 464, 465, 466, 467, 468, 469, 470, 471, 472, 473, 474, 475, 476, 477, 478, 479, 480, 481, 482, 483, 484, 485, 486, 487, 488, 489, 490, 491, 492, 493, 494, 495, 496, 497, 498, 499, 500, 501, 502, 503, 504, 505, 506, 507, 508, 509, 510, 511, 512, 513, 514, 515, 516, 517, 518, 519, 520, 521, 522, 523, 524, 525, 526, 527, 528, 529, 530, 531, 532, 533, 534, 535, 536, 537, 538, 539, 540, 541, 542, 543, 544, 545, 546, 547, 548, 549, 550, 551, 552, 553, 554, 555, 556, 557, 558, 559, 560, 561, 562, 563, 564, 565, 566, 567, 568, 569, 570, 571, 572, 573, 574, 575, 576, 577, 578, 579, 580, 581, 582, 583, 584, 585, 586, 587, 588, 589, 590, 591, 592, 593, 594, 595, 596, 597, 598, 599, 600, 601, 602, 603, 604, 605, 606, 607, 608, 609, 610, 611, 612, 613, 614, 615, 616, 617, 618, 619, 620, 621, 622, 623, 624, 625, 626, 627, 628, 629, 630, 631, 632, 633, 634, 635, 636, 637, 638, 639, 640, 641, 642, 643, 644, 645, 646, 647, 648, 649, 650, 651, 652, 653, 654, 655, 656, 657, 658, 659, 660, 661, 662, 663, 664, 665, 666, 667, 668, 669, 670, 671, 672, 673, 674, 675, 676, 677, 678, 679, 680, 681, 682, 683, 684, 685, 686, 687, 688, 689, 690, 691, 692, 693, 694, 695, 696, 697, 698, 699, 700, 701, 702, 703, 704, 705, 706, 707, 708, 709, 710, 711, 712, 713, 714, 715, 716, 717, 718, 719, 720, 721, 722, 723, 724, 725, 726, 727, 728, 729, 730, 731, 732, 733, 734, 735, 736, 737, 738, 739, 740, 741, 742, 743, 744, 745, 746, 747, 748, 749, 750, 751, 752, 753, 754, 755, 756, 757, 758, 759, 760, 761, 762, 763, 764, 765, 766, 767, 768, 769, 770, 771, 772, 773, 774, 775, 776, 777, 778, 779, 780, 781, 782, 783, 784, 785, 786, 787, 788, 789, 790, 791, 792, 793, 794, 795, 796, 797, 798, 799, 800, 801, 802, 803, 804, 805, 806, 807, 808, 809, 810, 811, 812, 813, 814, 815, 816, 817, 818, 819, 820, 821, 822, 823, 824, 825, 826, 827, 828, 829, 830, 831, 832, 833, 834, 835, 836, 837, 838, 839, 840, 841, 842, 843, 844, 845, 846, 847, 848, 849, 850, 851, 852, 853, 854, 855, 856, 857, 858, 859, 860, 861]";  
    nodes_info: "['None']";      choise_nodes: "[-1]";      folder_path: "./dataset/traffic";  
    file_name: "traffic.csv";      adj_path: "None";      period_type: "week";      c_date: "5";  
    raw_path: "./raw_files/traffic/traffic.csv";      data_channels: "862";  
    dataset_type: "['train', 'test', 'vali']";      scale: "True";      inp_len: "96";  
    pred_len: "336";      dtype: "torch.float32";      num_nodes: "1";      n_channels: "862";  
    data_scale: "True";      date_scale: "True";      dataset_prob: "[0.7, 0.1, 0.2]";  

Epoch: 001
State: <train>
	iter    Loss        MAE         MAPE        RMSE        Speed (/iter)   Time Cost   
	0000    0.7365      0.7365      136.7061%   0.9996      2.5835 s        2.58 s      
	0100    0.5241      0.5241      234.9741%   0.8418      0.2019 s        22.78 s     
	0200    0.3954      0.3954      267.0967%   0.7304      0.2074 s        43.51 s     
	0300    0.3724      0.3724      261.5614%   0.6936      0.1967 s        63.18 s     
State: <vali>
	iter    Loss        MAE         MAPE        RMSE        Speed (/iter)   Time Cost   
	0000    0.3632      0.3632      245.4888%   0.7966      0.0659 s        0.07 s      
State: <test>
	iter    Loss        MAE         MAPE        RMSE        Speed (/iter)   Time Cost   
	0000    0.3784      0.3784      235.4755%   0.8384      0.0742 s        0.07 s      
Info Report: <Epoch 001> 
	State   Avg. Loss   Avg. MAE    Avg. MAPE   Avg. RMSE   Time Cost   
	train   0.4165      0.4165      255.3721%   0.7390      78.37 s     
	vali    0.3646      0.3646      249.0249%   0.8001      2.57 s      
	test    0.4108      0.4108      265.9327%   0.8921      5.97 s      
<Latest 5>	1           
    Loss	0.4108      

Epoch: 002
State: <train>
	iter    Loss        MAE         MAPE        RMSE        Speed (/iter)   Time Cost   
	0000    0.3513      0.3513      264.3529%   0.6590      0.2114 s        0.21 s      
	0100    0.3516      0.3516      254.0831%   0.6619      0.2086 s        21.07 s     
	0200    0.3425      0.3425      250.8845%   0.6472      0.1944 s        40.52 s     
	0300    0.3347      0.3347      246.5780%   0.6359      0.2076 s        61.28 s     
State: <vali>
	iter    Loss        MAE         MAPE        RMSE        Speed (/iter)   Time Cost   
	0000    0.3276      0.3276      215.6118%   0.7477      0.0572 s        0.06 s      
State: <test>
	iter    Loss        MAE         MAPE        RMSE        Speed (/iter)   Time Cost   
	0000    0.3335      0.3335      214.4046%   0.7717      0.0699 s        0.07 s      
Info Report: <Epoch 002> 
	State   Avg. Loss   Avg. MAE    Avg. MAPE   Avg. RMSE   Time Cost   
	train   0.3403      0.3403      249.1787%   0.6444      76.66 s     
	vali    0.3284      0.3284      226.5647%   0.7505      2.55 s      
	test    0.3756      0.3756      247.8664%   0.8396      5.84 s      
<Latest 5>	1           2           
    Loss	0.4108      0.3756      

Epoch: 003
State: <train>
	iter    Loss        MAE         MAPE        RMSE        Speed (/iter)   Time Cost   
	0000    0.3267      0.3267      237.1232%   0.6150      0.1878 s        0.19 s      
	0100    0.3232      0.3232      239.2953%   0.6179      0.1965 s        19.84 s     
	0200    0.3190      0.3190      236.9277%   0.6112      0.2075 s        40.58 s     
	0300    0.3135      0.3135      234.1544%   0.6043      0.2021 s        60.80 s     
State: <vali>
	iter    Loss        MAE         MAPE        RMSE        Speed (/iter)   Time Cost   
	0000    0.3060      0.3060      207.8980%   0.7281      0.0751 s        0.08 s      
State: <test>
	iter    Loss        MAE         MAPE        RMSE        Speed (/iter)   Time Cost   
	0000    0.3047      0.3047      210.7157%   0.7270      0.0720 s        0.07 s      
Info Report: <Epoch 003> 
	State   Avg. Loss   Avg. MAE    Avg. MAPE   Avg. RMSE   Time Cost   
	train   0.3168      0.3168      235.5424%   0.6088      75.47 s     
	vali    0.3038      0.3038      213.6888%   0.7147      2.60 s      
	test    0.3511      0.3511      237.1916%   0.8001      6.00 s      
<Latest 5>	1           2           3           
    Loss	0.4108      0.3756      0.3511      

Epoch: 004
State: <train>
	iter    Loss        MAE         MAPE        RMSE        Speed (/iter)   Time Cost   
	0000    0.3141      0.3141      237.1807%   0.6046      0.2018 s        0.20 s      
	0100    0.3057      0.3057      229.8940%   0.5929      0.2073 s        20.94 s     
	0200    0.3017      0.3017      227.4904%   0.5872      0.1946 s        40.39 s     
	0300    0.2988      0.2988      223.4577%   0.5843      0.2242 s        62.81 s     
State: <vali>
	iter    Loss        MAE         MAPE        RMSE        Speed (/iter)   Time Cost   
	0000    0.2893      0.2893      195.5458%   0.6845      0.0785 s        0.08 s      
State: <test>
	iter    Loss        MAE         MAPE        RMSE        Speed (/iter)   Time Cost   
	0000    0.2905      0.2905      207.7422%   0.7067      0.0606 s        0.06 s      
Info Report: <Epoch 004> 
	State   Avg. Loss   Avg. MAE    Avg. MAPE   Avg. RMSE   Time Cost   
	train   0.3009      0.3009      226.7562%   0.5862      79.37 s     
	vali    0.2907      0.2907      203.2844%   0.6974      2.81 s      
	test    0.3368      0.3368      226.9265%   0.7797      6.55 s      
<Latest 5>	1           2           3           4           
    Loss	0.4108      0.3756      0.3511      0.3368      

Epoch: 005
State: <train>
	iter    Loss        MAE         MAPE        RMSE        Speed (/iter)   Time Cost   
	0000    0.2953      0.2953      225.0523%   0.5750      0.2147 s        0.21 s      
	0100    0.2934      0.2934      222.4012%   0.5766      0.2271 s        22.92 s     
	0200    0.2897      0.2897      220.4130%   0.5716      0.2526 s        48.18 s     
	0300    0.2889      0.2889      219.1874%   0.5706      0.2481 s        72.99 s     
State: <vali>
	iter    Loss        MAE         MAPE        RMSE        Speed (/iter)   Time Cost   
	0000    0.2816      0.2816      207.7647%   0.6913      0.0782 s        0.08 s      
State: <test>
	iter    Loss        MAE         MAPE        RMSE        Speed (/iter)   Time Cost   
	0000    0.2792      0.2792      212.4489%   0.6899      0.0855 s        0.09 s      
Info Report: <Epoch 005> 
	State   Avg. Loss   Avg. MAE    Avg. MAPE   Avg. RMSE   Time Cost   
	train   0.2896      0.2896      219.9662%   0.5715      89.18 s     
	vali    0.2786      0.2786      198.3212%   0.6812      3.09 s      
	test    0.3242      0.3242      223.8010%   0.7598      7.30 s      
<Latest 5>	1           2           3           4           5           
    Loss	0.4108      0.3756      0.3511      0.3368      0.3242      

Epoch: 006
State: <train>
	iter    Loss        MAE         MAPE        RMSE        Speed (/iter)   Time Cost   
	0000    0.2837      0.2837      209.4879%   0.5654      0.2379 s        0.24 s      
	0100    0.2831      0.2831      215.7130%   0.5628      0.2532 s        25.56 s     
	0200    0.2819      0.2819      214.9336%   0.5619      0.2396 s        49.51 s     
	0300    0.2803      0.2803      214.3509%   0.5599      0.2318 s        72.69 s     
State: <vali>
	iter    Loss        MAE         MAPE        RMSE        Speed (/iter)   Time Cost   
	0000    0.2720      0.2720      193.7233%   0.6699      0.0911 s        0.09 s      
State: <test>
	iter    Loss        MAE         MAPE        RMSE        Speed (/iter)   Time Cost   
	0000    0.2739      0.2739      215.1205%   0.6821      0.0727 s        0.07 s      
Info Report: <Epoch 006> 
	State   Avg. Loss   Avg. MAE    Avg. MAPE   Avg. RMSE   Time Cost   
	train   0.2813      0.2813      214.7500%   0.5611      91.35 s     
	vali    0.2741      0.2741      194.0299%   0.6754      3.20 s      
	test    0.3186      0.3186      217.7895%   0.7524      7.50 s      
<Latest 5>	2           3           4           5           6           
    Loss	0.3756      0.3511      0.3368      0.3242      0.3186      

Epoch: 007
State: <train>
	iter    Loss        MAE         MAPE        RMSE        Speed (/iter)   Time Cost   
	0000    0.2683      0.2683      216.4057%   0.5494      0.2630 s        0.26 s      
	0100    0.2766      0.2766      211.7340%   0.5559      0.2371 s        23.97 s     
	0200    0.2754      0.2754      210.0850%   0.5545      0.2361 s        47.58 s     
	0300    0.2735      0.2735      209.7560%   0.5511      0.2522 s        72.80 s     
State: <vali>
	iter    Loss        MAE         MAPE        RMSE        Speed (/iter)   Time Cost   
	0000    0.2686      0.2686      188.1139%   0.6589      0.0666 s        0.07 s      
State: <test>
	iter    Loss        MAE         MAPE        RMSE        Speed (/iter)   Time Cost   
	0000    0.2690      0.2690      215.4897%   0.6768      0.0946 s        0.09 s      
Info Report: <Epoch 007> 
	State   Avg. Loss   Avg. MAE    Avg. MAPE   Avg. RMSE   Time Cost   
	train   0.2749      0.2749      210.2966%   0.5537      90.23 s     
	vali    0.2691      0.2691      190.9790%   0.6698      3.12 s      
	test    0.3136      0.3136      214.9412%   0.7453      7.36 s      
<Latest 5>	3           4           5           6           7           
    Loss	0.3511      0.3368      0.3242      0.3186      0.3136      

Epoch: 008
State: <train>
	iter    Loss        MAE         MAPE        RMSE        Speed (/iter)   Time Cost   
	0000    0.2738      0.2738      212.4141%   0.5495      0.2504 s        0.25 s      
	0100    0.2711      0.2711      208.0398%   0.5495      0.2343 s        23.68 s     
	0200    0.2706      0.2706      207.6114%   0.5487      0.2523 s        48.91 s     
	0300    0.2696      0.2696      206.7780%   0.5476      0.2395 s        72.85 s     
State: <vali>
	iter    Loss        MAE         MAPE        RMSE        Speed (/iter)   Time Cost   
	0000    0.2722      0.2722      205.2992%   0.6882      0.0786 s        0.08 s      
State: <test>
	iter    Loss        MAE         MAPE        RMSE        Speed (/iter)   Time Cost   
	0000    0.2644      0.2644      218.2330%   0.6708      0.0646 s        0.06 s      
Info Report: <Epoch 008> 
	State   Avg. Loss   Avg. MAE    Avg. MAPE   Avg. RMSE   Time Cost   
	train   0.2701      0.2701      207.1340%   0.5483      90.21 s     
	vali    0.2650      0.2650      190.4239%   0.6646      2.85 s      
	test    0.3092      0.3092      214.7829%   0.7388      7.21 s      
<Latest 5>	4           5           6           7           8           
    Loss	0.3368      0.3242      0.3186      0.3136      0.3092      

Epoch: 009
State: <train>
	iter    Loss        MAE         MAPE        RMSE        Speed (/iter)   Time Cost   
	0000    0.2686      0.2686      202.1928%   0.5468      0.2558 s        0.26 s      
	0100    0.2670      0.2670      204.7173%   0.5451      0.2432 s        24.57 s     
	0200    0.2655      0.2655      204.1838%   0.5421      0.2472 s        49.29 s     
	0300    0.2668      0.2668      204.4232%   0.5455      0.2337 s        72.67 s     
State: <vali>
	iter    Loss        MAE         MAPE        RMSE        Speed (/iter)   Time Cost   
	0000    0.2683      0.2683      185.4678%   0.6674      0.0711 s        0.07 s      
State: <test>
	iter    Loss        MAE         MAPE        RMSE        Speed (/iter)   Time Cost   
	0000    0.2623      0.2623      219.5369%   0.6689      0.0700 s        0.07 s      
Info Report: <Epoch 009> 
	State   Avg. Loss   Avg. MAE    Avg. MAPE   Avg. RMSE   Time Cost   
	train   0.2661      0.2661      204.2579%   0.5439      91.09 s     
	vali    0.2636      0.2636      187.5471%   0.6637      2.75 s      
	test    0.3078      0.3078      210.9951%   0.7381      6.90 s      
<Latest 5>	5           6           7           8           9           
    Loss	0.3242      0.3186      0.3136      0.3092      0.3078      

Epoch: 010
State: <train>
	iter    Loss        MAE         MAPE        RMSE        Speed (/iter)   Time Cost   
	0000    0.2610      0.2610      197.0428%   0.5460      0.2418 s        0.24 s      
	0100    0.2641      0.2641      202.9931%   0.5419      0.2525 s        25.49 s     
	0200    0.2627      0.2627      201.8736%   0.5398      0.2348 s        48.96 s     
	0300    0.2625      0.2625      202.4375%   0.5396      0.2376 s        72.72 s     
State: <vali>
	iter    Loss        MAE         MAPE        RMSE        Speed (/iter)   Time Cost   
	0000    0.2603      0.2603      182.6775%   0.6616      0.0777 s        0.08 s      
State: <test>
	iter    Loss        MAE         MAPE        RMSE        Speed (/iter)   Time Cost   
	0000    0.2597      0.2597      219.5761%   0.6663      0.0698 s        0.07 s      
Info Report: <Epoch 010> 
	State   Avg. Loss   Avg. MAE    Avg. MAPE   Avg. RMSE   Time Cost   
	train   0.2629      0.2629      202.0875%   0.5403      91.44 s     
	vali    0.2616      0.2616      186.8837%   0.6611      3.20 s      
	test    0.3056      0.3056      211.0384%   0.7344      7.46 s      
<Latest 5>	6           7           8           9           10          
    Loss	0.3186      0.3136      0.3092      0.3078      0.3056      

Epoch: 011
State: <train>
	iter    Loss        MAE         MAPE        RMSE        Speed (/iter)   Time Cost   
	0000    0.2609      0.2609      189.1805%   0.5414      0.2328 s        0.23 s      
	0100    0.2605      0.2605      200.3605%   0.5375      0.2360 s        23.84 s     
	0200    0.2596      0.2596      199.7659%   0.5368      0.2364 s        47.47 s     
	0300    0.2594      0.2594      199.0466%   0.5363      0.2532 s        72.80 s     
State: <vali>
	iter    Loss        MAE         MAPE        RMSE        Speed (/iter)   Time Cost   
	0000    0.2634      0.2634      182.5523%   0.6745      0.0652 s        0.07 s      
State: <test>
	iter    Loss        MAE         MAPE        RMSE        Speed (/iter)   Time Cost   
	0000    0.2553      0.2553      213.8560%   0.6621      0.0807 s        0.08 s      
Info Report: <Epoch 011> 
	State   Avg. Loss   Avg. MAE    Avg. MAPE   Avg. RMSE   Time Cost   
	train   0.2599      0.2599      200.0422%   0.5369      90.92 s     
	vali    0.2587      0.2587      184.3959%   0.6581      2.83 s      
	test    0.3026      0.3026      208.4349%   0.7314      6.06 s      
<Latest 5>	7           8           9           10          11          
    Loss	0.3136      0.3092      0.3078      0.3056      0.3026      

Epoch: 012
State: <train>
	iter    Loss        MAE         MAPE        RMSE        Speed (/iter)   Time Cost   
	0000    0.2589      0.2589      187.2786%   0.5424      0.2158 s        0.22 s      
	0100    0.2579      0.2579      199.1852%   0.5344      0.2436 s        24.57 s     
	0200    0.2579      0.2579      198.2615%   0.5347      0.2534 s        49.91 s     
	0300    0.2570      0.2570      198.7419%   0.5332      0.2301 s        72.92 s     
State: <vali>
	iter    Loss        MAE         MAPE        RMSE        Speed (/iter)   Time Cost   
	0000    0.2626      0.2626      189.9201%   0.6782      0.0731 s        0.07 s      
State: <test>
	iter    Loss        MAE         MAPE        RMSE        Speed (/iter)   Time Cost   
	0000    0.2551      0.2551      218.4883%   0.6615      0.0935 s        0.09 s      
Info Report: <Epoch 012> 
	State   Avg. Loss   Avg. MAE    Avg. MAPE   Avg. RMSE   Time Cost   
	train   0.2574      0.2574      198.4230%   0.5340      90.57 s     
	vali    0.2578      0.2578      184.1420%   0.6572      3.18 s      
	test    0.3019      0.3019      208.0593%   0.7302      7.49 s      
<Latest 5>	8           9           10          11          12          
    Loss	0.3092      0.3078      0.3056      0.3026      0.3019      

Epoch: 013
State: <train>
	iter    Loss        MAE         MAPE        RMSE        Speed (/iter)   Time Cost   
	0000    0.2562      0.2562      191.3045%   0.5418      0.2427 s        0.24 s      
	0100    0.2560      0.2560      197.0478%   0.5324      0.2528 s        25.52 s     
	0200    0.2547      0.2547      196.8611%   0.5306      0.2306 s        48.58 s     
	0300    0.2554      0.2554      197.3759%   0.5318      0.2436 s        72.94 s     
State: <vali>
	iter    Loss        MAE         MAPE        RMSE        Speed (/iter)   Time Cost   
	0000    0.2558      0.2558      181.1778%   0.6560      0.0807 s        0.08 s      
State: <test>
	iter    Loss        MAE         MAPE        RMSE        Speed (/iter)   Time Cost   
	0000    0.2517      0.2517      217.3681%   0.6588      0.0868 s        0.09 s      
Info Report: <Epoch 013> 
	State   Avg. Loss   Avg. MAE    Avg. MAPE   Avg. RMSE   Time Cost   
	train   0.2550      0.2550      196.5949%   0.5313      91.61 s     
	vali    0.2553      0.2553      182.9569%   0.6548      3.21 s      
	test    0.2995      0.2995      206.9551%   0.7275      7.38 s      
<Latest 5>	9           10          11          12          13          
    Loss	0.3078      0.3056      0.3026      0.3019      0.2995      

Epoch: 014
State: <train>
	iter    Loss        MAE         MAPE        RMSE        Speed (/iter)   Time Cost   
	0000    0.2490      0.2490      191.8722%   0.5267      0.2330 s        0.23 s      
	0100    0.2537      0.2537      195.7072%   0.5297      0.2321 s        23.45 s     
	0200    0.2528      0.2528      194.3401%   0.5288      0.2424 s        47.69 s     
	0300    0.2525      0.2525      194.7808%   0.5288      0.2513 s        72.81 s     
State: <vali>
	iter    Loss        MAE         MAPE        RMSE        Speed (/iter)   Time Cost   
	0000    0.2532      0.2532      185.1540%   0.6437      0.0717 s        0.07 s      
State: <test>
	iter    Loss        MAE         MAPE        RMSE        Speed (/iter)   Time Cost   
	0000    0.2508      0.2508      215.5118%   0.6585      0.0732 s        0.07 s      
Info Report: <Epoch 014> 
	State   Avg. Loss   Avg. MAE    Avg. MAPE   Avg. RMSE   Time Cost   
	train   0.2530      0.2530      195.1271%   0.5291      89.75 s     
	vali    0.2542      0.2542      182.6494%   0.6535      3.15 s      
	test    0.2982      0.2982      206.3588%   0.7257      7.40 s      
<Latest 5>	10          11          12          13          14          
    Loss	0.3056      0.3026      0.3019      0.2995      0.2982      

Epoch: 015
State: <train>
	iter    Loss        MAE         MAPE        RMSE        Speed (/iter)   Time Cost   
	0000    0.2485      0.2485      190.2183%   0.5261      0.2286 s        0.23 s      
	0100    0.2512      0.2512      193.4495%   0.5269      0.2411 s        24.33 s     
	0200    0.2520      0.2520      194.8682%   0.5280      0.2405 s        48.39 s     
	0300    0.2509      0.2509      193.4871%   0.5269      0.2461 s        73.00 s     
State: <vali>
	iter    Loss        MAE         MAPE        RMSE        Speed (/iter)   Time Cost   
	0000    0.2558      0.2558      188.3901%   0.6601      0.0698 s        0.07 s      
State: <test>
	iter    Loss        MAE         MAPE        RMSE        Speed (/iter)   Time Cost   
	0000    0.2483      0.2483      214.0080%   0.6562      0.0729 s        0.07 s      
Info Report: <Epoch 015> 
	State   Avg. Loss   Avg. MAE    Avg. MAPE   Avg. RMSE   Time Cost   
	train   0.2511      0.2511      193.7837%   0.5268      90.86 s     
	vali    0.2537      0.2537      180.9087%   0.6531      2.98 s      
	test    0.2978      0.2978      204.2489%   0.7255      7.27 s      
<Latest 5>	11          12          13          14          15          
    Loss	0.3026      0.3019      0.2995      0.2982      0.2978      

Epoch: 016
State: <train>
	iter    Loss        MAE         MAPE        RMSE        Speed (/iter)   Time Cost   
	0000    0.2495      0.2495      200.1955%   0.5172      0.2464 s        0.25 s      
	0100    0.2498      0.2498      193.0212%   0.5248      0.2400 s        24.25 s     
	0200    0.2495      0.2495      192.2950%   0.5252      0.2475 s        48.99 s     
	0300    0.2496      0.2496      192.4643%   0.5252      0.2409 s        73.08 s     
State: <vali>
	iter    Loss        MAE         MAPE        RMSE        Speed (/iter)   Time Cost   
	0000    0.2507      0.2507      178.2450%   0.6544      0.0750 s        0.08 s      
State: <test>
	iter    Loss        MAE         MAPE        RMSE        Speed (/iter)   Time Cost   
	0000    0.2479      0.2479      213.9306%   0.6562      0.0840 s        0.08 s      
Info Report: <Epoch 016> 
	State   Avg. Loss   Avg. MAE    Avg. MAPE   Avg. RMSE   Time Cost   
	train   0.2493      0.2493      192.3559%   0.5247      90.35 s     
	vali    0.2526      0.2526      180.2482%   0.6522      3.20 s      
	test    0.2969      0.2969      203.6013%   0.7245      7.27 s      
<Latest 5>	12          13          14          15          16          
    Loss	0.3019      0.2995      0.2982      0.2978      0.2969      

Epoch: 017
State: <train>
	iter    Loss        MAE         MAPE        RMSE        Speed (/iter)   Time Cost   
	0000    0.2490      0.2490      187.3083%   0.5214      0.2259 s        0.23 s      
	0100    0.2487      0.2487      192.2799%   0.5241      0.2479 s        25.02 s     
	0200    0.2476      0.2476      191.1362%   0.5222      0.2389 s        48.91 s     
	0300    0.2474      0.2474      190.4754%   0.5229      0.2402 s        72.93 s     
State: <vali>
	iter    Loss        MAE         MAPE        RMSE        Speed (/iter)   Time Cost   
	0000    0.2502      0.2502      177.9445%   0.6510      0.0768 s        0.08 s      
State: <test>
	iter    Loss        MAE         MAPE        RMSE        Speed (/iter)   Time Cost   
	0000    0.2491      0.2491      215.3945%   0.6578      0.0891 s        0.09 s      
Info Report: <Epoch 017> 
	State   Avg. Loss   Avg. MAE    Avg. MAPE   Avg. RMSE   Time Cost   
	train   0.2478      0.2478      191.1237%   0.5230      90.97 s     
	vali    0.2516      0.2516      180.3488%   0.6507      3.19 s      
	test    0.2954      0.2954      203.3401%   0.7223      7.47 s      
<Latest 5>	13          14          15          16          17          
    Loss	0.2995      0.2982      0.2978      0.2969      0.2954      

Epoch: 018
State: <train>
	iter    Loss        MAE         MAPE        RMSE        Speed (/iter)   Time Cost   
	0000    0.2457      0.2457      189.9068%   0.5184      0.2652 s        0.27 s      
	0100    0.2466      0.2466      190.6049%   0.5219      0.2296 s        23.23 s     
	0200    0.2461      0.2461      189.9122%   0.5205      0.2488 s        48.11 s     
	0300    0.2463      0.2463      189.5258%   0.5217      0.2476 s        72.87 s     
State: <vali>
	iter    Loss        MAE         MAPE        RMSE        Speed (/iter)   Time Cost   
	0000    0.2403      0.2403      162.4912%   0.6287      0.0659 s        0.07 s      
State: <test>
	iter    Loss        MAE         MAPE        RMSE        Speed (/iter)   Time Cost   
	0000    0.2486      0.2486      216.0713%   0.6582      0.0665 s        0.07 s      
Info Report: <Epoch 018> 
	State   Avg. Loss   Avg. MAE    Avg. MAPE   Avg. RMSE   Time Cost   
	train   0.2462      0.2462      189.8077%   0.5211      90.75 s     
	vali    0.2509      0.2509      180.1411%   0.6499      2.52 s      
	test    0.2950      0.2950      203.2148%   0.7221      6.83 s      
<Latest 5>	14          15          16          17          18          
    Loss	0.2982      0.2978      0.2969      0.2954      0.2950      

Epoch: 019
State: <train>
	iter    Loss        MAE         MAPE        RMSE        Speed (/iter)   Time Cost   
	0000    0.2508      0.2508      181.9031%   0.5314      0.2353 s        0.24 s      
	0100    0.2447      0.2447      189.7274%   0.5187      0.2474 s        24.97 s     
	0200    0.2450      0.2450      188.5872%   0.5200      0.2478 s        49.75 s     
	0300    0.2446      0.2446      188.9482%   0.5192      0.2349 s        73.24 s     
State: <vali>
	iter    Loss        MAE         MAPE        RMSE        Speed (/iter)   Time Cost   
	0000    0.2593      0.2593      193.1990%   0.6777      0.0921 s        0.09 s      
State: <test>
	iter    Loss        MAE         MAPE        RMSE        Speed (/iter)   Time Cost   
	0000    0.2435      0.2435      215.0857%   0.6528      0.0790 s        0.08 s      
Info Report: <Epoch 019> 
	State   Avg. Loss   Avg. MAE    Avg. MAPE   Avg. RMSE   Time Cost   
	train   0.2448      0.2448      188.9073%   0.5194      91.05 s     
	vali    0.2495      0.2495      180.2180%   0.6483      3.20 s      
	test    0.2932      0.2932      203.1978%   0.7197      7.20 s      
<Latest 5>	15          16          17          18          19          
    Loss	0.2978      0.2969      0.2954      0.2950      0.2932      

Epoch: 020
State: <train>
	iter    Loss        MAE         MAPE        RMSE        Speed (/iter)   Time Cost   
	0000    0.2421      0.2421      184.9547%   0.5152      0.2535 s        0.25 s      
	0100    0.2432      0.2432      188.1357%   0.5172      0.2449 s        24.74 s     
	0200    0.2441      0.2441      187.3322%   0.5191      0.2404 s        48.78 s     
	0300    0.2429      0.2429      187.0574%   0.5175      0.2423 s        73.01 s     
State: <vali>
	iter    Loss        MAE         MAPE        RMSE        Speed (/iter)   Time Cost   
	0000    0.2546      0.2546      186.0164%   0.6702      0.0759 s        0.08 s      
State: <test>
	iter    Loss        MAE         MAPE        RMSE        Speed (/iter)   Time Cost   
	0000    0.2458      0.2458      214.8917%   0.6562      0.0678 s        0.07 s      
Info Report: <Epoch 020> 
	State   Avg. Loss   Avg. MAE    Avg. MAPE   Avg. RMSE   Time Cost   
	train   0.2433      0.2433      187.6877%   0.5177      91.09 s     
	vali    0.2491      0.2491      178.8506%   0.6483      2.92 s      
	test    0.2932      0.2932      201.7968%   0.7201      6.39 s      
<Latest 5>	16          17          18          19          20          
    Loss	0.2969      0.2954      0.2950      0.2932      0.2932      

Epoch: 021
State: <train>
	iter    Loss        MAE         MAPE        RMSE        Speed (/iter)   Time Cost   
	0000    0.2405      0.2405      183.4675%   0.5127      0.2559 s        0.26 s      
	0100    0.2422      0.2422      187.0084%   0.5160      0.2509 s        25.35 s     
	0200    0.2430      0.2430      186.8337%   0.5182      0.2403 s        49.38 s     
	0300    0.2414      0.2414      185.7231%   0.5159      0.2350 s        72.87 s     
State: <vali>
	iter    Loss        MAE         MAPE        RMSE        Speed (/iter)   Time Cost   
	0000    0.2494      0.2494      179.4852%   0.6462      0.0799 s        0.08 s      
State: <test>
	iter    Loss        MAE         MAPE        RMSE        Speed (/iter)   Time Cost   
	0000    0.2443      0.2443      214.3088%   0.6546      0.0742 s        0.07 s      
Info Report: <Epoch 021> 
	State   Avg. Loss   Avg. MAE    Avg. MAPE   Avg. RMSE   Time Cost   
	train   0.2421      0.2421      186.5949%   0.5163      91.74 s     
	vali    0.2478      0.2478      178.9178%   0.6466      3.21 s      
	test    0.2921      0.2921      202.1477%   0.7183      7.41 s      
<Latest 5>	17          18          19          20          21          
    Loss	0.2954      0.2950      0.2932      0.2932      0.2921      

Epoch: 022
State: <train>
	iter    Loss        MAE         MAPE        RMSE        Speed (/iter)   Time Cost   
	0000    0.2364      0.2364      191.1017%   0.5044      0.2320 s        0.23 s      
	0100    0.2406      0.2406      185.5427%   0.5142      0.2386 s        24.09 s     
	0200    0.2413      0.2413      185.7906%   0.5153      0.2350 s        47.59 s     
	0300    0.2401      0.2401      184.8278%   0.5147      0.2535 s        72.94 s     
State: <vali>
	iter    Loss        MAE         MAPE        RMSE        Speed (/iter)   Time Cost   
	0000    0.2489      0.2489      180.7192%   0.6645      0.0702 s        0.07 s      
State: <test>
	iter    Loss        MAE         MAPE        RMSE        Speed (/iter)   Time Cost   
	0000    0.2433      0.2433      213.3284%   0.6539      0.0817 s        0.08 s      
Info Report: <Epoch 022> 
	State   Avg. Loss   Avg. MAE    Avg. MAPE   Avg. RMSE   Time Cost   
	train   0.2408      0.2408      185.6151%   0.5148      90.78 s     
	vali    0.2468      0.2468      178.0364%   0.6458      2.85 s      
	test    0.2914      0.2914      201.2282%   0.7180      6.63 s      
<Latest 5>	18          19          20          21          22          
    Loss	0.2950      0.2932      0.2932      0.2921      0.2914      

Epoch: 023
State: <train>
	iter    Loss        MAE         MAPE        RMSE        Speed (/iter)   Time Cost   
	0000    0.2417      0.2417      183.5106%   0.5195      0.2184 s        0.22 s      
	0100    0.2395      0.2395      184.7348%   0.5127      0.2398 s        24.20 s     
	0200    0.2401      0.2401      185.1646%   0.5140      0.2524 s        49.44 s     
	0300    0.2393      0.2393      184.6616%   0.5131      0.2316 s        72.59 s     
State: <vali>
	iter    Loss        MAE         MAPE        RMSE        Speed (/iter)   Time Cost   
	0000    0.2423      0.2423      177.0634%   0.6418      0.0763 s        0.08 s      
State: <test>
	iter    Loss        MAE         MAPE        RMSE        Speed (/iter)   Time Cost   
	0000    0.2397      0.2397      213.8520%   0.6496      0.0750 s        0.07 s      
Info Report: <Epoch 023> 
	State   Avg. Loss   Avg. MAE    Avg. MAPE   Avg. RMSE   Time Cost   
	train   0.2397      0.2397      184.8397%   0.5136      90.15 s     
	vali    0.2465      0.2465      178.4243%   0.6446      3.20 s      
	test    0.2907      0.2907      201.5268%   0.7165      7.49 s      
<Latest 5>	19          20          21          22          23          
    Loss	0.2932      0.2932      0.2921      0.2914      0.2907      

Epoch: 024
State: <train>
	iter    Loss        MAE         MAPE        RMSE        Speed (/iter)   Time Cost   
	0000    0.2354      0.2354      185.2828%   0.5098      0.2538 s        0.25 s      
	0100    0.2382      0.2382      184.0452%   0.5118      0.2536 s        25.61 s     
	0200    0.2385      0.2385      183.7808%   0.5123      0.2247 s        48.08 s     
	0300    0.2388      0.2388      184.0279%   0.5127      0.2476 s        72.83 s     
State: <vali>
	iter    Loss        MAE         MAPE        RMSE        Speed (/iter)   Time Cost   
	0000    0.2444      0.2444      173.6504%   0.6369      0.0861 s        0.09 s      
State: <test>
	iter    Loss        MAE         MAPE        RMSE        Speed (/iter)   Time Cost   
	0000    0.2407      0.2407      213.2174%   0.6513      0.0814 s        0.08 s      
Info Report: <Epoch 024> 
	State   Avg. Loss   Avg. MAE    Avg. MAPE   Avg. RMSE   Time Cost   
	train   0.2387      0.2387      184.0852%   0.5124      91.52 s     
	vali    0.2464      0.2464      177.9918%   0.6451      3.20 s      
	test    0.2908      0.2908      200.7807%   0.7166      7.49 s      
<Latest 5>	20          21          22          23          24          
    Loss	0.2932      0.2921      0.2914      0.2907      0.2908      

Epoch: 025
State: <train>
	iter    Loss        MAE         MAPE        RMSE        Speed (/iter)   Time Cost   
	0000    0.2292      0.2292      176.9347%   0.5027      0.2661 s        0.27 s      
	0100    0.2381      0.2381      183.9412%   0.5112      0.2259 s        22.86 s     
	0200    0.2377      0.2377      183.1596%   0.5110      0.2474 s        47.60 s     
	0300    0.2372      0.2372      182.6544%   0.5113      0.2534 s        72.94 s     
State: <vali>
	iter    Loss        MAE         MAPE        RMSE        Speed (/iter)   Time Cost   
	0000    0.2474      0.2474      169.9598%   0.6415      0.0816 s        0.08 s      
State: <test>
	iter    Loss        MAE         MAPE        RMSE        Speed (/iter)   Time Cost   
	0000    0.2404      0.2404      214.3942%   0.6511      0.0676 s        0.07 s      
Info Report: <Epoch 025> 
	State   Avg. Loss   Avg. MAE    Avg. MAPE   Avg. RMSE   Time Cost   
	train   0.2377      0.2377      183.2211%   0.5112      90.13 s     
	vali    0.2463      0.2463      177.9951%   0.6446      2.85 s      
	test    0.2903      0.2903      200.7322%   0.7163      6.64 s      
<Latest 5>	21          22          23          24          25          
    Loss	0.2921      0.2914      0.2907      0.2908      0.2903      

Epoch: 026
State: <train>
	iter    Loss        MAE         MAPE        RMSE        Speed (/iter)   Time Cost   
	0000    0.2413      0.2413      197.6803%   0.5194      0.2357 s        0.24 s      
	0100    0.2371      0.2371      183.2387%   0.5103      0.2469 s        24.93 s     
	0200    0.2364      0.2364      181.7806%   0.5096      0.2463 s        49.56 s     
	0300    0.2365      0.2365      182.0899%   0.5102      0.2379 s        73.35 s     
State: <vali>
	iter    Loss        MAE         MAPE        RMSE        Speed (/iter)   Time Cost   
	0000    0.2457      0.2457      173.2812%   0.6429      0.0839 s        0.08 s      
State: <test>
	iter    Loss        MAE         MAPE        RMSE        Speed (/iter)   Time Cost   
	0000    0.2410      0.2410      214.5291%   0.6531      0.0854 s        0.09 s      
Info Report: <Epoch 026> 
	State   Avg. Loss   Avg. MAE    Avg. MAPE   Avg. RMSE   Time Cost   
	train   0.2367      0.2367      182.4239%   0.5101      90.95 s     
	vali    0.2448      0.2448      176.5712%   0.6435      3.21 s      
	test    0.2889      0.2889      199.3670%   0.7149      7.51 s      
<Latest 5>	22          23          24          25          26          
    Loss	0.2914      0.2907      0.2908      0.2903      0.2889      

Epoch: 027
State: <train>
	iter    Loss        MAE         MAPE        RMSE        Speed (/iter)   Time Cost   
	0000    0.2382      0.2382      178.7494%   0.5129      0.2673 s        0.27 s      
	0100    0.2365      0.2365      182.2937%   0.5103      0.2395 s        24.21 s     
	0200    0.2351      0.2351      181.0466%   0.5077      0.2450 s        48.71 s     
	0300    0.2358      0.2358      181.7322%   0.5094      0.2413 s        72.84 s     
State: <vali>
	iter    Loss        MAE         MAPE        RMSE        Speed (/iter)   Time Cost   
	0000    0.2448      0.2448      178.9725%   0.6541      0.0738 s        0.07 s      
State: <test>
	iter    Loss        MAE         MAPE        RMSE        Speed (/iter)   Time Cost   
	0000    0.2382      0.2382      214.1578%   0.6489      0.0477 s        0.05 s      
Info Report: <Epoch 027> 
	State   Avg. Loss   Avg. MAE    Avg. MAPE   Avg. RMSE   Time Cost   
	train   0.2358      0.2358      181.7375%   0.5090      90.47 s     
	vali    0.2445      0.2445      178.5342%   0.6424      2.37 s      
	test    0.2884      0.2884      201.6880%   0.7134      4.34 s      
<Latest 5>	23          24          25          26          27          
    Loss	0.2907      0.2908      0.2903      0.2889      0.2884      

Epoch: 028
State: <train>
	iter    Loss        MAE         MAPE        RMSE        Speed (/iter)   Time Cost   
	0000    0.2362      0.2362      177.6061%   0.5154      0.1540 s        0.15 s      
	0100    0.2351      0.2351      180.8191%   0.5084      0.1479 s        14.95 s     
	0200    0.2355      0.2355      181.4398%   0.5085      0.1438 s        29.32 s     
	0300    0.2351      0.2351      181.5769%   0.5075      0.1554 s        44.86 s     
State: <vali>
	iter    Loss        MAE         MAPE        RMSE        Speed (/iter)   Time Cost   
	0000    0.2500      0.2500      175.4082%   0.6575      0.0433 s        0.04 s      
State: <test>
	iter    Loss        MAE         MAPE        RMSE        Speed (/iter)   Time Cost   
	0000    0.2372      0.2372      214.0951%   0.6479      0.0455 s        0.05 s      
Info Report: <Epoch 028> 
	State   Avg. Loss   Avg. MAE    Avg. MAPE   Avg. RMSE   Time Cost   
	train   0.2349      0.2349      181.0834%   0.5081      56.16 s     
	vali    0.2438      0.2438      176.8649%   0.6420      1.76 s      
	test    0.2879      0.2879      200.4176%   0.7132      3.99 s      
<Latest 5>	24          25          26          27          28          
    Loss	0.2908      0.2903      0.2889      0.2884      0.2879      

Epoch: 029
State: <train>
	iter    Loss        MAE         MAPE        RMSE        Speed (/iter)   Time Cost   
	0000    0.2309      0.2309      183.2372%   0.4936      0.1349 s        0.13 s      
	0100    0.2353      0.2353      182.3863%   0.5081      0.1434 s        14.48 s     
	0200    0.2334      0.2334      179.0506%   0.5063      0.1557 s        30.05 s     
	0300    0.2337      0.2337      179.8732%   0.5069      0.1501 s        45.06 s     
State: <vali>
	iter    Loss        MAE         MAPE        RMSE        Speed (/iter)   Time Cost   
	0000    0.2469      0.2469      192.9352%   0.6451      0.0412 s        0.04 s      
State: <test>
	iter    Loss        MAE         MAPE        RMSE        Speed (/iter)   Time Cost   
	0000    0.2368      0.2368      213.1927%   0.6478      0.0417 s        0.04 s      
Info Report: <Epoch 029> 
	State   Avg. Loss   Avg. MAE    Avg. MAPE   Avg. RMSE   Time Cost   
	train   0.2342      0.2342      180.4673%   0.5073      55.56 s     
	vali    0.2435      0.2435      176.6358%   0.6416      1.61 s      
	test    0.2877      0.2877      199.9228%   0.7127      4.19 s      
<Latest 5>	25          26          27          28          29          
    Loss	0.2903      0.2889      0.2884      0.2879      0.2877      

Epoch: 030
State: <train>
	iter    Loss        MAE         MAPE        RMSE        Speed (/iter)   Time Cost   
	0000    0.2282      0.2282      172.3701%   0.5033      0.1546 s        0.15 s      
	0100    0.2331      0.2331      178.7752%   0.5065      0.1556 s        15.72 s     
	0200    0.2337      0.2337      180.3383%   0.5061      0.1498 s        30.69 s     
	0300    0.2335      0.2335      180.2826%   0.5068      0.1421 s        44.91 s     
State: <vali>
	iter    Loss        MAE         MAPE        RMSE        Speed (/iter)   Time Cost   
	0000    0.2420      0.2420      176.0286%   0.6247      0.0473 s        0.05 s      
State: <test>
	iter    Loss        MAE         MAPE        RMSE        Speed (/iter)   Time Cost   
	0000    0.2358      0.2358      213.9098%   0.6481      0.0432 s        0.04 s      
Info Report: <Epoch 030> 
	State   Avg. Loss   Avg. MAE    Avg. MAPE   Avg. RMSE   Time Cost   
	train   0.2334      0.2334      179.8258%   0.5062      56.33 s     
	vali    0.2438      0.2438      178.1286%   0.6416      1.85 s      
	test    0.2877      0.2877      200.8809%   0.7127      4.31 s      
<Latest 5>	26          27          28          29          30          
    Loss	0.2889      0.2884      0.2879      0.2877      0.2877      

Epoch: 031
State: <train>
	iter    Loss        MAE         MAPE        RMSE        Speed (/iter)   Time Cost   
	0000    0.2382      0.2382      188.4694%   0.5130      0.1553 s        0.16 s      
	0100    0.2329      0.2329      180.0611%   0.5053      0.1484 s        15.00 s     
	0200    0.2332      0.2332      180.0357%   0.5059      0.1439 s        29.38 s     
	0300    0.2322      0.2322      178.5218%   0.5051      0.1543 s        44.81 s     
State: <vali>
	iter    Loss        MAE         MAPE        RMSE        Speed (/iter)   Time Cost   
	0000    0.2374      0.2374      171.7697%   0.6293      0.0433 s        0.04 s      
State: <test>
	iter    Loss        MAE         MAPE        RMSE        Speed (/iter)   Time Cost   
	0000    0.2374      0.2374      213.8674%   0.6496      0.0466 s        0.05 s      
Info Report: <Epoch 031> 
	State   Avg. Loss   Avg. MAE    Avg. MAPE   Avg. RMSE   Time Cost   
	train   0.2327      0.2327      179.3389%   0.5055      55.86 s     
	vali    0.2429      0.2429      176.0564%   0.6407      1.77 s      
	test    0.2870      0.2870      199.4736%   0.7119      4.08 s      
<Latest 5>	27          28          29          30          31          
    Loss	0.2884      0.2879      0.2877      0.2877      0.2870      

Epoch: 032
State: <train>
	iter    Loss        MAE         MAPE        RMSE        Speed (/iter)   Time Cost   
	0000    0.2243      0.2243      166.3462%   0.4937      0.1551 s        0.16 s      
	0100    0.2316      0.2316      178.9394%   0.5038      0.1460 s        14.76 s     
	0200    0.2318      0.2318      178.0329%   0.5047      0.1515 s        29.91 s     
	0300    0.2318      0.2318      178.9215%   0.5042      0.1493 s        44.84 s     
State: <vali>
	iter    Loss        MAE         MAPE        RMSE        Speed (/iter)   Time Cost   
	0000    0.2456      0.2456      176.5918%   0.6339      0.0395 s        0.04 s      
State: <test>
	iter    Loss        MAE         MAPE        RMSE        Speed (/iter)   Time Cost   
	0000    0.2357      0.2357      213.1972%   0.6493      0.0405 s        0.04 s      
Info Report: <Epoch 032> 
	State   Avg. Loss   Avg. MAE    Avg. MAPE   Avg. RMSE   Time Cost   
	train   0.2319      0.2319      178.7490%   0.5045      56.27 s     
	vali    0.2423      0.2423      175.9282%   0.6406      1.61 s      
	test    0.2863      0.2863      199.3388%   0.7119      3.75 s      
<Latest 5>	28          29          30          31          32          
    Loss	0.2879      0.2877      0.2877      0.2870      0.2863      

Epoch: 033
State: <train>
	iter    Loss        MAE         MAPE        RMSE        Speed (/iter)   Time Cost   
	0000    0.2297      0.2297      176.2722%   0.5060      0.1372 s        0.14 s      
	0100    0.2313      0.2313      177.9034%   0.5037      0.1512 s        15.26 s     
	0200    0.2312      0.2312      178.5064%   0.5034      0.1488 s        30.14 s     
	0300    0.2315      0.2315      178.3461%   0.5044      0.1523 s        45.37 s     
State: <vali>
	iter    Loss        MAE         MAPE        RMSE        Speed (/iter)   Time Cost   
	0000    0.2454      0.2454      186.1853%   0.6494      0.0504 s        0.05 s      
State: <test>
	iter    Loss        MAE         MAPE        RMSE        Speed (/iter)   Time Cost   
	0000    0.2355      0.2355      213.3817%   0.6494      0.0501 s        0.05 s      
Info Report: <Epoch 033> 
	State   Avg. Loss   Avg. MAE    Avg. MAPE   Avg. RMSE   Time Cost   
	train   0.2313      0.2313      178.2730%   0.5039      55.89 s     
	vali    0.2423      0.2423      175.9363%   0.6407      1.84 s      
	test    0.2866      0.2866      198.7944%   0.7123      4.33 s      
<Latest 5>	29          30          31          32          33          
    Loss	0.2877      0.2877      0.2870      0.2863      0.2866      

Epoch: 034
State: <train>
	iter    Loss        MAE         MAPE        RMSE        Speed (/iter)   Time Cost   
	0000    0.2314      0.2314      174.1772%   0.5149      0.1564 s        0.16 s      
	0100    0.2307      0.2307      178.4742%   0.5025      0.1485 s        15.00 s     
	0200    0.2307      0.2307      177.7557%   0.5039      0.1530 s        30.30 s     
	0300    0.2306      0.2306      177.6614%   0.5029      0.1454 s        44.84 s     
State: <vali>
	iter    Loss        MAE         MAPE        RMSE        Speed (/iter)   Time Cost   
	0000    0.2404      0.2404      177.0494%   0.6409      0.0434 s        0.04 s      
State: <test>
	iter    Loss        MAE         MAPE        RMSE        Speed (/iter)   Time Cost   
	0000    0.2338      0.2338      213.6452%   0.6471      0.0467 s        0.05 s      
Info Report: <Epoch 034> 
	State   Avg. Loss   Avg. MAE    Avg. MAPE   Avg. RMSE   Time Cost   
	train   0.2306      0.2306      177.7172%   0.5031      55.99 s     
	vali    0.2421      0.2421      175.0744%   0.6405      1.74 s      
	test    0.2863      0.2863      198.5147%   0.7118      4.13 s      
<Latest 5>	30          31          32          33          34          
    Loss	0.2877      0.2870      0.2863      0.2866      0.2863      

Epoch: 035
State: <train>
	iter    Loss        MAE         MAPE        RMSE        Speed (/iter)   Time Cost   
	0000    0.2293      0.2293      172.7809%   0.4961      0.1583 s        0.16 s      
	0100    0.2296      0.2296      177.0937%   0.5014      0.1542 s        15.58 s     
	0200    0.2303      0.2303      176.6419%   0.5035      0.1446 s        30.03 s     
	0300    0.2299      0.2299      177.4939%   0.5021      0.1490 s        44.93 s     
State: <vali>
	iter    Loss        MAE         MAPE        RMSE        Speed (/iter)   Time Cost   
	0000    0.2395      0.2395      167.5331%   0.6364      0.0392 s        0.04 s      
State: <test>
	iter    Loss        MAE         MAPE        RMSE        Speed (/iter)   Time Cost   
	0000    0.2350      0.2350      214.9903%   0.6483      0.0433 s        0.04 s      
Info Report: <Epoch 035> 
	State   Avg. Loss   Avg. MAE    Avg. MAPE   Avg. RMSE   Time Cost   
	train   0.2299      0.2299      177.1924%   0.5023      55.33 s     
	vali    0.2415      0.2415      175.4135%   0.6397      1.66 s      
	test    0.2855      0.2855      198.7332%   0.7107      3.68 s      
<Latest 5>	31          32          33          34          35          
    Loss	0.2870      0.2863      0.2866      0.2863      0.2855      

Epoch: 036
State: <train>
	iter    Loss        MAE         MAPE        RMSE        Speed (/iter)   Time Cost   
	0000    0.2334      0.2334      180.8486%   0.5107      0.1187 s        0.12 s      
	0100    0.2292      0.2292      176.3946%   0.5015      0.1274 s        12.86 s     
	0200    0.2299      0.2299      178.0241%   0.5018      0.1388 s        26.74 s     
	0300    0.2291      0.2291      176.5527%   0.5011      0.1393 s        40.67 s     
State: <vali>
	iter    Loss        MAE         MAPE        RMSE        Speed (/iter)   Time Cost   
	0000    0.2372      0.2372      167.2467%   0.6267      0.0358 s        0.04 s      
State: <test>
	iter    Loss        MAE         MAPE        RMSE        Speed (/iter)   Time Cost   
	0000    0.2333      0.2333      214.1864%   0.6469      0.0359 s        0.04 s      
Info Report: <Epoch 036> 
	State   Avg. Loss   Avg. MAE    Avg. MAPE   Avg. RMSE   Time Cost   
	train   0.2294      0.2294      176.7628%   0.5017      49.95 s     
	vali    0.2412      0.2412      175.6774%   0.6389      1.37 s      
	test    0.2851      0.2851      198.7375%   0.7102      3.86 s      
<Latest 5>	32          33          34          35          36          
    Loss	0.2863      0.2866      0.2863      0.2855      0.2851      

Epoch: 037
State: <train>
	iter    Loss        MAE         MAPE        RMSE        Speed (/iter)   Time Cost   
	0000    0.2401      0.2401      195.6320%   0.5090      0.1353 s        0.14 s      
	0100    0.2283      0.2283      175.7421%   0.5000      0.1392 s        14.06 s     
	0200    0.2283      0.2283      175.4124%   0.5007      0.1387 s        27.93 s     
	0300    0.2294      0.2294      177.0322%   0.5018      0.1185 s        39.78 s     
State: <vali>
	iter    Loss        MAE         MAPE        RMSE        Speed (/iter)   Time Cost   
	0000    0.2412      0.2412      175.1930%   0.6390      0.0252 s        0.03 s      
State: <test>
	iter    Loss        MAE         MAPE        RMSE        Speed (/iter)   Time Cost   
	0000    0.2350      0.2350      212.6217%   0.6494      0.0247 s        0.02 s      
Info Report: <Epoch 037> 
	State   Avg. Loss   Avg. MAE    Avg. MAPE   Avg. RMSE   Time Cost   
	train   0.2288      0.2288      176.2815%   0.5009      45.79 s     
	vali    0.2409      0.2409      174.4583%   0.6387      0.97 s      
	test    0.2854      0.2854      198.1912%   0.7105      2.25 s      
<Latest 5>	33          34          35          36          37          
    Loss	0.2866      0.2863      0.2855      0.2851      0.2854      

Epoch: 038
State: <train>
	iter    Loss        MAE         MAPE        RMSE        Speed (/iter)   Time Cost   
	0000    0.2279      0.2279      174.1340%   0.4883      0.0811 s        0.08 s      
	0100    0.2277      0.2277      175.7020%   0.4996      0.0809 s        8.17 s      
	0200    0.2290      0.2290      176.8799%   0.5007      0.0808 s        16.25 s     
	0300    0.2287      0.2287      175.7845%   0.5011      0.0808 s        24.34 s     
State: <vali>
	iter    Loss        MAE         MAPE        RMSE        Speed (/iter)   Time Cost   
	0000    0.2373      0.2373      170.8277%   0.6183      0.0253 s        0.03 s      
State: <test>
	iter    Loss        MAE         MAPE        RMSE        Speed (/iter)   Time Cost   
	0000    0.2340      0.2340      211.7177%   0.6472      0.0249 s        0.02 s      
Info Report: <Epoch 038> 
	State   Avg. Loss   Avg. MAE    Avg. MAPE   Avg. RMSE   Time Cost   
	train   0.2283      0.2283      175.9505%   0.5003      30.33 s     
	vali    0.2402      0.2402      174.6291%   0.6377      0.97 s      
	test    0.2842      0.2842      198.3143%   0.7090      2.26 s      
<Latest 5>	34          35          36          37          38          
    Loss	0.2863      0.2855      0.2851      0.2854      0.2842      

Epoch: 039
State: <train>
	iter    Loss        MAE         MAPE        RMSE        Speed (/iter)   Time Cost   
	0000    0.2213      0.2213      165.4615%   0.4912      0.0813 s        0.08 s      
	0100    0.2274      0.2274      174.9471%   0.4991      0.0809 s        8.18 s      
	0200    0.2279      0.2279      176.6053%   0.4997      0.0809 s        16.27 s     
	0300    0.2278      0.2278      174.8755%   0.5003      0.0809 s        24.36 s     
State: <vali>
	iter    Loss        MAE         MAPE        RMSE        Speed (/iter)   Time Cost   
	0000    0.2461      0.2461      189.1636%   0.6624      0.0253 s        0.03 s      
State: <test>
	iter    Loss        MAE         MAPE        RMSE        Speed (/iter)   Time Cost   
	0000    0.2334      0.2334      212.3344%   0.6480      0.0250 s        0.02 s      
Info Report: <Epoch 039> 
	State   Avg. Loss   Avg. MAE    Avg. MAPE   Avg. RMSE   Time Cost   
	train   0.2278      0.2278      175.5141%   0.4997      30.36 s     
	vali    0.2404      0.2404      174.3909%   0.6380      0.97 s      
	test    0.2848      0.2848      198.2694%   0.7096      2.26 s      
<Latest 5>	35          36          37          38          39          
    Loss	0.2855      0.2851      0.2854      0.2842      0.2848      

Epoch: 040
State: <train>
	iter    Loss        MAE         MAPE        RMSE        Speed (/iter)   Time Cost   
	0000    0.2262      0.2262      173.5055%   0.5000      0.0812 s        0.08 s      
	0100    0.2270      0.2270      174.7887%   0.4988      0.0809 s        8.18 s      
	0200    0.2273      0.2273      175.2502%   0.4994      0.0809 s        16.27 s     
	0300    0.2273      0.2273      175.2118%   0.4987      0.0809 s        24.36 s     
State: <vali>
	iter    Loss        MAE         MAPE        RMSE        Speed (/iter)   Time Cost   
	0000    0.2413      0.2413      169.8773%   0.6462      0.0253 s        0.03 s      
State: <test>
	iter    Loss        MAE         MAPE        RMSE        Speed (/iter)   Time Cost   
	0000    0.2341      0.2341      213.4317%   0.6493      0.0249 s        0.02 s      
Info Report: <Epoch 040> 
	State   Avg. Loss   Avg. MAE    Avg. MAPE   Avg. RMSE   Time Cost   
	train   0.2272      0.2272      175.1169%   0.4991      30.36 s     
	vali    0.2396      0.2396      174.5124%   0.6372      0.97 s      
	test    0.2843      0.2843      198.6052%   0.7092      2.27 s      
<Latest 5>	36          37          38          39          40          
    Loss	0.2851      0.2854      0.2842      0.2848      0.2843      

Epoch: 041
State: <train>
	iter    Loss        MAE         MAPE        RMSE        Speed (/iter)   Time Cost   
	0000    0.2243      0.2243      171.4730%   0.4895      0.0812 s        0.08 s      
	0100    0.2270      0.2270      174.8983%   0.4986      0.0810 s        8.18 s      
	0200    0.2264      0.2264      174.8333%   0.4982      0.0810 s        16.27 s     
	0300    0.2268      0.2268      174.5525%   0.4989      0.0809 s        24.37 s     
State: <vali>
	iter    Loss        MAE         MAPE        RMSE        Speed (/iter)   Time Cost   
	0000    0.2342      0.2342      166.3655%   0.6263      0.0253 s        0.03 s      
State: <test>
	iter    Loss        MAE         MAPE        RMSE        Speed (/iter)   Time Cost   
	0000    0.2325      0.2325      213.3829%   0.6468      0.0249 s        0.02 s      
Info Report: <Epoch 041> 
	State   Avg. Loss   Avg. MAE    Avg. MAPE   Avg. RMSE   Time Cost   
	train   0.2267      0.2267      174.6081%   0.4985      30.37 s     
	vali    0.2397      0.2397      174.8407%   0.6370      0.97 s      
	test    0.2835      0.2835      198.5487%   0.7079      2.26 s      
<Latest 5>	37          38          39          40          41          
    Loss	0.2854      0.2842      0.2848      0.2843      0.2835      

Epoch: 042
State: <train>
	iter    Loss        MAE         MAPE        RMSE        Speed (/iter)   Time Cost   
	0000    0.2270      0.2270      179.0394%   0.5077      0.0814 s        0.08 s      
	0100    0.2261      0.2261      174.1885%   0.4975      0.0809 s        8.18 s      
	0200    0.2265      0.2265      174.5274%   0.4988      0.0809 s        16.27 s     
	0300    0.2266      0.2266      174.9478%   0.4981      0.0809 s        24.36 s     
State: <vali>
	iter    Loss        MAE         MAPE        RMSE        Speed (/iter)   Time Cost   
	0000    0.2400      0.2400      172.4478%   0.6440      0.0253 s        0.03 s      
State: <test>
	iter    Loss        MAE         MAPE        RMSE        Speed (/iter)   Time Cost   
	0000    0.2335      0.2335      212.3847%   0.6479      0.0249 s        0.02 s      
Info Report: <Epoch 042> 
	State   Avg. Loss   Avg. MAE    Avg. MAPE   Avg. RMSE   Time Cost   
	train   0.2263      0.2263      174.3721%   0.4980      30.37 s     
	vali    0.2402      0.2402      174.5199%   0.6376      0.97 s      
	test    0.2842      0.2842      198.2673%   0.7088      2.26 s      
<Latest 5>	38          39          40          41          42          
    Loss	0.2842      0.2848      0.2843      0.2835      0.2842      

<Final Report>
	Idx     Avg. MAE    Avg. MAPE   Avg. RMSE   Avg. MSE    
	40      0.28434     198.6052%   71.18632%   0.50675     
	Notes: None
	Training finished!

Script finished. Total runtime: 3435.426581 seconds
